   1               		.file	"mousekey.c"
   2               	__SP_H__ = 0x3e
   3               	__SP_L__ = 0x3d
   4               	__SREG__ = 0x3f
   5               	__RAMPZ__ = 0x3b
   6               	__tmp_reg__ = 0
   7               	__zero_reg__ = 1
   8               		.text
   9               	.Ltext0:
  10               		.cfi_sections	.debug_frame
  11               		.section	.text.move_unit,"ax",@progbits
  13               	move_unit:
  14               	.LFB1:
  15               		.file 1 "../../tmk_core/common/mousekey.c"
   1:../../tmk_core/common/mousekey.c **** /*
   2:../../tmk_core/common/mousekey.c **** Copyright 2011 Jun Wako <wakojun@gmail.com>
   3:../../tmk_core/common/mousekey.c **** 
   4:../../tmk_core/common/mousekey.c **** This program is free software: you can redistribute it and/or modify
   5:../../tmk_core/common/mousekey.c **** it under the terms of the GNU General Public License as published by
   6:../../tmk_core/common/mousekey.c **** the Free Software Foundation, either version 2 of the License, or
   7:../../tmk_core/common/mousekey.c **** (at your option) any later version.
   8:../../tmk_core/common/mousekey.c **** 
   9:../../tmk_core/common/mousekey.c **** This program is distributed in the hope that it will be useful,
  10:../../tmk_core/common/mousekey.c **** but WITHOUT ANY WARRANTY; without even the implied warranty of
  11:../../tmk_core/common/mousekey.c **** MERCHANTABILITY or FITNESS FOR A PARTICULAR PURPOSE.  See the
  12:../../tmk_core/common/mousekey.c **** GNU General Public License for more details.
  13:../../tmk_core/common/mousekey.c **** 
  14:../../tmk_core/common/mousekey.c **** You should have received a copy of the GNU General Public License
  15:../../tmk_core/common/mousekey.c **** along with this program.  If not, see <http://www.gnu.org/licenses/>.
  16:../../tmk_core/common/mousekey.c **** */
  17:../../tmk_core/common/mousekey.c **** 
  18:../../tmk_core/common/mousekey.c **** #include <stdint.h>
  19:../../tmk_core/common/mousekey.c **** #include "keycode.h"
  20:../../tmk_core/common/mousekey.c **** #include "host.h"
  21:../../tmk_core/common/mousekey.c **** #include "timer.h"
  22:../../tmk_core/common/mousekey.c **** #include "print.h"
  23:../../tmk_core/common/mousekey.c **** #include "debug.h"
  24:../../tmk_core/common/mousekey.c **** #include "mousekey.h"
  25:../../tmk_core/common/mousekey.c **** 
  26:../../tmk_core/common/mousekey.c **** 
  27:../../tmk_core/common/mousekey.c **** 
  28:../../tmk_core/common/mousekey.c **** static report_mouse_t mouse_report = {};
  29:../../tmk_core/common/mousekey.c **** static uint8_t mousekey_repeat =  0;
  30:../../tmk_core/common/mousekey.c **** static uint8_t mousekey_accel = 0;
  31:../../tmk_core/common/mousekey.c **** 
  32:../../tmk_core/common/mousekey.c **** static void mousekey_debug(void);
  33:../../tmk_core/common/mousekey.c **** 
  34:../../tmk_core/common/mousekey.c **** 
  35:../../tmk_core/common/mousekey.c **** /*
  36:../../tmk_core/common/mousekey.c ****  * Mouse keys  acceleration algorithm
  37:../../tmk_core/common/mousekey.c ****  *  http://en.wikipedia.org/wiki/Mouse_keys
  38:../../tmk_core/common/mousekey.c ****  *
  39:../../tmk_core/common/mousekey.c ****  *  speed = delta * max_speed * (repeat / time_to_max)**((1000+curve)/1000)
  40:../../tmk_core/common/mousekey.c ****  */
  41:../../tmk_core/common/mousekey.c **** /* milliseconds between the initial key press and first repeated motion event (0-2550) */
  42:../../tmk_core/common/mousekey.c **** uint8_t mk_delay = MOUSEKEY_DELAY/10;
  43:../../tmk_core/common/mousekey.c **** /* milliseconds between repeated motion events (0-255) */
  44:../../tmk_core/common/mousekey.c **** uint8_t mk_interval = MOUSEKEY_INTERVAL;
  45:../../tmk_core/common/mousekey.c **** /* steady speed (in action_delta units) applied each event (0-255) */
  46:../../tmk_core/common/mousekey.c **** uint8_t mk_max_speed = MOUSEKEY_MAX_SPEED;
  47:../../tmk_core/common/mousekey.c **** /* number of events (count) accelerating to steady speed (0-255) */
  48:../../tmk_core/common/mousekey.c **** uint8_t mk_time_to_max = MOUSEKEY_TIME_TO_MAX;
  49:../../tmk_core/common/mousekey.c **** /* ramp used to reach maximum pointer speed (NOT SUPPORTED) */
  50:../../tmk_core/common/mousekey.c **** //int8_t mk_curve = 0;
  51:../../tmk_core/common/mousekey.c **** /* wheel params */
  52:../../tmk_core/common/mousekey.c **** uint8_t mk_wheel_max_speed = MOUSEKEY_WHEEL_MAX_SPEED;
  53:../../tmk_core/common/mousekey.c **** uint8_t mk_wheel_time_to_max = MOUSEKEY_WHEEL_TIME_TO_MAX;
  54:../../tmk_core/common/mousekey.c **** 
  55:../../tmk_core/common/mousekey.c **** 
  56:../../tmk_core/common/mousekey.c **** static uint16_t last_timer = 0;
  57:../../tmk_core/common/mousekey.c **** 
  58:../../tmk_core/common/mousekey.c **** 
  59:../../tmk_core/common/mousekey.c **** static uint8_t move_unit(void)
  60:../../tmk_core/common/mousekey.c **** {
  16               		.loc 1 60 0
  17               		.cfi_startproc
  18               	/* prologue: function */
  19               	/* frame size = 0 */
  20               	/* stack size = 0 */
  21               	.L__stack_usage = 0
  61:../../tmk_core/common/mousekey.c ****     uint16_t unit;
  62:../../tmk_core/common/mousekey.c ****     if (mousekey_accel & (1<<0)) {
  22               		.loc 1 62 0
  23 0000 8091 0000 		lds r24,mousekey_accel
  24 0004 80FF      		sbrs r24,0
  25 0006 00C0      		rjmp .L2
  63:../../tmk_core/common/mousekey.c ****         unit = (MOUSEKEY_MOVE_DELTA * mk_max_speed)/4;
  26               		.loc 1 63 0
  27 0008 6091 0000 		lds r22,mk_max_speed
  28 000c 85E0      		ldi r24,lo8(5)
  29 000e 689F      		mul r22,r24
  30 0010 B001      		movw r22,r0
  31 0012 1124      		clr __zero_reg__
  32 0014 7595      		asr r23
  33 0016 6795      		ror r22
  34 0018 7595      		asr r23
  35 001a 6795      		ror r22
  36               	.LVL0:
  37 001c 00C0      		rjmp .L3
  38               	.LVL1:
  39               	.L2:
  64:../../tmk_core/common/mousekey.c ****     } else if (mousekey_accel & (1<<1)) {
  40               		.loc 1 64 0
  41 001e 81FF      		sbrs r24,1
  42 0020 00C0      		rjmp .L4
  65:../../tmk_core/common/mousekey.c ****         unit = (MOUSEKEY_MOVE_DELTA * mk_max_speed)/2;
  43               		.loc 1 65 0
  44 0022 6091 0000 		lds r22,mk_max_speed
  45 0026 85E0      		ldi r24,lo8(5)
  46 0028 689F      		mul r22,r24
  47 002a B001      		movw r22,r0
  48 002c 1124      		clr __zero_reg__
  49 002e 7595      		asr r23
  50 0030 6795      		ror r22
  51               	.LVL2:
  52 0032 00C0      		rjmp .L3
  53               	.LVL3:
  54               	.L4:
  66:../../tmk_core/common/mousekey.c ****     } else if (mousekey_accel & (1<<2)) {
  55               		.loc 1 66 0
  56 0034 82FF      		sbrs r24,2
  57 0036 00C0      		rjmp .L5
  58               	.L7:
  67:../../tmk_core/common/mousekey.c ****         unit = (MOUSEKEY_MOVE_DELTA * mk_max_speed);
  59               		.loc 1 67 0
  60 0038 6091 0000 		lds r22,mk_max_speed
  61 003c 85E0      		ldi r24,lo8(5)
  62 003e 689F      		mul r22,r24
  63 0040 B001      		movw r22,r0
  64 0042 1124      		clr __zero_reg__
  65               	.LVL4:
  66 0044 00C0      		rjmp .L3
  67               	.LVL5:
  68               	.L5:
  68:../../tmk_core/common/mousekey.c ****     } else if (mousekey_repeat == 0) {
  69               		.loc 1 68 0
  70 0046 4091 0000 		lds r20,mousekey_repeat
  71 004a 4423      		tst r20
  72 004c 01F0      		breq .L9
  69:../../tmk_core/common/mousekey.c ****         unit = MOUSEKEY_MOVE_DELTA;
  70:../../tmk_core/common/mousekey.c ****     } else if (mousekey_repeat >= mk_time_to_max) {
  73               		.loc 1 70 0
  74 004e 6091 0000 		lds r22,mk_time_to_max
  75 0052 4617      		cp r20,r22
  76 0054 00F4      		brsh .L7
  71:../../tmk_core/common/mousekey.c ****         unit = MOUSEKEY_MOVE_DELTA * mk_max_speed;
  72:../../tmk_core/common/mousekey.c ****     } else {
  73:../../tmk_core/common/mousekey.c ****         unit = (MOUSEKEY_MOVE_DELTA * mk_max_speed * mousekey_repeat) / mk_time_to_max;
  77               		.loc 1 73 0
  78 0056 2091 0000 		lds r18,mk_max_speed
  79 005a 85E0      		ldi r24,lo8(5)
  80 005c 289F      		mul r18,r24
  81 005e 9001      		movw r18,r0
  82 0060 1124      		clr __zero_reg__
  83 0062 429F      		mul r20,r18
  84 0064 C001      		movw r24,r0
  85 0066 439F      		mul r20,r19
  86 0068 900D      		add r25,r0
  87 006a 1124      		clr __zero_reg__
  88 006c 70E0      		ldi r23,0
  89 006e 0E94 0000 		call __divmodhi4
  90               	.LVL6:
  91               	.L3:
  74:../../tmk_core/common/mousekey.c ****     }
  75:../../tmk_core/common/mousekey.c ****     return (unit > MOUSEKEY_MOVE_MAX ? MOUSEKEY_MOVE_MAX : (unit == 0 ? 1 : unit));
  92               		.loc 1 75 0
  93 0072 6038      		cpi r22,-128
  94 0074 7105      		cpc r23,__zero_reg__
  95 0076 00F4      		brsh .L10
  96               		.loc 1 75 0 is_stmt 0 discriminator 1
  97 0078 6115      		cp r22,__zero_reg__
  98 007a 7105      		cpc r23,__zero_reg__
  99 007c 01F0      		breq .L11
 100 007e 00C0      		rjmp .L6
 101               	.LVL7:
 102               	.L9:
  69:../../tmk_core/common/mousekey.c ****     } else if (mousekey_repeat >= mk_time_to_max) {
 103               		.loc 1 69 0 is_stmt 1
 104 0080 65E0      		ldi r22,lo8(5)
 105 0082 70E0      		ldi r23,0
 106               	.L6:
 107               		.loc 1 75 0 discriminator 3
 108 0084 862F      		mov r24,r22
 109 0086 0895      		ret
 110               	.LVL8:
 111               	.L10:
 112               		.loc 1 75 0 is_stmt 0
 113 0088 8FE7      		ldi r24,lo8(127)
 114 008a 0895      		ret
 115               	.L11:
 116 008c 81E0      		ldi r24,lo8(1)
  76:../../tmk_core/common/mousekey.c **** }
 117               		.loc 1 76 0 is_stmt 1
 118 008e 0895      		ret
 119               		.cfi_endproc
 120               	.LFE1:
 122               		.section	.text.wheel_unit,"ax",@progbits
 124               	wheel_unit:
 125               	.LFB2:
  77:../../tmk_core/common/mousekey.c **** 
  78:../../tmk_core/common/mousekey.c **** static uint8_t wheel_unit(void)
  79:../../tmk_core/common/mousekey.c **** {
 126               		.loc 1 79 0
 127               		.cfi_startproc
 128               	/* prologue: function */
 129               	/* frame size = 0 */
 130               	/* stack size = 0 */
 131               	.L__stack_usage = 0
  80:../../tmk_core/common/mousekey.c ****     uint16_t unit;
  81:../../tmk_core/common/mousekey.c ****     if (mousekey_accel & (1<<0)) {
 132               		.loc 1 81 0
 133 0000 8091 0000 		lds r24,mousekey_accel
 134 0004 80FF      		sbrs r24,0
 135 0006 00C0      		rjmp .L14
  82:../../tmk_core/common/mousekey.c ****         unit = (MOUSEKEY_WHEEL_DELTA * mk_wheel_max_speed)/4;
 136               		.loc 1 82 0
 137 0008 6091 0000 		lds r22,mk_wheel_max_speed
 138 000c 70E0      		ldi r23,0
 139 000e 7595      		asr r23
 140 0010 6795      		ror r22
 141 0012 7595      		asr r23
 142 0014 6795      		ror r22
 143               	.LVL9:
 144 0016 00C0      		rjmp .L21
 145               	.LVL10:
 146               	.L14:
  83:../../tmk_core/common/mousekey.c ****     } else if (mousekey_accel & (1<<1)) {
 147               		.loc 1 83 0
 148 0018 81FF      		sbrs r24,1
 149 001a 00C0      		rjmp .L16
  84:../../tmk_core/common/mousekey.c ****         unit = (MOUSEKEY_WHEEL_DELTA * mk_wheel_max_speed)/2;
 150               		.loc 1 84 0
 151 001c 6091 0000 		lds r22,mk_wheel_max_speed
 152 0020 70E0      		ldi r23,0
 153 0022 7595      		asr r23
 154 0024 6795      		ror r22
 155               	.LVL11:
 156 0026 00C0      		rjmp .L21
 157               	.LVL12:
 158               	.L16:
  85:../../tmk_core/common/mousekey.c ****     } else if (mousekey_accel & (1<<2)) {
 159               		.loc 1 85 0
 160 0028 82FF      		sbrs r24,2
 161 002a 00C0      		rjmp .L17
 162               	.L19:
  86:../../tmk_core/common/mousekey.c ****         unit = (MOUSEKEY_WHEEL_DELTA * mk_wheel_max_speed);
 163               		.loc 1 86 0
 164 002c 6091 0000 		lds r22,mk_wheel_max_speed
 165 0030 70E0      		ldi r23,0
 166               	.LVL13:
 167 0032 00C0      		rjmp .L18
 168               	.LVL14:
 169               	.L17:
  87:../../tmk_core/common/mousekey.c ****     } else if (mousekey_repeat == 0) {
 170               		.loc 1 87 0
 171 0034 8091 0000 		lds r24,mousekey_repeat
 172 0038 8823      		tst r24
 173 003a 01F0      		breq .L22
  88:../../tmk_core/common/mousekey.c ****         unit = MOUSEKEY_WHEEL_DELTA;
  89:../../tmk_core/common/mousekey.c ****     } else if (mousekey_repeat >= mk_wheel_time_to_max) {
 174               		.loc 1 89 0
 175 003c 6091 0000 		lds r22,mk_wheel_time_to_max
 176 0040 8617      		cp r24,r22
 177 0042 00F4      		brsh .L19
  90:../../tmk_core/common/mousekey.c ****         unit = MOUSEKEY_WHEEL_DELTA * mk_wheel_max_speed;
  91:../../tmk_core/common/mousekey.c ****     } else {
  92:../../tmk_core/common/mousekey.c ****         unit = (MOUSEKEY_WHEEL_DELTA * mk_wheel_max_speed * mousekey_repeat) / mk_wheel_time_to_max
 178               		.loc 1 92 0
 179 0044 9091 0000 		lds r25,mk_wheel_max_speed
 180 0048 989F      		mul r25,r24
 181 004a C001      		movw r24,r0
 182 004c 1124      		clr __zero_reg__
 183 004e 70E0      		ldi r23,0
 184 0050 0E94 0000 		call __divmodhi4
 185               	.LVL15:
 186               	.L18:
  93:../../tmk_core/common/mousekey.c ****     }
  94:../../tmk_core/common/mousekey.c ****     return (unit > MOUSEKEY_WHEEL_MAX ? MOUSEKEY_WHEEL_MAX : (unit == 0 ? 1 : unit));
 187               		.loc 1 94 0
 188 0054 6038      		cpi r22,-128
 189 0056 7105      		cpc r23,__zero_reg__
 190 0058 00F4      		brsh .L23
 191               	.LVL16:
 192               	.L21:
 193               		.loc 1 94 0 is_stmt 0 discriminator 1
 194 005a 6115      		cp r22,__zero_reg__
 195 005c 7105      		cpc r23,__zero_reg__
 196 005e 01F0      		breq .L24
 197               		.loc 1 94 0 discriminator 3
 198 0060 862F      		mov r24,r22
 199 0062 0895      		ret
 200               	.L23:
 201               		.loc 1 94 0
 202 0064 8FE7      		ldi r24,lo8(127)
 203 0066 0895      		ret
 204               	.L24:
 205 0068 81E0      		ldi r24,lo8(1)
 206 006a 0895      		ret
 207               	.LVL17:
 208               	.L22:
  88:../../tmk_core/common/mousekey.c ****     } else if (mousekey_repeat >= mk_wheel_time_to_max) {
 209               		.loc 1 88 0 is_stmt 1
 210 006c 61E0      		ldi r22,lo8(1)
 211 006e 70E0      		ldi r23,0
 212               	.LVL18:
 213 0070 00C0      		rjmp .L21
 214               		.cfi_endproc
 215               	.LFE2:
 217               		.section	.text.mousekey_on,"ax",@progbits
 218               	.global	mousekey_on
 220               	mousekey_on:
 221               	.LFB4:
  95:../../tmk_core/common/mousekey.c **** }
  96:../../tmk_core/common/mousekey.c **** 
  97:../../tmk_core/common/mousekey.c **** void mousekey_task(void)
  98:../../tmk_core/common/mousekey.c **** {
  99:../../tmk_core/common/mousekey.c ****     if (timer_elapsed(last_timer) < (mousekey_repeat ? mk_interval : mk_delay*10))
 100:../../tmk_core/common/mousekey.c ****         return;
 101:../../tmk_core/common/mousekey.c **** 
 102:../../tmk_core/common/mousekey.c ****     if (mouse_report.x == 0 && mouse_report.y == 0 && mouse_report.v == 0 && mouse_report.h == 0)
 103:../../tmk_core/common/mousekey.c ****         return;
 104:../../tmk_core/common/mousekey.c **** 
 105:../../tmk_core/common/mousekey.c ****     if (mousekey_repeat != UINT8_MAX)
 106:../../tmk_core/common/mousekey.c ****         mousekey_repeat++;
 107:../../tmk_core/common/mousekey.c **** 
 108:../../tmk_core/common/mousekey.c **** 
 109:../../tmk_core/common/mousekey.c ****     if (mouse_report.x > 0) mouse_report.x = move_unit();
 110:../../tmk_core/common/mousekey.c ****     if (mouse_report.x < 0) mouse_report.x = move_unit() * -1;
 111:../../tmk_core/common/mousekey.c ****     if (mouse_report.y > 0) mouse_report.y = move_unit();
 112:../../tmk_core/common/mousekey.c ****     if (mouse_report.y < 0) mouse_report.y = move_unit() * -1;
 113:../../tmk_core/common/mousekey.c **** 
 114:../../tmk_core/common/mousekey.c ****     /* diagonal move [1/sqrt(2) = 0.7] */
 115:../../tmk_core/common/mousekey.c ****     if (mouse_report.x && mouse_report.y) {
 116:../../tmk_core/common/mousekey.c ****         mouse_report.x *= 0.7;
 117:../../tmk_core/common/mousekey.c ****         mouse_report.y *= 0.7;
 118:../../tmk_core/common/mousekey.c ****     }
 119:../../tmk_core/common/mousekey.c **** 
 120:../../tmk_core/common/mousekey.c ****     if (mouse_report.v > 0) mouse_report.v = wheel_unit();
 121:../../tmk_core/common/mousekey.c ****     if (mouse_report.v < 0) mouse_report.v = wheel_unit() * -1;
 122:../../tmk_core/common/mousekey.c ****     if (mouse_report.h > 0) mouse_report.h = wheel_unit();
 123:../../tmk_core/common/mousekey.c ****     if (mouse_report.h < 0) mouse_report.h = wheel_unit() * -1;
 124:../../tmk_core/common/mousekey.c **** 
 125:../../tmk_core/common/mousekey.c ****     mousekey_send();
 126:../../tmk_core/common/mousekey.c **** }
 127:../../tmk_core/common/mousekey.c **** 
 128:../../tmk_core/common/mousekey.c **** void mousekey_on(uint8_t code)
 129:../../tmk_core/common/mousekey.c **** {
 222               		.loc 1 129 0
 223               		.cfi_startproc
 224               	.LVL19:
 225               	/* prologue: function */
 226               	/* frame size = 0 */
 227               	/* stack size = 0 */
 228               	.L__stack_usage = 0
 130:../../tmk_core/common/mousekey.c ****     if      (code == KC_MS_UP)       mouse_report.y = move_unit() * -1;
 229               		.loc 1 130 0
 230 0000 803F      		cpi r24,lo8(-16)
 231 0002 01F4      		brne .L27
 232               		.loc 1 130 0 is_stmt 0 discriminator 1
 233 0004 0E94 0000 		call move_unit
 234               	.LVL20:
 235 0008 8195      		neg r24
 236 000a 00C0      		rjmp .L43
 237               	.LVL21:
 238               	.L27:
 131:../../tmk_core/common/mousekey.c ****     else if (code == KC_MS_DOWN)     mouse_report.y = move_unit();
 239               		.loc 1 131 0 is_stmt 1
 240 000c 813F      		cpi r24,lo8(-15)
 241 000e 01F4      		brne .L29
 242               		.loc 1 131 0 is_stmt 0 discriminator 1
 243 0010 0E94 0000 		call move_unit
 244               	.LVL22:
 245               	.L43:
 246 0014 8093 0000 		sts mouse_report+2,r24
 247 0018 0895      		ret
 248               	.LVL23:
 249               	.L29:
 132:../../tmk_core/common/mousekey.c ****     else if (code == KC_MS_LEFT)     mouse_report.x = move_unit() * -1;
 250               		.loc 1 132 0 is_stmt 1
 251 001a 823F      		cpi r24,lo8(-14)
 252 001c 01F4      		brne .L30
 253               		.loc 1 132 0 is_stmt 0 discriminator 1
 254 001e 0E94 0000 		call move_unit
 255               	.LVL24:
 256 0022 8195      		neg r24
 257 0024 00C0      		rjmp .L45
 258               	.LVL25:
 259               	.L30:
 133:../../tmk_core/common/mousekey.c ****     else if (code == KC_MS_RIGHT)    mouse_report.x = move_unit();
 260               		.loc 1 133 0 is_stmt 1
 261 0026 833F      		cpi r24,lo8(-13)
 262 0028 01F4      		brne .L31
 263               		.loc 1 133 0 is_stmt 0 discriminator 1
 264 002a 0E94 0000 		call move_unit
 265               	.LVL26:
 266               	.L45:
 267 002e 8093 0000 		sts mouse_report+1,r24
 268 0032 0895      		ret
 269               	.LVL27:
 270               	.L31:
 134:../../tmk_core/common/mousekey.c ****     else if (code == KC_MS_WH_UP)    mouse_report.v = wheel_unit();
 271               		.loc 1 134 0 is_stmt 1
 272 0034 893F      		cpi r24,lo8(-7)
 273 0036 01F4      		brne .L32
 274               		.loc 1 134 0 is_stmt 0 discriminator 1
 275 0038 0E94 0000 		call wheel_unit
 276               	.LVL28:
 277 003c 00C0      		rjmp .L47
 278               	.LVL29:
 279               	.L32:
 135:../../tmk_core/common/mousekey.c ****     else if (code == KC_MS_WH_DOWN)  mouse_report.v = wheel_unit() * -1;
 280               		.loc 1 135 0 is_stmt 1
 281 003e 8A3F      		cpi r24,lo8(-6)
 282 0040 01F4      		brne .L33
 283               		.loc 1 135 0 is_stmt 0 discriminator 1
 284 0042 0E94 0000 		call wheel_unit
 285               	.LVL30:
 286 0046 8195      		neg r24
 287               	.L47:
 288 0048 8093 0000 		sts mouse_report+3,r24
 289 004c 0895      		ret
 290               	.LVL31:
 291               	.L33:
 136:../../tmk_core/common/mousekey.c ****     else if (code == KC_MS_WH_LEFT)  mouse_report.h = wheel_unit() * -1;
 292               		.loc 1 136 0 is_stmt 1
 293 004e 8B3F      		cpi r24,lo8(-5)
 294 0050 01F4      		brne .L34
 295               		.loc 1 136 0 is_stmt 0 discriminator 1
 296 0052 0E94 0000 		call wheel_unit
 297               	.LVL32:
 298 0056 8195      		neg r24
 299 0058 00C0      		rjmp .L48
 300               	.LVL33:
 301               	.L34:
 137:../../tmk_core/common/mousekey.c ****     else if (code == KC_MS_WH_RIGHT) mouse_report.h = wheel_unit();
 302               		.loc 1 137 0 is_stmt 1
 303 005a 8C3F      		cpi r24,lo8(-4)
 304 005c 01F4      		brne .L35
 305               		.loc 1 137 0 is_stmt 0 discriminator 1
 306 005e 0E94 0000 		call wheel_unit
 307               	.LVL34:
 308               	.L48:
 309 0062 8093 0000 		sts mouse_report+4,r24
 310 0066 0895      		ret
 311               	.LVL35:
 312               	.L35:
 138:../../tmk_core/common/mousekey.c ****     else if (code == KC_MS_BTN1)     mouse_report.buttons |= MOUSE_BTN1;
 313               		.loc 1 138 0 is_stmt 1
 314 0068 843F      		cpi r24,lo8(-12)
 315 006a 01F4      		brne .L36
 316               		.loc 1 138 0 is_stmt 0 discriminator 1
 317 006c 8091 0000 		lds r24,mouse_report
 318               	.LVL36:
 319 0070 8160      		ori r24,lo8(1)
 320 0072 00C0      		rjmp .L46
 321               	.LVL37:
 322               	.L36:
 139:../../tmk_core/common/mousekey.c ****     else if (code == KC_MS_BTN2)     mouse_report.buttons |= MOUSE_BTN2;
 323               		.loc 1 139 0 is_stmt 1
 324 0074 853F      		cpi r24,lo8(-11)
 325 0076 01F4      		brne .L37
 326               		.loc 1 139 0 is_stmt 0 discriminator 1
 327 0078 8091 0000 		lds r24,mouse_report
 328               	.LVL38:
 329 007c 8260      		ori r24,lo8(2)
 330 007e 00C0      		rjmp .L46
 331               	.LVL39:
 332               	.L37:
 140:../../tmk_core/common/mousekey.c ****     else if (code == KC_MS_BTN3)     mouse_report.buttons |= MOUSE_BTN3;
 333               		.loc 1 140 0 is_stmt 1
 334 0080 863F      		cpi r24,lo8(-10)
 335 0082 01F4      		brne .L38
 336               		.loc 1 140 0 is_stmt 0 discriminator 1
 337 0084 8091 0000 		lds r24,mouse_report
 338               	.LVL40:
 339 0088 8460      		ori r24,lo8(4)
 340 008a 00C0      		rjmp .L46
 341               	.LVL41:
 342               	.L38:
 141:../../tmk_core/common/mousekey.c ****     else if (code == KC_MS_BTN4)     mouse_report.buttons |= MOUSE_BTN4;
 343               		.loc 1 141 0 is_stmt 1
 344 008c 873F      		cpi r24,lo8(-9)
 345 008e 01F4      		brne .L39
 346               		.loc 1 141 0 is_stmt 0 discriminator 1
 347 0090 8091 0000 		lds r24,mouse_report
 348               	.LVL42:
 349 0094 8860      		ori r24,lo8(8)
 350 0096 00C0      		rjmp .L46
 351               	.LVL43:
 352               	.L39:
 142:../../tmk_core/common/mousekey.c ****     else if (code == KC_MS_BTN5)     mouse_report.buttons |= MOUSE_BTN5;
 353               		.loc 1 142 0 is_stmt 1
 354 0098 883F      		cpi r24,lo8(-8)
 355 009a 01F4      		brne .L40
 356               		.loc 1 142 0 is_stmt 0 discriminator 1
 357 009c 8091 0000 		lds r24,mouse_report
 358               	.LVL44:
 359 00a0 8061      		ori r24,lo8(16)
 360               	.L46:
 361 00a2 8093 0000 		sts mouse_report,r24
 362 00a6 0895      		ret
 363               	.LVL45:
 364               	.L40:
 143:../../tmk_core/common/mousekey.c ****     else if (code == KC_MS_ACCEL0)   mousekey_accel |= (1<<0);
 365               		.loc 1 143 0 is_stmt 1
 366 00a8 8D3F      		cpi r24,lo8(-3)
 367 00aa 01F4      		brne .L41
 368               		.loc 1 143 0 is_stmt 0 discriminator 1
 369 00ac 8091 0000 		lds r24,mousekey_accel
 370               	.LVL46:
 371 00b0 8160      		ori r24,lo8(1)
 372 00b2 00C0      		rjmp .L44
 373               	.LVL47:
 374               	.L41:
 144:../../tmk_core/common/mousekey.c ****     else if (code == KC_MS_ACCEL1)   mousekey_accel |= (1<<1);
 375               		.loc 1 144 0 is_stmt 1
 376 00b4 8E3F      		cpi r24,lo8(-2)
 377 00b6 01F4      		brne .L42
 378               		.loc 1 144 0 is_stmt 0 discriminator 1
 379 00b8 8091 0000 		lds r24,mousekey_accel
 380               	.LVL48:
 381 00bc 8260      		ori r24,lo8(2)
 382 00be 00C0      		rjmp .L44
 383               	.LVL49:
 384               	.L42:
 145:../../tmk_core/common/mousekey.c ****     else if (code == KC_MS_ACCEL2)   mousekey_accel |= (1<<2);
 385               		.loc 1 145 0 is_stmt 1
 386 00c0 8F3F      		cpi r24,lo8(-1)
 387 00c2 01F4      		brne .L26
 388               		.loc 1 145 0 is_stmt 0 discriminator 1
 389 00c4 8091 0000 		lds r24,mousekey_accel
 390               	.LVL50:
 391 00c8 8460      		ori r24,lo8(4)
 392               	.L44:
 393 00ca 8093 0000 		sts mousekey_accel,r24
 394               	.L26:
 395 00ce 0895      		ret
 396               		.cfi_endproc
 397               	.LFE4:
 399               		.section	.text.mousekey_off,"ax",@progbits
 400               	.global	mousekey_off
 402               	mousekey_off:
 403               	.LFB5:
 146:../../tmk_core/common/mousekey.c **** }
 147:../../tmk_core/common/mousekey.c **** 
 148:../../tmk_core/common/mousekey.c **** void mousekey_off(uint8_t code)
 149:../../tmk_core/common/mousekey.c **** {
 404               		.loc 1 149 0 is_stmt 1
 405               		.cfi_startproc
 406               	.LVL51:
 407               	/* prologue: function */
 408               	/* frame size = 0 */
 409               	/* stack size = 0 */
 410               	.L__stack_usage = 0
 150:../../tmk_core/common/mousekey.c ****     if      (code == KC_MS_UP       && mouse_report.y < 0) mouse_report.y = 0;
 411               		.loc 1 150 0
 412 0000 803F      		cpi r24,lo8(-16)
 413 0002 01F4      		brne .L50
 414               		.loc 1 150 0 is_stmt 0 discriminator 1
 415 0004 8091 0000 		lds r24,mouse_report+2
 416               	.LVL52:
 417 0008 87FF      		sbrs r24,7
 418 000a 00C0      		rjmp .L52
 419               	.L54:
 420 000c 1092 0000 		sts mouse_report+2,__zero_reg__
 421 0010 00C0      		rjmp .L52
 422               	.LVL53:
 423               	.L50:
 151:../../tmk_core/common/mousekey.c ****     else if (code == KC_MS_DOWN     && mouse_report.y > 0) mouse_report.y = 0;
 424               		.loc 1 151 0 is_stmt 1
 425 0012 813F      		cpi r24,lo8(-15)
 426 0014 01F4      		brne .L53
 427               		.loc 1 151 0 is_stmt 0 discriminator 1
 428 0016 8091 0000 		lds r24,mouse_report+2
 429               	.LVL54:
 430 001a 1816      		cp __zero_reg__,r24
 431 001c 04F0      		brlt .L54
 432 001e 00C0      		rjmp .L52
 433               	.LVL55:
 434               	.L53:
 435 0020 9091 0000 		lds r25,mouse_report+1
 152:../../tmk_core/common/mousekey.c ****     else if (code == KC_MS_LEFT     && mouse_report.x < 0) mouse_report.x = 0;
 436               		.loc 1 152 0 is_stmt 1
 437 0024 823F      		cpi r24,lo8(-14)
 438 0026 01F4      		brne .L55
 439               		.loc 1 152 0 is_stmt 0 discriminator 1
 440 0028 97FF      		sbrs r25,7
 441 002a 00C0      		rjmp .L52
 442               	.L58:
 443 002c 1092 0000 		sts mouse_report+1,__zero_reg__
 444 0030 00C0      		rjmp .L52
 445               	.L55:
 153:../../tmk_core/common/mousekey.c ****     else if (code == KC_MS_RIGHT    && mouse_report.x > 0) mouse_report.x = 0;
 446               		.loc 1 153 0 is_stmt 1
 447 0032 833F      		cpi r24,lo8(-13)
 448 0034 01F4      		brne .L57
 449               		.loc 1 153 0 is_stmt 0 discriminator 1
 450 0036 1916      		cp __zero_reg__,r25
 451 0038 04F0      		brlt .L58
 452 003a 00C0      		rjmp .L52
 453               	.L57:
 154:../../tmk_core/common/mousekey.c ****     else if (code == KC_MS_WH_UP    && mouse_report.v > 0) mouse_report.v = 0;
 454               		.loc 1 154 0 is_stmt 1
 455 003c 893F      		cpi r24,lo8(-7)
 456 003e 01F4      		brne .L51
 457               		.loc 1 154 0 is_stmt 0 discriminator 1
 458 0040 8091 0000 		lds r24,mouse_report+3
 459               	.LVL56:
 460 0044 1816      		cp __zero_reg__,r24
 461 0046 04F0      		brlt .+2
 462 0048 00C0      		rjmp .L52
 463               	.L62:
 464 004a 1092 0000 		sts mouse_report+3,__zero_reg__
 465 004e 00C0      		rjmp .L52
 466               	.LVL57:
 467               	.L51:
 155:../../tmk_core/common/mousekey.c ****     else if (code == KC_MS_WH_DOWN  && mouse_report.v < 0) mouse_report.v = 0;
 468               		.loc 1 155 0 is_stmt 1
 469 0050 8A3F      		cpi r24,lo8(-6)
 470 0052 01F4      		brne .L61
 471               		.loc 1 155 0 is_stmt 0 discriminator 1
 472 0054 8091 0000 		lds r24,mouse_report+3
 473               	.LVL58:
 474 0058 87FF      		sbrs r24,7
 475 005a 00C0      		rjmp .L52
 476 005c 00C0      		rjmp .L62
 477               	.LVL59:
 478               	.L61:
 156:../../tmk_core/common/mousekey.c ****     else if (code == KC_MS_WH_LEFT  && mouse_report.h < 0) mouse_report.h = 0;
 479               		.loc 1 156 0 is_stmt 1
 480 005e 8B3F      		cpi r24,lo8(-5)
 481 0060 01F4      		brne .L56
 482               		.loc 1 156 0 is_stmt 0 discriminator 1
 483 0062 8091 0000 		lds r24,mouse_report+4
 484               	.LVL60:
 485 0066 87FF      		sbrs r24,7
 486 0068 00C0      		rjmp .L52
 487               	.L64:
 488 006a 1092 0000 		sts mouse_report+4,__zero_reg__
 489 006e 00C0      		rjmp .L52
 490               	.LVL61:
 491               	.L56:
 157:../../tmk_core/common/mousekey.c ****     else if (code == KC_MS_WH_RIGHT && mouse_report.h > 0) mouse_report.h = 0;
 492               		.loc 1 157 0 is_stmt 1
 493 0070 8C3F      		cpi r24,lo8(-4)
 494 0072 01F4      		brne .L59
 495               		.loc 1 157 0 is_stmt 0 discriminator 1
 496 0074 8091 0000 		lds r24,mouse_report+4
 497               	.LVL62:
 498 0078 1816      		cp __zero_reg__,r24
 499 007a 04F0      		brlt .L64
 500 007c 00C0      		rjmp .L52
 501               	.LVL63:
 502               	.L59:
 158:../../tmk_core/common/mousekey.c ****     else if (code == KC_MS_BTN1) mouse_report.buttons &= ~MOUSE_BTN1;
 503               		.loc 1 158 0 is_stmt 1
 504 007e 843F      		cpi r24,lo8(-12)
 505 0080 01F4      		brne .L60
 506               		.loc 1 158 0 is_stmt 0 discriminator 1
 507 0082 8091 0000 		lds r24,mouse_report
 508               	.LVL64:
 509 0086 8E7F      		andi r24,lo8(-2)
 510 0088 00C0      		rjmp .L72
 511               	.LVL65:
 512               	.L60:
 159:../../tmk_core/common/mousekey.c ****     else if (code == KC_MS_BTN2) mouse_report.buttons &= ~MOUSE_BTN2;
 513               		.loc 1 159 0 is_stmt 1
 514 008a 853F      		cpi r24,lo8(-11)
 515 008c 01F4      		brne .L63
 516               		.loc 1 159 0 is_stmt 0 discriminator 1
 517 008e 8091 0000 		lds r24,mouse_report
 518               	.LVL66:
 519 0092 8D7F      		andi r24,lo8(-3)
 520 0094 00C0      		rjmp .L72
 521               	.LVL67:
 522               	.L63:
 160:../../tmk_core/common/mousekey.c ****     else if (code == KC_MS_BTN3) mouse_report.buttons &= ~MOUSE_BTN3;
 523               		.loc 1 160 0 is_stmt 1
 524 0096 863F      		cpi r24,lo8(-10)
 525 0098 01F4      		brne .L65
 526               		.loc 1 160 0 is_stmt 0 discriminator 1
 527 009a 8091 0000 		lds r24,mouse_report
 528               	.LVL68:
 529 009e 8B7F      		andi r24,lo8(-5)
 530 00a0 00C0      		rjmp .L72
 531               	.LVL69:
 532               	.L65:
 161:../../tmk_core/common/mousekey.c ****     else if (code == KC_MS_BTN4) mouse_report.buttons &= ~MOUSE_BTN4;
 533               		.loc 1 161 0 is_stmt 1
 534 00a2 873F      		cpi r24,lo8(-9)
 535 00a4 01F4      		brne .L66
 536               		.loc 1 161 0 is_stmt 0 discriminator 1
 537 00a6 8091 0000 		lds r24,mouse_report
 538               	.LVL70:
 539 00aa 877F      		andi r24,lo8(-9)
 540 00ac 00C0      		rjmp .L72
 541               	.LVL71:
 542               	.L66:
 162:../../tmk_core/common/mousekey.c ****     else if (code == KC_MS_BTN5) mouse_report.buttons &= ~MOUSE_BTN5;
 543               		.loc 1 162 0 is_stmt 1
 544 00ae 883F      		cpi r24,lo8(-8)
 545 00b0 01F4      		brne .L67
 546               		.loc 1 162 0 is_stmt 0 discriminator 1
 547 00b2 8091 0000 		lds r24,mouse_report
 548               	.LVL72:
 549 00b6 8F7E      		andi r24,lo8(-17)
 550               	.L72:
 551 00b8 8093 0000 		sts mouse_report,r24
 552 00bc 00C0      		rjmp .L52
 553               	.LVL73:
 554               	.L67:
 163:../../tmk_core/common/mousekey.c ****     else if (code == KC_MS_ACCEL0) mousekey_accel &= ~(1<<0);
 555               		.loc 1 163 0 is_stmt 1
 556 00be 8D3F      		cpi r24,lo8(-3)
 557 00c0 01F4      		brne .L68
 558               		.loc 1 163 0 is_stmt 0 discriminator 1
 559 00c2 8091 0000 		lds r24,mousekey_accel
 560               	.LVL74:
 561 00c6 8E7F      		andi r24,lo8(-2)
 562 00c8 00C0      		rjmp .L71
 563               	.LVL75:
 564               	.L68:
 164:../../tmk_core/common/mousekey.c ****     else if (code == KC_MS_ACCEL1) mousekey_accel &= ~(1<<1);
 565               		.loc 1 164 0 is_stmt 1
 566 00ca 8E3F      		cpi r24,lo8(-2)
 567 00cc 01F4      		brne .L69
 568               		.loc 1 164 0 is_stmt 0 discriminator 1
 569 00ce 8091 0000 		lds r24,mousekey_accel
 570               	.LVL76:
 571 00d2 8D7F      		andi r24,lo8(-3)
 572 00d4 00C0      		rjmp .L71
 573               	.LVL77:
 574               	.L69:
 165:../../tmk_core/common/mousekey.c ****     else if (code == KC_MS_ACCEL2) mousekey_accel &= ~(1<<2);
 575               		.loc 1 165 0 is_stmt 1
 576 00d6 8F3F      		cpi r24,lo8(-1)
 577 00d8 01F4      		brne .L52
 578               		.loc 1 165 0 is_stmt 0 discriminator 1
 579 00da 8091 0000 		lds r24,mousekey_accel
 580               	.LVL78:
 581 00de 8B7F      		andi r24,lo8(-5)
 582               	.L71:
 583 00e0 8093 0000 		sts mousekey_accel,r24
 584               	.L52:
 166:../../tmk_core/common/mousekey.c **** 
 167:../../tmk_core/common/mousekey.c ****     if (mouse_report.x == 0 && mouse_report.y == 0 && mouse_report.v == 0 && mouse_report.h == 0)
 585               		.loc 1 167 0 is_stmt 1
 586 00e4 8091 0000 		lds r24,mouse_report+1
 587 00e8 8111      		cpse r24,__zero_reg__
 588 00ea 00C0      		rjmp .L49
 589               		.loc 1 167 0 is_stmt 0 discriminator 1
 590 00ec 8091 0000 		lds r24,mouse_report+2
 591 00f0 8111      		cpse r24,__zero_reg__
 592 00f2 00C0      		rjmp .L49
 593 00f4 8091 0000 		lds r24,mouse_report+3
 594 00f8 8111      		cpse r24,__zero_reg__
 595 00fa 00C0      		rjmp .L49
 596 00fc 8091 0000 		lds r24,mouse_report+4
 597 0100 8111      		cpse r24,__zero_reg__
 598 0102 00C0      		rjmp .L49
 168:../../tmk_core/common/mousekey.c ****         mousekey_repeat = 0;
 599               		.loc 1 168 0 is_stmt 1
 600 0104 1092 0000 		sts mousekey_repeat,__zero_reg__
 601               	.L49:
 602 0108 0895      		ret
 603               		.cfi_endproc
 604               	.LFE5:
 606               		.section	.text.mousekey_send,"ax",@progbits
 607               	.global	mousekey_send
 609               	mousekey_send:
 610               	.LFB6:
 169:../../tmk_core/common/mousekey.c **** }
 170:../../tmk_core/common/mousekey.c **** 
 171:../../tmk_core/common/mousekey.c **** void mousekey_send(void)
 172:../../tmk_core/common/mousekey.c **** {
 611               		.loc 1 172 0
 612               		.cfi_startproc
 613               	/* prologue: function */
 614               	/* frame size = 0 */
 615               	/* stack size = 0 */
 616               	.L__stack_usage = 0
 617               	.LBB19:
 618               	.LBB20:
 173:../../tmk_core/common/mousekey.c ****     mousekey_debug();
 174:../../tmk_core/common/mousekey.c ****     host_mouse_send(&mouse_report);
 175:../../tmk_core/common/mousekey.c ****     last_timer = timer_read();
 176:../../tmk_core/common/mousekey.c **** }
 177:../../tmk_core/common/mousekey.c **** 
 178:../../tmk_core/common/mousekey.c **** void mousekey_clear(void)
 179:../../tmk_core/common/mousekey.c **** {
 180:../../tmk_core/common/mousekey.c ****     mouse_report = (report_mouse_t){};
 181:../../tmk_core/common/mousekey.c ****     mousekey_repeat = 0;
 182:../../tmk_core/common/mousekey.c ****     mousekey_accel = 0;
 183:../../tmk_core/common/mousekey.c **** }
 184:../../tmk_core/common/mousekey.c **** 
 185:../../tmk_core/common/mousekey.c **** static void mousekey_debug(void)
 186:../../tmk_core/common/mousekey.c **** {
 187:../../tmk_core/common/mousekey.c ****     if (!debug_mouse) return;
 619               		.loc 1 187 0
 620 0000 8091 0000 		lds r24,debug_config
 621 0004 83FF      		sbrs r24,3
 622 0006 00C0      		rjmp .L74
 188:../../tmk_core/common/mousekey.c ****     print("mousekey [btn|x y v h](rep/acl): [");
 623               		.loc 1 188 0
 624 0008 80E0      		ldi r24,lo8(__c.2041)
 625 000a 90E0      		ldi r25,hi8(__c.2041)
 626 000c 0E94 0000 		call xputs
 189:../../tmk_core/common/mousekey.c ****     phex(mouse_report.buttons); print("|");
 627               		.loc 1 189 0
 628 0010 8091 0000 		lds r24,mouse_report
 629 0014 1F92      		push __zero_reg__
 630               	.LCFI0:
 631               		.cfi_def_cfa_offset 3
 632 0016 8F93      		push r24
 633               	.LCFI1:
 634               		.cfi_def_cfa_offset 4
 635 0018 80E0      		ldi r24,lo8(__c.2043)
 636 001a 90E0      		ldi r25,hi8(__c.2043)
 637 001c 9F93      		push r25
 638               	.LCFI2:
 639               		.cfi_def_cfa_offset 5
 640 001e 8F93      		push r24
 641               	.LCFI3:
 642               		.cfi_def_cfa_offset 6
 643 0020 0E94 0000 		call __xprintf
 644 0024 80E0      		ldi r24,lo8(__c.2045)
 645 0026 90E0      		ldi r25,hi8(__c.2045)
 646 0028 0E94 0000 		call xputs
 190:../../tmk_core/common/mousekey.c ****     print_decs(mouse_report.x); print(" ");
 647               		.loc 1 190 0
 648 002c 2091 0000 		lds r18,mouse_report+1
 649 0030 822F      		mov r24,r18
 650 0032 9927      		clr r25
 651 0034 87FD      		sbrc r24,7
 652 0036 9095      		com r25
 653 0038 9F93      		push r25
 654               	.LCFI4:
 655               		.cfi_def_cfa_offset 7
 656 003a 2F93      		push r18
 657               	.LCFI5:
 658               		.cfi_def_cfa_offset 8
 659 003c 80E0      		ldi r24,lo8(__c.2047)
 660 003e 90E0      		ldi r25,hi8(__c.2047)
 661 0040 9F93      		push r25
 662               	.LCFI6:
 663               		.cfi_def_cfa_offset 9
 664 0042 8F93      		push r24
 665               	.LCFI7:
 666               		.cfi_def_cfa_offset 10
 667 0044 0E94 0000 		call __xprintf
 668 0048 80E0      		ldi r24,lo8(__c.2049)
 669 004a 90E0      		ldi r25,hi8(__c.2049)
 670 004c 0E94 0000 		call xputs
 191:../../tmk_core/common/mousekey.c ****     print_decs(mouse_report.y); print(" ");
 671               		.loc 1 191 0
 672 0050 2091 0000 		lds r18,mouse_report+2
 673 0054 822F      		mov r24,r18
 674 0056 9927      		clr r25
 675 0058 87FD      		sbrc r24,7
 676 005a 9095      		com r25
 677 005c 9F93      		push r25
 678               	.LCFI8:
 679               		.cfi_def_cfa_offset 11
 680 005e 2F93      		push r18
 681               	.LCFI9:
 682               		.cfi_def_cfa_offset 12
 683 0060 80E0      		ldi r24,lo8(__c.2051)
 684 0062 90E0      		ldi r25,hi8(__c.2051)
 685 0064 9F93      		push r25
 686               	.LCFI10:
 687               		.cfi_def_cfa_offset 13
 688 0066 8F93      		push r24
 689               	.LCFI11:
 690               		.cfi_def_cfa_offset 14
 691 0068 0E94 0000 		call __xprintf
 692 006c 80E0      		ldi r24,lo8(__c.2053)
 693 006e 90E0      		ldi r25,hi8(__c.2053)
 694 0070 0E94 0000 		call xputs
 192:../../tmk_core/common/mousekey.c ****     print_decs(mouse_report.v); print(" ");
 695               		.loc 1 192 0
 696 0074 2091 0000 		lds r18,mouse_report+3
 697 0078 822F      		mov r24,r18
 698 007a 9927      		clr r25
 699 007c 87FD      		sbrc r24,7
 700 007e 9095      		com r25
 701 0080 9F93      		push r25
 702               	.LCFI12:
 703               		.cfi_def_cfa_offset 15
 704 0082 2F93      		push r18
 705               	.LCFI13:
 706               		.cfi_def_cfa_offset 16
 707 0084 80E0      		ldi r24,lo8(__c.2055)
 708 0086 90E0      		ldi r25,hi8(__c.2055)
 709 0088 9F93      		push r25
 710               	.LCFI14:
 711               		.cfi_def_cfa_offset 17
 712 008a 8F93      		push r24
 713               	.LCFI15:
 714               		.cfi_def_cfa_offset 18
 715 008c 0E94 0000 		call __xprintf
 716 0090 80E0      		ldi r24,lo8(__c.2057)
 717 0092 90E0      		ldi r25,hi8(__c.2057)
 718 0094 0E94 0000 		call xputs
 193:../../tmk_core/common/mousekey.c ****     print_decs(mouse_report.h); print("](");
 719               		.loc 1 193 0
 720 0098 2091 0000 		lds r18,mouse_report+4
 721 009c 822F      		mov r24,r18
 722 009e 9927      		clr r25
 723 00a0 87FD      		sbrc r24,7
 724 00a2 9095      		com r25
 725 00a4 9F93      		push r25
 726               	.LCFI16:
 727               		.cfi_def_cfa_offset 19
 728 00a6 2F93      		push r18
 729               	.LCFI17:
 730               		.cfi_def_cfa_offset 20
 731 00a8 80E0      		ldi r24,lo8(__c.2059)
 732 00aa 90E0      		ldi r25,hi8(__c.2059)
 733 00ac 9F93      		push r25
 734               	.LCFI18:
 735               		.cfi_def_cfa_offset 21
 736 00ae 8F93      		push r24
 737               	.LCFI19:
 738               		.cfi_def_cfa_offset 22
 739 00b0 0E94 0000 		call __xprintf
 740 00b4 80E0      		ldi r24,lo8(__c.2061)
 741 00b6 90E0      		ldi r25,hi8(__c.2061)
 742 00b8 0E94 0000 		call xputs
 194:../../tmk_core/common/mousekey.c ****     print_dec(mousekey_repeat); print("/");
 743               		.loc 1 194 0
 744 00bc 8091 0000 		lds r24,mousekey_repeat
 745 00c0 1F92      		push __zero_reg__
 746               	.LCFI20:
 747               		.cfi_def_cfa_offset 23
 748 00c2 8F93      		push r24
 749               	.LCFI21:
 750               		.cfi_def_cfa_offset 24
 751 00c4 80E0      		ldi r24,lo8(__c.2063)
 752 00c6 90E0      		ldi r25,hi8(__c.2063)
 753 00c8 9F93      		push r25
 754               	.LCFI22:
 755               		.cfi_def_cfa_offset 25
 756 00ca 8F93      		push r24
 757               	.LCFI23:
 758               		.cfi_def_cfa_offset 26
 759 00cc 0E94 0000 		call __xprintf
 760 00d0 80E0      		ldi r24,lo8(__c.2065)
 761 00d2 90E0      		ldi r25,hi8(__c.2065)
 762 00d4 0E94 0000 		call xputs
 195:../../tmk_core/common/mousekey.c ****     print_dec(mousekey_accel); print(")\n");
 763               		.loc 1 195 0
 764 00d8 8091 0000 		lds r24,mousekey_accel
 765 00dc 1F92      		push __zero_reg__
 766               	.LCFI24:
 767               		.cfi_def_cfa_offset 27
 768 00de 8F93      		push r24
 769               	.LCFI25:
 770               		.cfi_def_cfa_offset 28
 771 00e0 80E0      		ldi r24,lo8(__c.2067)
 772 00e2 90E0      		ldi r25,hi8(__c.2067)
 773 00e4 9F93      		push r25
 774               	.LCFI26:
 775               		.cfi_def_cfa_offset 29
 776 00e6 8F93      		push r24
 777               	.LCFI27:
 778               		.cfi_def_cfa_offset 30
 779 00e8 0E94 0000 		call __xprintf
 780 00ec 80E0      		ldi r24,lo8(__c.2069)
 781 00ee 90E0      		ldi r25,hi8(__c.2069)
 782 00f0 0E94 0000 		call xputs
 783 00f4 8DB7      		in r24,__SP_L__
 784 00f6 9EB7      		in r25,__SP_H__
 785 00f8 4C96      		adiw r24,28
 786 00fa 0FB6      		in __tmp_reg__,__SREG__
 787 00fc F894      		cli
 788 00fe 9EBF      		out __SP_H__,r25
 789 0100 0FBE      		out __SREG__,__tmp_reg__
 790 0102 8DBF      		out __SP_L__,r24
 791               	.LCFI28:
 792               		.cfi_def_cfa_offset 2
 793               	.L74:
 794               	.LBE20:
 795               	.LBE19:
 174:../../tmk_core/common/mousekey.c ****     last_timer = timer_read();
 796               		.loc 1 174 0
 797 0104 80E0      		ldi r24,lo8(mouse_report)
 798 0106 90E0      		ldi r25,hi8(mouse_report)
 799 0108 0E94 0000 		call host_mouse_send
 175:../../tmk_core/common/mousekey.c **** }
 800               		.loc 1 175 0
 801 010c 0E94 0000 		call timer_read
 802 0110 9093 0000 		sts last_timer+1,r25
 803 0114 8093 0000 		sts last_timer,r24
 804 0118 0895      		ret
 805               		.cfi_endproc
 806               	.LFE6:
 808               	.global	__floatsisf
 809               	.global	__mulsf3
 810               	.global	__fixsfsi
 811               		.section	.text.mousekey_task,"ax",@progbits
 812               	.global	mousekey_task
 814               	mousekey_task:
 815               	.LFB3:
  98:../../tmk_core/common/mousekey.c ****     if (timer_elapsed(last_timer) < (mousekey_repeat ? mk_interval : mk_delay*10))
 816               		.loc 1 98 0
 817               		.cfi_startproc
 818 0000 1F93      		push r17
 819               	.LCFI29:
 820               		.cfi_def_cfa_offset 3
 821               		.cfi_offset 17, -2
 822 0002 CF93      		push r28
 823               	.LCFI30:
 824               		.cfi_def_cfa_offset 4
 825               		.cfi_offset 28, -3
 826 0004 DF93      		push r29
 827               	.LCFI31:
 828               		.cfi_def_cfa_offset 5
 829               		.cfi_offset 29, -4
 830               	/* prologue: function */
 831               	/* frame size = 0 */
 832               	/* stack size = 3 */
 833               	.L__stack_usage = 3
  99:../../tmk_core/common/mousekey.c ****         return;
 834               		.loc 1 99 0
 835 0006 8091 0000 		lds r24,last_timer
 836 000a 9091 0000 		lds r25,last_timer+1
 837 000e 0E94 0000 		call timer_elapsed
 838               	.LVL79:
 839 0012 4091 0000 		lds r20,mousekey_repeat
 840 0016 4423      		tst r20
 841 0018 01F0      		breq .L79
  99:../../tmk_core/common/mousekey.c ****         return;
 842               		.loc 1 99 0 is_stmt 0 discriminator 1
 843 001a 2091 0000 		lds r18,mk_interval
 844 001e 30E0      		ldi r19,0
 845 0020 00C0      		rjmp .L80
 846               	.L79:
  99:../../tmk_core/common/mousekey.c ****         return;
 847               		.loc 1 99 0 discriminator 2
 848 0022 2091 0000 		lds r18,mk_delay
 849 0026 5AE0      		ldi r21,lo8(10)
 850 0028 259F      		mul r18,r21
 851 002a 9001      		movw r18,r0
 852 002c 1124      		clr __zero_reg__
 853               	.L80:
  99:../../tmk_core/common/mousekey.c ****         return;
 854               		.loc 1 99 0 discriminator 3
 855 002e 8217      		cp r24,r18
 856 0030 9307      		cpc r25,r19
 857 0032 00F4      		brsh .+2
 858 0034 00C0      		rjmp .L78
 102:../../tmk_core/common/mousekey.c ****         return;
 859               		.loc 1 102 0 is_stmt 1
 860 0036 8091 0000 		lds r24,mouse_report+1
 861 003a 1091 0000 		lds r17,mouse_report+2
 862 003e D091 0000 		lds r29,mouse_report+3
 863 0042 C091 0000 		lds r28,mouse_report+4
 864 0046 8111      		cpse r24,__zero_reg__
 865 0048 00C0      		rjmp .L82
 102:../../tmk_core/common/mousekey.c ****         return;
 866               		.loc 1 102 0 is_stmt 0 discriminator 1
 867 004a 1111      		cpse r17,__zero_reg__
 868 004c 00C0      		rjmp .L82
 869 004e D111      		cpse r29,__zero_reg__
 870 0050 00C0      		rjmp .L82
 871 0052 CC23      		tst r28
 872 0054 01F4      		brne .+2
 873 0056 00C0      		rjmp .L78
 874               	.L82:
 105:../../tmk_core/common/mousekey.c ****         mousekey_repeat++;
 875               		.loc 1 105 0 is_stmt 1
 876 0058 4F3F      		cpi r20,lo8(-1)
 877 005a 01F0      		breq .L83
 106:../../tmk_core/common/mousekey.c **** 
 878               		.loc 1 106 0
 879 005c 4F5F      		subi r20,lo8(-(1))
 880 005e 4093 0000 		sts mousekey_repeat,r20
 881               	.L83:
 109:../../tmk_core/common/mousekey.c ****     if (mouse_report.x < 0) mouse_report.x = move_unit() * -1;
 882               		.loc 1 109 0
 883 0062 1816      		cp __zero_reg__,r24
 884 0064 04F4      		brge .L84
 109:../../tmk_core/common/mousekey.c ****     if (mouse_report.x < 0) mouse_report.x = move_unit() * -1;
 885               		.loc 1 109 0 is_stmt 0 discriminator 1
 886 0066 0E94 0000 		call move_unit
 887               	.LVL80:
 888 006a 8093 0000 		sts mouse_report+1,r24
 889               	.L84:
 110:../../tmk_core/common/mousekey.c ****     if (mouse_report.y > 0) mouse_report.y = move_unit();
 890               		.loc 1 110 0 is_stmt 1
 891 006e 8091 0000 		lds r24,mouse_report+1
 892 0072 87FF      		sbrs r24,7
 893 0074 00C0      		rjmp .L85
 110:../../tmk_core/common/mousekey.c ****     if (mouse_report.y > 0) mouse_report.y = move_unit();
 894               		.loc 1 110 0 is_stmt 0 discriminator 1
 895 0076 0E94 0000 		call move_unit
 896               	.LVL81:
 897 007a 8195      		neg r24
 898 007c 8093 0000 		sts mouse_report+1,r24
 899               	.L85:
 111:../../tmk_core/common/mousekey.c ****     if (mouse_report.y < 0) mouse_report.y = move_unit() * -1;
 900               		.loc 1 111 0 is_stmt 1
 901 0080 1116      		cp __zero_reg__,r17
 902 0082 04F4      		brge .L86
 111:../../tmk_core/common/mousekey.c ****     if (mouse_report.y < 0) mouse_report.y = move_unit() * -1;
 903               		.loc 1 111 0 is_stmt 0 discriminator 1
 904 0084 0E94 0000 		call move_unit
 905               	.LVL82:
 906 0088 8093 0000 		sts mouse_report+2,r24
 907               	.L86:
 112:../../tmk_core/common/mousekey.c **** 
 908               		.loc 1 112 0 is_stmt 1
 909 008c 8091 0000 		lds r24,mouse_report+2
 910 0090 87FF      		sbrs r24,7
 911 0092 00C0      		rjmp .L87
 112:../../tmk_core/common/mousekey.c **** 
 912               		.loc 1 112 0 is_stmt 0 discriminator 1
 913 0094 0E94 0000 		call move_unit
 914               	.LVL83:
 915 0098 8195      		neg r24
 916 009a 8093 0000 		sts mouse_report+2,r24
 917               	.L87:
 115:../../tmk_core/common/mousekey.c ****         mouse_report.x *= 0.7;
 918               		.loc 1 115 0 is_stmt 1
 919 009e 6091 0000 		lds r22,mouse_report+1
 920 00a2 6623      		tst r22
 921 00a4 01F0      		breq .L88
 115:../../tmk_core/common/mousekey.c ****         mouse_report.x *= 0.7;
 922               		.loc 1 115 0 is_stmt 0 discriminator 1
 923 00a6 1091 0000 		lds r17,mouse_report+2
 924 00aa 1123      		tst r17
 925 00ac 01F0      		breq .L88
 116:../../tmk_core/common/mousekey.c ****         mouse_report.y *= 0.7;
 926               		.loc 1 116 0 is_stmt 1
 927 00ae 7727      		clr r23
 928 00b0 67FD      		sbrc r22,7
 929 00b2 7095      		com r23
 930 00b4 872F      		mov r24,r23
 931 00b6 972F      		mov r25,r23
 932 00b8 0E94 0000 		call __floatsisf
 933               	.LVL84:
 934 00bc 23E3      		ldi r18,lo8(51)
 935 00be 33E3      		ldi r19,lo8(51)
 936 00c0 43E3      		ldi r20,lo8(51)
 937 00c2 5FE3      		ldi r21,lo8(63)
 938 00c4 0E94 0000 		call __mulsf3
 939               	.LVL85:
 940 00c8 0E94 0000 		call __fixsfsi
 941               	.LVL86:
 942 00cc 6093 0000 		sts mouse_report+1,r22
 117:../../tmk_core/common/mousekey.c ****     }
 943               		.loc 1 117 0
 944 00d0 612F      		mov r22,r17
 945 00d2 7727      		clr r23
 946 00d4 67FD      		sbrc r22,7
 947 00d6 7095      		com r23
 948 00d8 872F      		mov r24,r23
 949 00da 972F      		mov r25,r23
 950 00dc 0E94 0000 		call __floatsisf
 951               	.LVL87:
 952 00e0 23E3      		ldi r18,lo8(51)
 953 00e2 33E3      		ldi r19,lo8(51)
 954 00e4 43E3      		ldi r20,lo8(51)
 955 00e6 5FE3      		ldi r21,lo8(63)
 956 00e8 0E94 0000 		call __mulsf3
 957               	.LVL88:
 958 00ec 0E94 0000 		call __fixsfsi
 959               	.LVL89:
 960 00f0 6093 0000 		sts mouse_report+2,r22
 961               	.L88:
 120:../../tmk_core/common/mousekey.c ****     if (mouse_report.v < 0) mouse_report.v = wheel_unit() * -1;
 962               		.loc 1 120 0
 963 00f4 1D16      		cp __zero_reg__,r29
 964 00f6 04F4      		brge .L89
 120:../../tmk_core/common/mousekey.c ****     if (mouse_report.v < 0) mouse_report.v = wheel_unit() * -1;
 965               		.loc 1 120 0 is_stmt 0 discriminator 1
 966 00f8 0E94 0000 		call wheel_unit
 967               	.LVL90:
 968 00fc 8093 0000 		sts mouse_report+3,r24
 969               	.L89:
 121:../../tmk_core/common/mousekey.c ****     if (mouse_report.h > 0) mouse_report.h = wheel_unit();
 970               		.loc 1 121 0 is_stmt 1
 971 0100 8091 0000 		lds r24,mouse_report+3
 972 0104 87FF      		sbrs r24,7
 973 0106 00C0      		rjmp .L90
 121:../../tmk_core/common/mousekey.c ****     if (mouse_report.h > 0) mouse_report.h = wheel_unit();
 974               		.loc 1 121 0 is_stmt 0 discriminator 1
 975 0108 0E94 0000 		call wheel_unit
 976               	.LVL91:
 977 010c 8195      		neg r24
 978 010e 8093 0000 		sts mouse_report+3,r24
 979               	.L90:
 122:../../tmk_core/common/mousekey.c ****     if (mouse_report.h < 0) mouse_report.h = wheel_unit() * -1;
 980               		.loc 1 122 0 is_stmt 1
 981 0112 1C16      		cp __zero_reg__,r28
 982 0114 04F4      		brge .L91
 122:../../tmk_core/common/mousekey.c ****     if (mouse_report.h < 0) mouse_report.h = wheel_unit() * -1;
 983               		.loc 1 122 0 is_stmt 0 discriminator 1
 984 0116 0E94 0000 		call wheel_unit
 985               	.LVL92:
 986 011a 8093 0000 		sts mouse_report+4,r24
 987               	.L91:
 123:../../tmk_core/common/mousekey.c **** 
 988               		.loc 1 123 0 is_stmt 1
 989 011e 8091 0000 		lds r24,mouse_report+4
 990 0122 87FF      		sbrs r24,7
 991 0124 00C0      		rjmp .L92
 123:../../tmk_core/common/mousekey.c **** 
 992               		.loc 1 123 0 is_stmt 0 discriminator 1
 993 0126 0E94 0000 		call wheel_unit
 994               	.LVL93:
 995 012a 8195      		neg r24
 996 012c 8093 0000 		sts mouse_report+4,r24
 997               	.L92:
 998               	/* epilogue start */
 126:../../tmk_core/common/mousekey.c **** 
 999               		.loc 1 126 0 is_stmt 1
 1000 0130 DF91      		pop r29
 1001 0132 CF91      		pop r28
 1002 0134 1F91      		pop r17
 125:../../tmk_core/common/mousekey.c **** }
 1003               		.loc 1 125 0
 1004 0136 0C94 0000 		jmp mousekey_send
 1005               	.LVL94:
 1006               	.L78:
 1007               	/* epilogue start */
 126:../../tmk_core/common/mousekey.c **** 
 1008               		.loc 1 126 0
 1009 013a DF91      		pop r29
 1010 013c CF91      		pop r28
 1011 013e 1F91      		pop r17
 1012 0140 0895      		ret
 1013               		.cfi_endproc
 1014               	.LFE3:
 1016               		.section	.text.mousekey_clear,"ax",@progbits
 1017               	.global	mousekey_clear
 1019               	mousekey_clear:
 1020               	.LFB7:
 179:../../tmk_core/common/mousekey.c ****     mouse_report = (report_mouse_t){};
 1021               		.loc 1 179 0
 1022               		.cfi_startproc
 1023               	/* prologue: function */
 1024               	/* frame size = 0 */
 1025               	/* stack size = 0 */
 1026               	.L__stack_usage = 0
 180:../../tmk_core/common/mousekey.c ****     mousekey_repeat = 0;
 1027               		.loc 1 180 0
 1028 0000 E0E0      		ldi r30,lo8(mouse_report)
 1029 0002 F0E0      		ldi r31,hi8(mouse_report)
 1030 0004 85E0      		ldi r24,lo8(5)
 1031 0006 DF01      		movw r26,r30
 1032               		0:
 1033 0008 1D92      		st X+,__zero_reg__
 1034 000a 8A95      		dec r24
 1035 000c 01F4      		brne 0b
 181:../../tmk_core/common/mousekey.c ****     mousekey_accel = 0;
 1036               		.loc 1 181 0
 1037 000e 1092 0000 		sts mousekey_repeat,__zero_reg__
 182:../../tmk_core/common/mousekey.c **** }
 1038               		.loc 1 182 0
 1039 0012 1092 0000 		sts mousekey_accel,__zero_reg__
 1040 0016 0895      		ret
 1041               		.cfi_endproc
 1042               	.LFE7:
 1044               		.section	.progmem.data.__c.2069,"a",@progbits
 1047               	__c.2069:
 1048 0000 290A 00   		.string	")\n"
 1049               		.section	.progmem.data.__c.2067,"a",@progbits
 1052               	__c.2067:
 1053 0000 2575 00   		.string	"%u"
 1054               		.section	.progmem.data.__c.2065,"a",@progbits
 1057               	__c.2065:
 1058 0000 2F00      		.string	"/"
 1059               		.section	.progmem.data.__c.2063,"a",@progbits
 1062               	__c.2063:
 1063 0000 2575 00   		.string	"%u"
 1064               		.section	.progmem.data.__c.2061,"a",@progbits
 1067               	__c.2061:
 1068 0000 5D28 00   		.string	"]("
 1069               		.section	.progmem.data.__c.2059,"a",@progbits
 1072               	__c.2059:
 1073 0000 2564 00   		.string	"%d"
 1074               		.section	.progmem.data.__c.2057,"a",@progbits
 1077               	__c.2057:
 1078 0000 2000      		.string	" "
 1079               		.section	.progmem.data.__c.2055,"a",@progbits
 1082               	__c.2055:
 1083 0000 2564 00   		.string	"%d"
 1084               		.section	.progmem.data.__c.2053,"a",@progbits
 1087               	__c.2053:
 1088 0000 2000      		.string	" "
 1089               		.section	.progmem.data.__c.2051,"a",@progbits
 1092               	__c.2051:
 1093 0000 2564 00   		.string	"%d"
 1094               		.section	.progmem.data.__c.2049,"a",@progbits
 1097               	__c.2049:
 1098 0000 2000      		.string	" "
 1099               		.section	.progmem.data.__c.2047,"a",@progbits
 1102               	__c.2047:
 1103 0000 2564 00   		.string	"%d"
 1104               		.section	.progmem.data.__c.2045,"a",@progbits
 1107               	__c.2045:
 1108 0000 7C00      		.string	"|"
 1109               		.section	.progmem.data.__c.2043,"a",@progbits
 1112               	__c.2043:
 1113 0000 2530 3258 		.string	"%02X"
 1113      00
 1114               		.section	.progmem.data.__c.2041,"a",@progbits
 1117               	__c.2041:
 1118 0000 6D6F 7573 		.string	"mousekey [btn|x y v h](rep/acl): ["
 1118      656B 6579 
 1118      205B 6274 
 1118      6E7C 7820 
 1118      7920 7620 
 1119               		.section	.bss.last_timer,"aw",@nobits
 1122               	last_timer:
 1123 0000 0000      		.zero	2
 1124               	.global	mk_wheel_time_to_max
 1125               		.section	.data.mk_wheel_time_to_max,"aw",@progbits
 1128               	mk_wheel_time_to_max:
 1129 0000 28        		.byte	40
 1130               	.global	mk_wheel_max_speed
 1131               		.section	.data.mk_wheel_max_speed,"aw",@progbits
 1134               	mk_wheel_max_speed:
 1135 0000 08        		.byte	8
 1136               	.global	mk_time_to_max
 1137               		.section	.data.mk_time_to_max,"aw",@progbits
 1140               	mk_time_to_max:
 1141 0000 14        		.byte	20
 1142               	.global	mk_max_speed
 1143               		.section	.data.mk_max_speed,"aw",@progbits
 1146               	mk_max_speed:
 1147 0000 0A        		.byte	10
 1148               	.global	mk_interval
 1149               		.section	.data.mk_interval,"aw",@progbits
 1152               	mk_interval:
 1153 0000 32        		.byte	50
 1154               	.global	mk_delay
 1155               		.section	.data.mk_delay,"aw",@progbits
 1158               	mk_delay:
 1159 0000 1E        		.byte	30
 1160               		.section	.bss.mousekey_accel,"aw",@nobits
 1163               	mousekey_accel:
 1164 0000 00        		.zero	1
 1165               		.section	.bss.mousekey_repeat,"aw",@nobits
 1168               	mousekey_repeat:
 1169 0000 00        		.zero	1
 1170               		.section	.bss.mouse_report,"aw",@nobits
 1173               	mouse_report:
 1174 0000 0000 0000 		.zero	5
 1174      00
 1175               		.text
 1176               	.Letext0:
 1177               		.file 2 "c:\\program files (x86)\\mhv avr tools\\avr\\include\\stdint.h"
 1178               		.file 3 "../../tmk_core/common/report.h"
 1179               		.file 4 "../../tmk_core/common/debug.h"
 1180               		.file 5 "../../tmk_core/common/keycode.h"
 1181               		.file 6 "../../tmk_core/common/timer.h"
DEFINED SYMBOLS
                            *ABS*:00000000 mousekey.c
C:\msys64\tmp\ccRlG3T0.s:2      *ABS*:0000003e __SP_H__
C:\msys64\tmp\ccRlG3T0.s:3      *ABS*:0000003d __SP_L__
C:\msys64\tmp\ccRlG3T0.s:4      *ABS*:0000003f __SREG__
C:\msys64\tmp\ccRlG3T0.s:5      *ABS*:0000003b __RAMPZ__
C:\msys64\tmp\ccRlG3T0.s:6      *ABS*:00000000 __tmp_reg__
C:\msys64\tmp\ccRlG3T0.s:7      *ABS*:00000001 __zero_reg__
C:\msys64\tmp\ccRlG3T0.s:13     .text.move_unit:00000000 move_unit
C:\msys64\tmp\ccRlG3T0.s:1163   .bss.mousekey_accel:00000000 mousekey_accel
C:\msys64\tmp\ccRlG3T0.s:1146   .data.mk_max_speed:00000000 mk_max_speed
C:\msys64\tmp\ccRlG3T0.s:1168   .bss.mousekey_repeat:00000000 mousekey_repeat
C:\msys64\tmp\ccRlG3T0.s:1140   .data.mk_time_to_max:00000000 mk_time_to_max
C:\msys64\tmp\ccRlG3T0.s:124    .text.wheel_unit:00000000 wheel_unit
C:\msys64\tmp\ccRlG3T0.s:1134   .data.mk_wheel_max_speed:00000000 mk_wheel_max_speed
C:\msys64\tmp\ccRlG3T0.s:1128   .data.mk_wheel_time_to_max:00000000 mk_wheel_time_to_max
C:\msys64\tmp\ccRlG3T0.s:220    .text.mousekey_on:00000000 mousekey_on
C:\msys64\tmp\ccRlG3T0.s:1173   .bss.mouse_report:00000000 mouse_report
C:\msys64\tmp\ccRlG3T0.s:402    .text.mousekey_off:00000000 mousekey_off
C:\msys64\tmp\ccRlG3T0.s:609    .text.mousekey_send:00000000 mousekey_send
C:\msys64\tmp\ccRlG3T0.s:1117   .progmem.data.__c.2041:00000000 __c.2041
C:\msys64\tmp\ccRlG3T0.s:1112   .progmem.data.__c.2043:00000000 __c.2043
C:\msys64\tmp\ccRlG3T0.s:1107   .progmem.data.__c.2045:00000000 __c.2045
C:\msys64\tmp\ccRlG3T0.s:1102   .progmem.data.__c.2047:00000000 __c.2047
C:\msys64\tmp\ccRlG3T0.s:1097   .progmem.data.__c.2049:00000000 __c.2049
C:\msys64\tmp\ccRlG3T0.s:1092   .progmem.data.__c.2051:00000000 __c.2051
C:\msys64\tmp\ccRlG3T0.s:1087   .progmem.data.__c.2053:00000000 __c.2053
C:\msys64\tmp\ccRlG3T0.s:1082   .progmem.data.__c.2055:00000000 __c.2055
C:\msys64\tmp\ccRlG3T0.s:1077   .progmem.data.__c.2057:00000000 __c.2057
C:\msys64\tmp\ccRlG3T0.s:1072   .progmem.data.__c.2059:00000000 __c.2059
C:\msys64\tmp\ccRlG3T0.s:1067   .progmem.data.__c.2061:00000000 __c.2061
C:\msys64\tmp\ccRlG3T0.s:1062   .progmem.data.__c.2063:00000000 __c.2063
C:\msys64\tmp\ccRlG3T0.s:1057   .progmem.data.__c.2065:00000000 __c.2065
C:\msys64\tmp\ccRlG3T0.s:1052   .progmem.data.__c.2067:00000000 __c.2067
C:\msys64\tmp\ccRlG3T0.s:1047   .progmem.data.__c.2069:00000000 __c.2069
C:\msys64\tmp\ccRlG3T0.s:1122   .bss.last_timer:00000000 last_timer
C:\msys64\tmp\ccRlG3T0.s:814    .text.mousekey_task:00000000 mousekey_task
C:\msys64\tmp\ccRlG3T0.s:1152   .data.mk_interval:00000000 mk_interval
C:\msys64\tmp\ccRlG3T0.s:1158   .data.mk_delay:00000000 mk_delay
C:\msys64\tmp\ccRlG3T0.s:1019   .text.mousekey_clear:00000000 mousekey_clear

UNDEFINED SYMBOLS
__divmodhi4
debug_config
xputs
__xprintf
host_mouse_send
timer_read
__floatsisf
__mulsf3
__fixsfsi
timer_elapsed
__do_copy_data
__do_clear_bss
