   1               		.file	"keymap_common.c"
   2               	__SP_H__ = 0x3e
   3               	__SP_L__ = 0x3d
   4               	__SREG__ = 0x3f
   5               	__RAMPZ__ = 0x3b
   6               	__tmp_reg__ = 0
   7               	__zero_reg__ = 1
   8               		.text
   9               	.Ltext0:
  10               		.cfi_sections	.debug_frame
  11               		.section	.text.keymap_key_to_keycode,"ax",@progbits
  12               	.global	keymap_key_to_keycode
  14               	keymap_key_to_keycode:
  15               	.LFB4:
  16               		.file 1 "keymap_common.c"
   1:keymap_common.c **** /*
   2:keymap_common.c **** Copyright 2012,2013 Jun Wako <wakojun@gmail.com>
   3:keymap_common.c **** 
   4:keymap_common.c **** This program is free software: you can redistribute it and/or modify
   5:keymap_common.c **** it under the terms of the GNU General Public License as published by
   6:keymap_common.c **** the Free Software Foundation, either version 2 of the License, or
   7:keymap_common.c **** (at your option) any later version.
   8:keymap_common.c **** 
   9:keymap_common.c **** This program is distributed in the hope that it will be useful,
  10:keymap_common.c **** but WITHOUT ANY WARRANTY; without even the implied warranty of
  11:keymap_common.c **** MERCHANTABILITY or FITNESS FOR A PARTICULAR PURPOSE.  See the
  12:keymap_common.c **** GNU General Public License for more details.
  13:keymap_common.c **** 
  14:keymap_common.c **** You should have received a copy of the GNU General Public License
  15:keymap_common.c **** along with this program.  If not, see <http://www.gnu.org/licenses/>.
  16:keymap_common.c **** */
  17:keymap_common.c **** #include "keymap_common.h"
  18:keymap_common.c **** 
  19:keymap_common.c **** 
  20:keymap_common.c **** /* translates key to keycode */
  21:keymap_common.c **** uint8_t keymap_key_to_keycode(uint8_t layer, keypos_t key)
  22:keymap_common.c **** {
  17               		.loc 1 22 0
  18               		.cfi_startproc
  19               	.LVL0:
  20               	/* prologue: function */
  21               	/* frame size = 0 */
  22               	/* stack size = 0 */
  23               	.L__stack_usage = 0
  24               	.LBB2:
  23:keymap_common.c ****     return pgm_read_byte(&keymaps[(layer)][(key.row)][(key.col)]);
  25               		.loc 1 23 0
  26 0000 97E0      		ldi r25,lo8(7)
  27 0002 799F      		mul r23,r25
  28 0004 F001      		movw r30,r0
  29 0006 1124      		clr __zero_reg__
  30 0008 9CE1      		ldi r25,lo8(28)
  31 000a 899F      		mul r24,r25
  32 000c E00D      		add r30,r0
  33 000e F11D      		adc r31,r1
  34 0010 1124      		clr __zero_reg__
  35 0012 E60F      		add r30,r22
  36 0014 F11D      		adc r31,__zero_reg__
  37 0016 E050      		subi r30,lo8(-(keymaps))
  38 0018 F040      		sbci r31,hi8(-(keymaps))
  39               	/* #APP */
  40               	 ;  23 "keymap_common.c" 1
  41 001a 8491      		lpm r24, Z
  42               		
  43               	 ;  0 "" 2
  44               	.LVL1:
  45               	/* #NOAPP */
  46               	.LBE2:
  24:keymap_common.c **** }
  47               		.loc 1 24 0
  48 001c 0895      		ret
  49               		.cfi_endproc
  50               	.LFE4:
  52               		.section	.text.keymap_fn_to_action,"ax",@progbits
  53               	.global	keymap_fn_to_action
  55               	keymap_fn_to_action:
  56               	.LFB5:
  25:keymap_common.c **** 
  26:keymap_common.c **** /* translates Fn keycode to action */
  27:keymap_common.c **** action_t keymap_fn_to_action(uint8_t keycode)
  28:keymap_common.c **** {
  57               		.loc 1 28 0
  58               		.cfi_startproc
  59               	.LVL2:
  60               	/* prologue: function */
  61               	/* frame size = 0 */
  62               	/* stack size = 0 */
  63               	.L__stack_usage = 0
  64               	.LBB3:
  29:keymap_common.c ****     return (action_t){ .code = pgm_read_word(&fn_actions[FN_INDEX(keycode)]) };
  65               		.loc 1 29 0
  66 0000 E82F      		mov r30,r24
  67 0002 F0E0      		ldi r31,0
  68 0004 EE0F      		lsl r30
  69 0006 FF1F      		rol r31
  70               	.LVL3:
  71 0008 E050      		subi r30,lo8(-(fn_actions-384))
  72 000a F040      		sbci r31,hi8(-(fn_actions-384))
  73               	.LVL4:
  74               	.LBE3:
  30:keymap_common.c **** }
  75               		.loc 1 30 0
  76               	/* #APP */
  77               	 ;  29 "keymap_common.c" 1
  78 000c 8591      		lpm r24, Z+
  79 000e 9491      		lpm r25, Z
  80               		
  81               	 ;  0 "" 2
  82               	/* #NOAPP */
  83 0010 0895      		ret
  84               		.cfi_endproc
  85               	.LFE5:
  87               		.text
  88               	.Letext0:
  89               		.file 2 "c:\\program files (x86)\\mhv avr tools\\avr\\include\\stdint.h"
  90               		.file 3 "../../tmk_core/common/keyboard.h"
  91               		.file 4 "../../tmk_core/common/action_code.h"
  92               		.file 5 "keymap_common.h"
  93               		.file 6 "../../tmk_core/common/keycode.h"
DEFINED SYMBOLS
                            *ABS*:00000000 keymap_common.c
C:\msys64\tmp\ccmOr3Mg.s:2      *ABS*:0000003e __SP_H__
C:\msys64\tmp\ccmOr3Mg.s:3      *ABS*:0000003d __SP_L__
C:\msys64\tmp\ccmOr3Mg.s:4      *ABS*:0000003f __SREG__
C:\msys64\tmp\ccmOr3Mg.s:5      *ABS*:0000003b __RAMPZ__
C:\msys64\tmp\ccmOr3Mg.s:6      *ABS*:00000000 __tmp_reg__
C:\msys64\tmp\ccmOr3Mg.s:7      *ABS*:00000001 __zero_reg__
C:\msys64\tmp\ccmOr3Mg.s:14     .text.keymap_key_to_keycode:00000000 keymap_key_to_keycode
C:\msys64\tmp\ccmOr3Mg.s:55     .text.keymap_fn_to_action:00000000 keymap_fn_to_action

UNDEFINED SYMBOLS
keymaps
fn_actions
