   1               		.file	"keymap_poker.c"
   2               	__SP_H__ = 0x3e
   3               	__SP_L__ = 0x3d
   4               	__SREG__ = 0x3f
   5               	__RAMPZ__ = 0x3b
   6               	__tmp_reg__ = 0
   7               	__zero_reg__ = 1
   8               		.text
   9               	.Ltext0:
  10               		.cfi_sections	.debug_frame
  11               	.global	fn_actions
  12               		.section	.progmem.data.fn_actions,"a",@progbits
  15               	fn_actions:
  16 0000 F1A6      		.word	-22799
  17               	.global	keymaps
  18               		.section	.progmem.data.keymaps,"a",@progbits
  21               	keymaps:
  22 0000 4B        		.byte	75
  23 0001 4E        		.byte	78
  24 0002 24        		.byte	36
  25 0003 25        		.byte	37
  26 0004 26        		.byte	38
  27 0005 4A        		.byte	74
  28 0006 4D        		.byte	77
  29 0007 50        		.byte	80
  30 0008 4F        		.byte	79
  31 0009 21        		.byte	33
  32 000a 22        		.byte	34
  33 000b 23        		.byte	35
  34 000c E7        		.byte	-25
  35 000d 38        		.byte	56
  36 000e 29        		.byte	41
  37 000f 4F        		.byte	79
  38 0010 1E        		.byte	30
  39 0011 1F        		.byte	31
  40 0012 20        		.byte	32
  41 0013 29        		.byte	41
  42 0014 65        		.byte	101
  43 0015 29        		.byte	41
  44 0016 29        		.byte	41
  45 0017 27        		.byte	39
  46 0018 37        		.byte	55
  47 0019 2A        		.byte	42
  48 001a 1E        		.byte	30
  49 001b 28        		.byte	40
  50               		.text
  51               	.Letext0:
  52               		.file 1 "c:\\program files (x86)\\mhv avr tools\\avr\\include\\stdint.h"
  53               		.file 2 "../../tmk_core/common/keycode.h"
  54               		.file 3 "../../tmk_core/common/action_code.h"
  55               		.file 4 "keymap_poker.c"
DEFINED SYMBOLS
                            *ABS*:00000000 keymap_poker.c
C:\msys64\tmp\ccbFWBEV.s:2      *ABS*:0000003e __SP_H__
C:\msys64\tmp\ccbFWBEV.s:3      *ABS*:0000003d __SP_L__
C:\msys64\tmp\ccbFWBEV.s:4      *ABS*:0000003f __SREG__
C:\msys64\tmp\ccbFWBEV.s:5      *ABS*:0000003b __RAMPZ__
C:\msys64\tmp\ccbFWBEV.s:6      *ABS*:00000000 __tmp_reg__
C:\msys64\tmp\ccbFWBEV.s:7      *ABS*:00000001 __zero_reg__
C:\msys64\tmp\ccbFWBEV.s:15     .progmem.data.fn_actions:00000000 fn_actions
C:\msys64\tmp\ccbFWBEV.s:21     .progmem.data.keymaps:00000000 keymaps

NO UNDEFINED SYMBOLS
