   1               		.file	"led.c"
   2               	__SP_H__ = 0x3e
   3               	__SP_L__ = 0x3d
   4               	__SREG__ = 0x3f
   5               	__RAMPZ__ = 0x3b
   6               	__tmp_reg__ = 0
   7               	__zero_reg__ = 1
   8               		.text
   9               	.Ltext0:
  10               		.cfi_sections	.debug_frame
  11               		.section	.text.led_set,"ax",@progbits
  12               	.global	led_set
  14               	led_set:
  15               	.LFB0:
  16               		.file 1 "led.c"
   1:led.c         **** /*
   2:led.c         **** Copyright 2012 Jun Wako <wakojun@gmail.com>
   3:led.c         **** 
   4:led.c         **** This program is free software: you can redistribute it and/or modify
   5:led.c         **** it under the terms of the GNU General Public License as published by
   6:led.c         **** the Free Software Foundation, either version 2 of the License, or
   7:led.c         **** (at your option) any later version.
   8:led.c         **** 
   9:led.c         **** This program is distributed in the hope that it will be useful,
  10:led.c         **** but WITHOUT ANY WARRANTY; without even the implied warranty of
  11:led.c         **** MERCHANTABILITY or FITNESS FOR A PARTICULAR PURPOSE.  See the
  12:led.c         **** GNU General Public License for more details.
  13:led.c         **** 
  14:led.c         **** You should have received a copy of the GNU General Public License
  15:led.c         **** along with this program.  If not, see <http://www.gnu.org/licenses/>.
  16:led.c         **** */
  17:led.c         **** 
  18:led.c         **** #include <avr/io.h>
  19:led.c         **** #include "stdint.h"
  20:led.c         **** #include "led.h"
  21:led.c         **** 
  22:led.c         **** 
  23:led.c         **** void led_set(uint8_t usb_led)
  24:led.c         **** {
  17               		.loc 1 24 0
  18               		.cfi_startproc
  19               	.LVL0:
  20               	/* prologue: function */
  21               	/* frame size = 0 */
  22               	/* stack size = 0 */
  23               	.L__stack_usage = 0
  25:led.c         ****     if (usb_led & (1<<USB_LED_CAPS_LOCK)) {
  24               		.loc 1 25 0
  25 0000 81FF      		sbrs r24,1
  26 0002 00C0      		rjmp .L2
  26:led.c         ****         // output low
  27:led.c         ****         DDRC |= (1<<2);
  27               		.loc 1 27 0
  28 0004 3A9A      		sbi 0x7,2
  29 0006 00C0      		rjmp .L4
  30               	.L2:
  28:led.c         ****         PORTC &= ~(1<<2);
  29:led.c         ****     } else {
  30:led.c         ****         // Hi-Z
  31:led.c         ****         DDRC &= ~(1<<2);
  31               		.loc 1 31 0
  32 0008 3A98      		cbi 0x7,2
  33               	.L4:
  32:led.c         ****         PORTC &= ~(1<<2);
  34               		.loc 1 32 0
  35 000a 4298      		cbi 0x8,2
  36 000c 0895      		ret
  37               		.cfi_endproc
  38               	.LFE0:
  40               		.text
  41               	.Letext0:
  42               		.file 2 "c:\\program files (x86)\\mhv avr tools\\avr\\include\\stdint.h"
DEFINED SYMBOLS
                            *ABS*:00000000 led.c
C:\msys64\tmp\cc04G0oY.s:2      *ABS*:0000003e __SP_H__
C:\msys64\tmp\cc04G0oY.s:3      *ABS*:0000003d __SP_L__
C:\msys64\tmp\cc04G0oY.s:4      *ABS*:0000003f __SREG__
C:\msys64\tmp\cc04G0oY.s:5      *ABS*:0000003b __RAMPZ__
C:\msys64\tmp\cc04G0oY.s:6      *ABS*:00000000 __tmp_reg__
C:\msys64\tmp\cc04G0oY.s:7      *ABS*:00000001 __zero_reg__
C:\msys64\tmp\cc04G0oY.s:14     .text.led_set:00000000 led_set

NO UNDEFINED SYMBOLS
