   1               		.file	"suspend.c"
   2               	__SP_H__ = 0x3e
   3               	__SP_L__ = 0x3d
   4               	__SREG__ = 0x3f
   5               	__RAMPZ__ = 0x3b
   6               	__tmp_reg__ = 0
   7               	__zero_reg__ = 1
   8               		.text
   9               	.Ltext0:
  10               		.cfi_sections	.debug_frame
  11               		.section	.text.suspend_idle,"ax",@progbits
  12               	.global	suspend_idle
  14               	suspend_idle:
  15               	.LFB104:
  16               		.file 1 "../../tmk_core/common/avr/suspend.c"
   1:../../tmk_core/common/avr/suspend.c **** #include <stdbool.h>
   2:../../tmk_core/common/avr/suspend.c **** #include <avr/sleep.h>
   3:../../tmk_core/common/avr/suspend.c **** #include <avr/wdt.h>
   4:../../tmk_core/common/avr/suspend.c **** #include <avr/interrupt.h>
   5:../../tmk_core/common/avr/suspend.c **** #include "matrix.h"
   6:../../tmk_core/common/avr/suspend.c **** #include "action.h"
   7:../../tmk_core/common/avr/suspend.c **** #include "backlight.h"
   8:../../tmk_core/common/avr/suspend.c **** #include "suspend_avr.h"
   9:../../tmk_core/common/avr/suspend.c **** #include "suspend.h"
  10:../../tmk_core/common/avr/suspend.c **** #include "timer.h"
  11:../../tmk_core/common/avr/suspend.c **** #ifdef PROTOCOL_LUFA
  12:../../tmk_core/common/avr/suspend.c **** #include "lufa.h"
  13:../../tmk_core/common/avr/suspend.c **** #endif
  14:../../tmk_core/common/avr/suspend.c **** 
  15:../../tmk_core/common/avr/suspend.c **** 
  16:../../tmk_core/common/avr/suspend.c **** #define wdt_intr_enable(value)   \
  17:../../tmk_core/common/avr/suspend.c **** __asm__ __volatile__ (  \
  18:../../tmk_core/common/avr/suspend.c ****     "in __tmp_reg__,__SREG__" "\n\t"    \
  19:../../tmk_core/common/avr/suspend.c ****     "cli" "\n\t"    \
  20:../../tmk_core/common/avr/suspend.c ****     "wdr" "\n\t"    \
  21:../../tmk_core/common/avr/suspend.c ****     "sts %0,%1" "\n\t"  \
  22:../../tmk_core/common/avr/suspend.c ****     "out __SREG__,__tmp_reg__" "\n\t"   \
  23:../../tmk_core/common/avr/suspend.c ****     "sts %0,%2" "\n\t" \
  24:../../tmk_core/common/avr/suspend.c ****     : /* no outputs */  \
  25:../../tmk_core/common/avr/suspend.c ****     : "M" (_SFR_MEM_ADDR(_WD_CONTROL_REG)), \
  26:../../tmk_core/common/avr/suspend.c ****     "r" (_BV(_WD_CHANGE_BIT) | _BV(WDE)), \
  27:../../tmk_core/common/avr/suspend.c ****     "r" ((uint8_t) ((value & 0x08 ? _WD_PS3_MASK : 0x00) | \
  28:../../tmk_core/common/avr/suspend.c ****         _BV(WDIE) | (value & 0x07)) ) \
  29:../../tmk_core/common/avr/suspend.c ****     : "r0"  \
  30:../../tmk_core/common/avr/suspend.c **** )
  31:../../tmk_core/common/avr/suspend.c **** 
  32:../../tmk_core/common/avr/suspend.c **** 
  33:../../tmk_core/common/avr/suspend.c **** void suspend_idle(uint8_t time)
  34:../../tmk_core/common/avr/suspend.c **** {
  17               		.loc 1 34 0
  18               		.cfi_startproc
  19               	.LVL0:
  20               	/* prologue: function */
  21               	/* frame size = 0 */
  22               	/* stack size = 0 */
  23               	.L__stack_usage = 0
  35:../../tmk_core/common/avr/suspend.c ****     cli();
  24               		.loc 1 35 0
  25               	/* #APP */
  26               	 ;  35 "../../tmk_core/common/avr/suspend.c" 1
  27 0000 F894      		cli
  28               	 ;  0 "" 2
  36:../../tmk_core/common/avr/suspend.c ****     set_sleep_mode(SLEEP_MODE_IDLE);
  29               		.loc 1 36 0
  30               	/* #NOAPP */
  31 0002 83B7      		in r24,0x33
  32               	.LVL1:
  33 0004 817F      		andi r24,lo8(-15)
  34 0006 83BF      		out 0x33,r24
  37:../../tmk_core/common/avr/suspend.c ****     sleep_enable();
  35               		.loc 1 37 0
  36 0008 83B7      		in r24,0x33
  37 000a 8160      		ori r24,lo8(1)
  38 000c 83BF      		out 0x33,r24
  38:../../tmk_core/common/avr/suspend.c ****     sei();
  39               		.loc 1 38 0
  40               	/* #APP */
  41               	 ;  38 "../../tmk_core/common/avr/suspend.c" 1
  42 000e 7894      		sei
  43               	 ;  0 "" 2
  39:../../tmk_core/common/avr/suspend.c ****     sleep_cpu();
  44               		.loc 1 39 0
  45               	 ;  39 "../../tmk_core/common/avr/suspend.c" 1
  46 0010 8895      		sleep
  47               		
  48               	 ;  0 "" 2
  40:../../tmk_core/common/avr/suspend.c ****     sleep_disable();
  49               		.loc 1 40 0
  50               	/* #NOAPP */
  51 0012 83B7      		in r24,0x33
  52 0014 8E7F      		andi r24,lo8(-2)
  53 0016 83BF      		out 0x33,r24
  54 0018 0895      		ret
  55               		.cfi_endproc
  56               	.LFE104:
  58               		.section	.text.suspend_power_down,"ax",@progbits
  59               	.global	suspend_power_down
  61               	suspend_power_down:
  62               	.LFB106:
  41:../../tmk_core/common/avr/suspend.c **** }
  42:../../tmk_core/common/avr/suspend.c **** 
  43:../../tmk_core/common/avr/suspend.c **** /* Power down MCU with watchdog timer
  44:../../tmk_core/common/avr/suspend.c ****  * wdto: watchdog timer timeout defined in <avr/wdt.h>
  45:../../tmk_core/common/avr/suspend.c ****  *          WDTO_15MS
  46:../../tmk_core/common/avr/suspend.c ****  *          WDTO_30MS
  47:../../tmk_core/common/avr/suspend.c ****  *          WDTO_60MS
  48:../../tmk_core/common/avr/suspend.c ****  *          WDTO_120MS
  49:../../tmk_core/common/avr/suspend.c ****  *          WDTO_250MS
  50:../../tmk_core/common/avr/suspend.c ****  *          WDTO_500MS
  51:../../tmk_core/common/avr/suspend.c ****  *          WDTO_1S
  52:../../tmk_core/common/avr/suspend.c ****  *          WDTO_2S
  53:../../tmk_core/common/avr/suspend.c ****  *          WDTO_4S
  54:../../tmk_core/common/avr/suspend.c ****  *          WDTO_8S
  55:../../tmk_core/common/avr/suspend.c ****  */
  56:../../tmk_core/common/avr/suspend.c **** static uint8_t wdt_timeout = 0;
  57:../../tmk_core/common/avr/suspend.c **** static void power_down(uint8_t wdto)
  58:../../tmk_core/common/avr/suspend.c **** {
  59:../../tmk_core/common/avr/suspend.c **** #ifdef PROTOCOL_LUFA
  60:../../tmk_core/common/avr/suspend.c ****     if (USB_DeviceState == DEVICE_STATE_Configured) return;
  61:../../tmk_core/common/avr/suspend.c **** #endif
  62:../../tmk_core/common/avr/suspend.c ****     wdt_timeout = wdto;
  63:../../tmk_core/common/avr/suspend.c **** 
  64:../../tmk_core/common/avr/suspend.c ****     // Watchdog Interrupt Mode
  65:../../tmk_core/common/avr/suspend.c ****     wdt_intr_enable(wdto);
  66:../../tmk_core/common/avr/suspend.c **** 
  67:../../tmk_core/common/avr/suspend.c ****     // TODO: more power saving
  68:../../tmk_core/common/avr/suspend.c ****     // See PicoPower application note
  69:../../tmk_core/common/avr/suspend.c ****     // - I/O port input with pullup
  70:../../tmk_core/common/avr/suspend.c ****     // - prescale clock
  71:../../tmk_core/common/avr/suspend.c ****     // - BOD disable
  72:../../tmk_core/common/avr/suspend.c ****     // - Power Reduction Register PRR
  73:../../tmk_core/common/avr/suspend.c ****     set_sleep_mode(SLEEP_MODE_PWR_DOWN);
  74:../../tmk_core/common/avr/suspend.c ****     sleep_enable();
  75:../../tmk_core/common/avr/suspend.c ****     sei();
  76:../../tmk_core/common/avr/suspend.c ****     sleep_cpu();
  77:../../tmk_core/common/avr/suspend.c ****     sleep_disable();
  78:../../tmk_core/common/avr/suspend.c **** 
  79:../../tmk_core/common/avr/suspend.c ****     // Disable watchdog after sleep
  80:../../tmk_core/common/avr/suspend.c ****     wdt_disable();
  81:../../tmk_core/common/avr/suspend.c **** }
  82:../../tmk_core/common/avr/suspend.c **** 
  83:../../tmk_core/common/avr/suspend.c **** void suspend_power_down(void)
  84:../../tmk_core/common/avr/suspend.c **** {
  63               		.loc 1 84 0
  64               		.cfi_startproc
  65               	/* prologue: function */
  66               	/* frame size = 0 */
  67               	/* stack size = 0 */
  68               	.L__stack_usage = 0
  69               	.LVL2:
  70               	.LBB4:
  71               	.LBB5:
  60:../../tmk_core/common/avr/suspend.c **** #endif
  72               		.loc 1 60 0
  73 0000 8091 0000 		lds r24,USB_DeviceState
  74 0004 8430      		cpi r24,lo8(4)
  75 0006 01F0      		breq .L2
  62:../../tmk_core/common/avr/suspend.c **** 
  76               		.loc 1 62 0
  77 0008 1092 0000 		sts wdt_timeout,__zero_reg__
  65:../../tmk_core/common/avr/suspend.c **** 
  78               		.loc 1 65 0
  79 000c 20E4      		ldi r18,lo8(64)
  80 000e 88E1      		ldi r24,lo8(24)
  81 0010 90E0      		ldi r25,0
  82               	/* #APP */
  83               	 ;  65 "../../tmk_core/common/avr/suspend.c" 1
  84 0012 0FB6      		in __tmp_reg__,__SREG__
  85 0014 F894      		cli
  86 0016 A895      		wdr
  87 0018 8093 6000 		sts 96,r24
  88 001c 0FBE      		out __SREG__,__tmp_reg__
  89 001e 2093 6000 		sts 96,r18
  90               		
  91               	 ;  0 "" 2
  73:../../tmk_core/common/avr/suspend.c ****     sleep_enable();
  92               		.loc 1 73 0
  93               	/* #NOAPP */
  94 0022 83B7      		in r24,0x33
  95 0024 817F      		andi r24,lo8(-15)
  96 0026 8460      		ori r24,lo8(4)
  97 0028 83BF      		out 0x33,r24
  74:../../tmk_core/common/avr/suspend.c ****     sei();
  98               		.loc 1 74 0
  99 002a 83B7      		in r24,0x33
 100 002c 8160      		ori r24,lo8(1)
 101 002e 83BF      		out 0x33,r24
  75:../../tmk_core/common/avr/suspend.c ****     sleep_cpu();
 102               		.loc 1 75 0
 103               	/* #APP */
 104               	 ;  75 "../../tmk_core/common/avr/suspend.c" 1
 105 0030 7894      		sei
 106               	 ;  0 "" 2
  76:../../tmk_core/common/avr/suspend.c ****     sleep_disable();
 107               		.loc 1 76 0
 108               	 ;  76 "../../tmk_core/common/avr/suspend.c" 1
 109 0032 8895      		sleep
 110               		
 111               	 ;  0 "" 2
  77:../../tmk_core/common/avr/suspend.c **** 
 112               		.loc 1 77 0
 113               	/* #NOAPP */
 114 0034 83B7      		in r24,0x33
 115 0036 8E7F      		andi r24,lo8(-2)
 116 0038 83BF      		out 0x33,r24
  80:../../tmk_core/common/avr/suspend.c **** }
 117               		.loc 1 80 0
 118 003a 88E1      		ldi r24,lo8(24)
 119               	/* #APP */
 120               	 ;  80 "../../tmk_core/common/avr/suspend.c" 1
 121 003c 0FB6      		in __tmp_reg__, __SREG__
 122 003e F894      		cli
 123 0040 8093 6000 		sts 96, r24
 124 0044 1092 6000 		sts 96, __zero_reg__
 125 0048 0FBE      		out __SREG__,__tmp_reg__
 126               		
 127               	 ;  0 "" 2
 128               	/* #NOAPP */
 129               	.L2:
 130 004a 0895      		ret
 131               	.LBE5:
 132               	.LBE4:
 133               		.cfi_endproc
 134               	.LFE106:
 136               		.section	.text.matrix_power_up,"ax",@progbits
 137               		.weak	matrix_power_up
 139               	matrix_power_up:
 140               	.LFB107:
  85:../../tmk_core/common/avr/suspend.c ****     power_down(WDTO_15MS);
  86:../../tmk_core/common/avr/suspend.c **** }
  87:../../tmk_core/common/avr/suspend.c **** 
  88:../../tmk_core/common/avr/suspend.c **** __attribute__ ((weak)) void matrix_power_up(void) {}
 141               		.loc 1 88 0
 142               		.cfi_startproc
 143               	/* prologue: function */
 144               	/* frame size = 0 */
 145               	/* stack size = 0 */
 146               	.L__stack_usage = 0
 147 0000 0895      		ret
 148               		.cfi_endproc
 149               	.LFE107:
 151               		.section	.text.matrix_power_down,"ax",@progbits
 152               		.weak	matrix_power_down
 154               	matrix_power_down:
 155               	.LFB108:
  89:../../tmk_core/common/avr/suspend.c **** __attribute__ ((weak)) void matrix_power_down(void) {}
 156               		.loc 1 89 0
 157               		.cfi_startproc
 158               	/* prologue: function */
 159               	/* frame size = 0 */
 160               	/* stack size = 0 */
 161               	.L__stack_usage = 0
 162 0000 0895      		ret
 163               		.cfi_endproc
 164               	.LFE108:
 166               		.section	.text.suspend_wakeup_condition,"ax",@progbits
 167               	.global	suspend_wakeup_condition
 169               	suspend_wakeup_condition:
 170               	.LFB109:
  90:../../tmk_core/common/avr/suspend.c **** bool suspend_wakeup_condition(void)
  91:../../tmk_core/common/avr/suspend.c **** {
 171               		.loc 1 91 0
 172               		.cfi_startproc
 173               		.loc 1 91 0
 174 0000 CF93      		push r28
 175               	.LCFI0:
 176               		.cfi_def_cfa_offset 3
 177               		.cfi_offset 28, -2
 178               	/* prologue: function */
 179               	/* frame size = 0 */
 180               	/* stack size = 1 */
 181               	.L__stack_usage = 1
  92:../../tmk_core/common/avr/suspend.c ****     matrix_power_up();
 182               		.loc 1 92 0
 183 0002 0E94 0000 		call matrix_power_up
 184               	.LVL3:
  93:../../tmk_core/common/avr/suspend.c ****     matrix_scan();
 185               		.loc 1 93 0
 186 0006 0E94 0000 		call matrix_scan
 187               	.LVL4:
  94:../../tmk_core/common/avr/suspend.c ****     matrix_power_down();
 188               		.loc 1 94 0
 189 000a 0E94 0000 		call matrix_power_down
 190               	.LVL5:
 191               	.LBB6:
  95:../../tmk_core/common/avr/suspend.c ****     for (uint8_t r = 0; r < MATRIX_ROWS; r++) {
 192               		.loc 1 95 0
 193 000e C0E0      		ldi r28,0
 194               	.LVL6:
 195               	.L12:
  96:../../tmk_core/common/avr/suspend.c ****         if (matrix_get_row(r)) return true;
 196               		.loc 1 96 0
 197 0010 8C2F      		mov r24,r28
 198 0012 0E94 0000 		call matrix_get_row
 199               	.LVL7:
 200 0016 8111      		cpse r24,__zero_reg__
 201 0018 00C0      		rjmp .L13
  95:../../tmk_core/common/avr/suspend.c ****     for (uint8_t r = 0; r < MATRIX_ROWS; r++) {
 202               		.loc 1 95 0
 203 001a CF5F      		subi r28,lo8(-(1))
 204               	.LVL8:
 205 001c C430      		cpi r28,lo8(4)
 206 001e 01F4      		brne .L12
 207               	.LBE6:
  97:../../tmk_core/common/avr/suspend.c ****     }
  98:../../tmk_core/common/avr/suspend.c ****     return false;
 208               		.loc 1 98 0
 209 0020 80E0      		ldi r24,0
 210 0022 00C0      		rjmp .L11
 211               	.L13:
 212               	.LBB7:
  96:../../tmk_core/common/avr/suspend.c ****         if (matrix_get_row(r)) return true;
 213               		.loc 1 96 0
 214 0024 81E0      		ldi r24,lo8(1)
 215               	.L11:
 216               	/* epilogue start */
 217               	.LBE7:
  99:../../tmk_core/common/avr/suspend.c **** }
 218               		.loc 1 99 0
 219 0026 CF91      		pop r28
 220               	.LVL9:
 221 0028 0895      		ret
 222               		.cfi_endproc
 223               	.LFE109:
 225               		.section	.text.suspend_wakeup_init,"ax",@progbits
 226               	.global	suspend_wakeup_init
 228               	suspend_wakeup_init:
 229               	.LFB110:
 100:../../tmk_core/common/avr/suspend.c **** 
 101:../../tmk_core/common/avr/suspend.c **** // run immediately after wakeup
 102:../../tmk_core/common/avr/suspend.c **** void suspend_wakeup_init(void)
 103:../../tmk_core/common/avr/suspend.c **** {
 230               		.loc 1 103 0
 231               		.cfi_startproc
 232               	/* prologue: function */
 233               	/* frame size = 0 */
 234               	/* stack size = 0 */
 235               	.L__stack_usage = 0
 104:../../tmk_core/common/avr/suspend.c ****     // clear keyboard state
 105:../../tmk_core/common/avr/suspend.c ****     clear_keyboard();
 236               		.loc 1 105 0
 237 0000 0C94 0000 		jmp clear_keyboard
 238               	.LVL10:
 239               		.cfi_endproc
 240               	.LFE110:
 242               		.section	.text.__vector_12,"ax",@progbits
 243               	.global	__vector_12
 245               	__vector_12:
 246               	.LFB111:
 106:../../tmk_core/common/avr/suspend.c **** #ifdef BACKLIGHT_ENABLE
 107:../../tmk_core/common/avr/suspend.c ****     backlight_init();
 108:../../tmk_core/common/avr/suspend.c **** #endif
 109:../../tmk_core/common/avr/suspend.c **** }
 110:../../tmk_core/common/avr/suspend.c **** 
 111:../../tmk_core/common/avr/suspend.c **** #ifndef NO_SUSPEND_POWER_DOWN
 112:../../tmk_core/common/avr/suspend.c **** /* watchdog timeout */
 113:../../tmk_core/common/avr/suspend.c **** ISR(WDT_vect)
 114:../../tmk_core/common/avr/suspend.c **** {
 247               		.loc 1 114 0
 248               		.cfi_startproc
 249 0000 1F92      		push r1
 250               	.LCFI1:
 251               		.cfi_def_cfa_offset 3
 252               		.cfi_offset 1, -2
 253 0002 0F92      		push r0
 254               	.LCFI2:
 255               		.cfi_def_cfa_offset 4
 256               		.cfi_offset 0, -3
 257 0004 0FB6      		in r0,__SREG__
 258 0006 0F92      		push r0
 259 0008 1124      		clr __zero_reg__
 260 000a 8F93      		push r24
 261               	.LCFI3:
 262               		.cfi_def_cfa_offset 5
 263               		.cfi_offset 24, -4
 264 000c 9F93      		push r25
 265               	.LCFI4:
 266               		.cfi_def_cfa_offset 6
 267               		.cfi_offset 25, -5
 268 000e AF93      		push r26
 269               	.LCFI5:
 270               		.cfi_def_cfa_offset 7
 271               		.cfi_offset 26, -6
 272 0010 BF93      		push r27
 273               	.LCFI6:
 274               		.cfi_def_cfa_offset 8
 275               		.cfi_offset 27, -7
 276               	/* prologue: Signal */
 277               	/* frame size = 0 */
 278               	/* stack size = 7 */
 279               	.L__stack_usage = 7
 115:../../tmk_core/common/avr/suspend.c ****     // compensate timer for sleep
 116:../../tmk_core/common/avr/suspend.c ****     switch (wdt_timeout) {
 280               		.loc 1 116 0
 281 0012 8091 0000 		lds r24,wdt_timeout
 282 0016 8111      		cpse r24,__zero_reg__
 283 0018 00C0      		rjmp .L16
 117:../../tmk_core/common/avr/suspend.c ****         case WDTO_15MS:
 118:../../tmk_core/common/avr/suspend.c ****             timer_count += 15 + 2;  // WDTO_15MS + 2(from observation)
 284               		.loc 1 118 0
 285 001a 8091 0000 		lds r24,timer_count
 286 001e 9091 0000 		lds r25,timer_count+1
 287 0022 A091 0000 		lds r26,timer_count+2
 288 0026 B091 0000 		lds r27,timer_count+3
 289 002a 4196      		adiw r24,17
 290 002c A11D      		adc r26,__zero_reg__
 291 002e B11D      		adc r27,__zero_reg__
 292 0030 8093 0000 		sts timer_count,r24
 293 0034 9093 0000 		sts timer_count+1,r25
 294 0038 A093 0000 		sts timer_count+2,r26
 295 003c B093 0000 		sts timer_count+3,r27
 296               	.L16:
 297               	/* epilogue start */
 119:../../tmk_core/common/avr/suspend.c ****             break;
 120:../../tmk_core/common/avr/suspend.c ****         default:
 121:../../tmk_core/common/avr/suspend.c ****             ;
 122:../../tmk_core/common/avr/suspend.c ****     }
 123:../../tmk_core/common/avr/suspend.c **** }
 298               		.loc 1 123 0
 299 0040 BF91      		pop r27
 300 0042 AF91      		pop r26
 301 0044 9F91      		pop r25
 302 0046 8F91      		pop r24
 303 0048 0F90      		pop r0
 304 004a 0FBE      		out __SREG__,r0
 305 004c 0F90      		pop r0
 306 004e 1F90      		pop r1
 307 0050 1895      		reti
 308               		.cfi_endproc
 309               	.LFE111:
 311               		.section	.bss.wdt_timeout,"aw",@nobits
 314               	wdt_timeout:
 315 0000 00        		.zero	1
 316               		.text
 317               	.Letext0:
 318               		.file 2 "c:\\program files (x86)\\mhv avr tools\\avr\\include\\stdint.h"
 319               		.file 3 "../../tmk_core/common/matrix.h"
 320               		.file 4 "../../tmk_core/common/timer.h"
 321               		.file 5 "../../tmk_core/protocol/lufa/LUFA-git/LUFA/Drivers/USB/Core/USBTask.h"
 322               		.file 6 "../../tmk_core/protocol/lufa/LUFA-git/LUFA/Drivers/USB/Core/AVR8/../Device.h"
 323               		.file 7 "../../tmk_core/common/action.h"
DEFINED SYMBOLS
                            *ABS*:00000000 suspend.c
C:\msys64\tmp\ccLhSuMZ.s:2      *ABS*:0000003e __SP_H__
C:\msys64\tmp\ccLhSuMZ.s:3      *ABS*:0000003d __SP_L__
C:\msys64\tmp\ccLhSuMZ.s:4      *ABS*:0000003f __SREG__
C:\msys64\tmp\ccLhSuMZ.s:5      *ABS*:0000003b __RAMPZ__
C:\msys64\tmp\ccLhSuMZ.s:6      *ABS*:00000000 __tmp_reg__
C:\msys64\tmp\ccLhSuMZ.s:7      *ABS*:00000001 __zero_reg__
C:\msys64\tmp\ccLhSuMZ.s:14     .text.suspend_idle:00000000 suspend_idle
C:\msys64\tmp\ccLhSuMZ.s:61     .text.suspend_power_down:00000000 suspend_power_down
C:\msys64\tmp\ccLhSuMZ.s:314    .bss.wdt_timeout:00000000 wdt_timeout
C:\msys64\tmp\ccLhSuMZ.s:139    .text.matrix_power_up:00000000 matrix_power_up
C:\msys64\tmp\ccLhSuMZ.s:154    .text.matrix_power_down:00000000 matrix_power_down
C:\msys64\tmp\ccLhSuMZ.s:169    .text.suspend_wakeup_condition:00000000 suspend_wakeup_condition
C:\msys64\tmp\ccLhSuMZ.s:228    .text.suspend_wakeup_init:00000000 suspend_wakeup_init
C:\msys64\tmp\ccLhSuMZ.s:245    .text.__vector_12:00000000 __vector_12

UNDEFINED SYMBOLS
USB_DeviceState
matrix_scan
matrix_get_row
clear_keyboard
timer_count
__do_clear_bss
