   1               		.file	"timer.c"
   2               	__SP_H__ = 0x3e
   3               	__SP_L__ = 0x3d
   4               	__SREG__ = 0x3f
   5               	__RAMPZ__ = 0x3b
   6               	__tmp_reg__ = 0
   7               	__zero_reg__ = 1
   8               		.text
   9               	.Ltext0:
  10               		.cfi_sections	.debug_frame
  11               		.section	.text.timer_init,"ax",@progbits
  12               	.global	timer_init
  14               	timer_init:
  15               	.LFB0:
  16               		.file 1 "../../tmk_core/common/avr/timer.c"
   1:../../tmk_core/common/avr/timer.c **** /*
   2:../../tmk_core/common/avr/timer.c **** Copyright 2011 Jun Wako <wakojun@gmail.com>
   3:../../tmk_core/common/avr/timer.c **** 
   4:../../tmk_core/common/avr/timer.c **** This program is free software: you can redistribute it and/or modify
   5:../../tmk_core/common/avr/timer.c **** it under the terms of the GNU General Public License as published by
   6:../../tmk_core/common/avr/timer.c **** the Free Software Foundation, either version 2 of the License, or
   7:../../tmk_core/common/avr/timer.c **** (at your option) any later version.
   8:../../tmk_core/common/avr/timer.c **** 
   9:../../tmk_core/common/avr/timer.c **** This program is distributed in the hope that it will be useful,
  10:../../tmk_core/common/avr/timer.c **** but WITHOUT ANY WARRANTY; without even the implied warranty of
  11:../../tmk_core/common/avr/timer.c **** MERCHANTABILITY or FITNESS FOR A PARTICULAR PURPOSE.  See the
  12:../../tmk_core/common/avr/timer.c **** GNU General Public License for more details.
  13:../../tmk_core/common/avr/timer.c **** 
  14:../../tmk_core/common/avr/timer.c **** You should have received a copy of the GNU General Public License
  15:../../tmk_core/common/avr/timer.c **** along with this program.  If not, see <http://www.gnu.org/licenses/>.
  16:../../tmk_core/common/avr/timer.c **** */
  17:../../tmk_core/common/avr/timer.c **** 
  18:../../tmk_core/common/avr/timer.c **** #include <avr/io.h>
  19:../../tmk_core/common/avr/timer.c **** #include <avr/interrupt.h>
  20:../../tmk_core/common/avr/timer.c **** #include <stdint.h>
  21:../../tmk_core/common/avr/timer.c **** #include "timer_avr.h"
  22:../../tmk_core/common/avr/timer.c **** #include "timer.h"
  23:../../tmk_core/common/avr/timer.c **** 
  24:../../tmk_core/common/avr/timer.c **** 
  25:../../tmk_core/common/avr/timer.c **** // counter resolution 1ms
  26:../../tmk_core/common/avr/timer.c **** // NOTE: union { uint32_t timer32; struct { uint16_t dummy; uint16_t timer16; }}
  27:../../tmk_core/common/avr/timer.c **** volatile uint32_t timer_count = 0;
  28:../../tmk_core/common/avr/timer.c **** 
  29:../../tmk_core/common/avr/timer.c **** void timer_init(void)
  30:../../tmk_core/common/avr/timer.c **** {
  17               		.loc 1 30 0
  18               		.cfi_startproc
  19               	/* prologue: function */
  20               	/* frame size = 0 */
  21               	/* stack size = 0 */
  22               	.L__stack_usage = 0
  31:../../tmk_core/common/avr/timer.c ****     // Timer0 CTC mode
  32:../../tmk_core/common/avr/timer.c ****     TCCR0A = 0x02;
  23               		.loc 1 32 0
  24 0000 82E0      		ldi r24,lo8(2)
  25 0002 84BD      		out 0x24,r24
  33:../../tmk_core/common/avr/timer.c **** 
  34:../../tmk_core/common/avr/timer.c **** #if TIMER_PRESCALER == 1
  35:../../tmk_core/common/avr/timer.c ****     TCCR0B = 0x01;
  36:../../tmk_core/common/avr/timer.c **** #elif TIMER_PRESCALER == 8
  37:../../tmk_core/common/avr/timer.c ****     TCCR0B = 0x02;
  38:../../tmk_core/common/avr/timer.c **** #elif TIMER_PRESCALER == 64
  39:../../tmk_core/common/avr/timer.c ****     TCCR0B = 0x03;
  26               		.loc 1 39 0
  27 0004 93E0      		ldi r25,lo8(3)
  28 0006 95BD      		out 0x25,r25
  40:../../tmk_core/common/avr/timer.c **** #elif TIMER_PRESCALER == 256
  41:../../tmk_core/common/avr/timer.c ****     TCCR0B = 0x04;
  42:../../tmk_core/common/avr/timer.c **** #elif TIMER_PRESCALER == 1024
  43:../../tmk_core/common/avr/timer.c ****     TCCR0B = 0x05;
  44:../../tmk_core/common/avr/timer.c **** #else
  45:../../tmk_core/common/avr/timer.c **** #   error "Timer prescaler value is NOT vaild."
  46:../../tmk_core/common/avr/timer.c **** #endif
  47:../../tmk_core/common/avr/timer.c **** 
  48:../../tmk_core/common/avr/timer.c ****     OCR0A = TIMER_RAW_TOP;
  29               		.loc 1 48 0
  30 0008 9AEF      		ldi r25,lo8(-6)
  31 000a 97BD      		out 0x27,r25
  49:../../tmk_core/common/avr/timer.c ****     TIMSK0 = (1<<OCIE0A);
  32               		.loc 1 49 0
  33 000c 8093 6E00 		sts 110,r24
  34 0010 0895      		ret
  35               		.cfi_endproc
  36               	.LFE0:
  38               		.section	.text.timer_clear,"ax",@progbits
  39               	.global	timer_clear
  41               	timer_clear:
  42               	.LFB1:
  50:../../tmk_core/common/avr/timer.c **** }
  51:../../tmk_core/common/avr/timer.c **** 
  52:../../tmk_core/common/avr/timer.c **** inline
  53:../../tmk_core/common/avr/timer.c **** void timer_clear(void)
  54:../../tmk_core/common/avr/timer.c **** {
  43               		.loc 1 54 0
  44               		.cfi_startproc
  45               	/* prologue: function */
  46               	/* frame size = 0 */
  47               	/* stack size = 0 */
  48               	.L__stack_usage = 0
  55:../../tmk_core/common/avr/timer.c ****     uint8_t sreg = SREG;
  49               		.loc 1 55 0
  50 0000 8FB7      		in r24,__SREG__
  51               	.LVL0:
  56:../../tmk_core/common/avr/timer.c ****     cli();
  52               		.loc 1 56 0
  53               	/* #APP */
  54               	 ;  56 "../../tmk_core/common/avr/timer.c" 1
  55 0002 F894      		cli
  56               	 ;  0 "" 2
  57:../../tmk_core/common/avr/timer.c ****     timer_count = 0;
  57               		.loc 1 57 0
  58               	/* #NOAPP */
  59 0004 1092 0000 		sts timer_count,__zero_reg__
  60 0008 1092 0000 		sts timer_count+1,__zero_reg__
  61 000c 1092 0000 		sts timer_count+2,__zero_reg__
  62 0010 1092 0000 		sts timer_count+3,__zero_reg__
  58:../../tmk_core/common/avr/timer.c ****     SREG = sreg;
  63               		.loc 1 58 0
  64 0014 8FBF      		out __SREG__,r24
  65 0016 0895      		ret
  66               		.cfi_endproc
  67               	.LFE1:
  69               		.section	.text.timer_read,"ax",@progbits
  70               	.global	timer_read
  72               	timer_read:
  73               	.LFB2:
  59:../../tmk_core/common/avr/timer.c **** }
  60:../../tmk_core/common/avr/timer.c **** 
  61:../../tmk_core/common/avr/timer.c **** inline
  62:../../tmk_core/common/avr/timer.c **** uint16_t timer_read(void)
  63:../../tmk_core/common/avr/timer.c **** {
  74               		.loc 1 63 0
  75               		.cfi_startproc
  76               	/* prologue: function */
  77               	/* frame size = 0 */
  78               	/* stack size = 0 */
  79               	.L__stack_usage = 0
  64:../../tmk_core/common/avr/timer.c ****     uint32_t t;
  65:../../tmk_core/common/avr/timer.c **** 
  66:../../tmk_core/common/avr/timer.c ****     uint8_t sreg = SREG;
  80               		.loc 1 66 0
  81 0000 2FB7      		in r18,__SREG__
  82               	.LVL1:
  67:../../tmk_core/common/avr/timer.c ****     cli();
  83               		.loc 1 67 0
  84               	/* #APP */
  85               	 ;  67 "../../tmk_core/common/avr/timer.c" 1
  86 0002 F894      		cli
  87               	 ;  0 "" 2
  68:../../tmk_core/common/avr/timer.c ****     t = timer_count;
  88               		.loc 1 68 0
  89               	/* #NOAPP */
  90 0004 8091 0000 		lds r24,timer_count
  91 0008 9091 0000 		lds r25,timer_count+1
  92 000c A091 0000 		lds r26,timer_count+2
  93 0010 B091 0000 		lds r27,timer_count+3
  69:../../tmk_core/common/avr/timer.c ****     SREG = sreg;
  94               		.loc 1 69 0
  95 0014 2FBF      		out __SREG__,r18
  70:../../tmk_core/common/avr/timer.c **** 
  71:../../tmk_core/common/avr/timer.c ****     return (t & 0xFFFF);
  72:../../tmk_core/common/avr/timer.c **** }
  96               		.loc 1 72 0
  97 0016 0895      		ret
  98               		.cfi_endproc
  99               	.LFE2:
 101               		.section	.text.timer_read32,"ax",@progbits
 102               	.global	timer_read32
 104               	timer_read32:
 105               	.LFB3:
  73:../../tmk_core/common/avr/timer.c **** 
  74:../../tmk_core/common/avr/timer.c **** inline
  75:../../tmk_core/common/avr/timer.c **** uint32_t timer_read32(void)
  76:../../tmk_core/common/avr/timer.c **** {
 106               		.loc 1 76 0
 107               		.cfi_startproc
 108               	/* prologue: function */
 109               	/* frame size = 0 */
 110               	/* stack size = 0 */
 111               	.L__stack_usage = 0
  77:../../tmk_core/common/avr/timer.c ****     uint32_t t;
  78:../../tmk_core/common/avr/timer.c **** 
  79:../../tmk_core/common/avr/timer.c ****     uint8_t sreg = SREG;
 112               		.loc 1 79 0
 113 0000 2FB7      		in r18,__SREG__
 114               	.LVL2:
  80:../../tmk_core/common/avr/timer.c ****     cli();
 115               		.loc 1 80 0
 116               	/* #APP */
 117               	 ;  80 "../../tmk_core/common/avr/timer.c" 1
 118 0002 F894      		cli
 119               	 ;  0 "" 2
  81:../../tmk_core/common/avr/timer.c ****     t = timer_count;
 120               		.loc 1 81 0
 121               	/* #NOAPP */
 122 0004 6091 0000 		lds r22,timer_count
 123 0008 7091 0000 		lds r23,timer_count+1
 124 000c 8091 0000 		lds r24,timer_count+2
 125 0010 9091 0000 		lds r25,timer_count+3
 126               	.LVL3:
  82:../../tmk_core/common/avr/timer.c ****     SREG = sreg;
 127               		.loc 1 82 0
 128 0014 2FBF      		out __SREG__,r18
  83:../../tmk_core/common/avr/timer.c **** 
  84:../../tmk_core/common/avr/timer.c ****     return t;
  85:../../tmk_core/common/avr/timer.c **** }
 129               		.loc 1 85 0
 130 0016 0895      		ret
 131               		.cfi_endproc
 132               	.LFE3:
 134               		.section	.text.timer_elapsed,"ax",@progbits
 135               	.global	timer_elapsed
 137               	timer_elapsed:
 138               	.LFB4:
  86:../../tmk_core/common/avr/timer.c **** 
  87:../../tmk_core/common/avr/timer.c **** inline
  88:../../tmk_core/common/avr/timer.c **** uint16_t timer_elapsed(uint16_t last)
  89:../../tmk_core/common/avr/timer.c **** {
 139               		.loc 1 89 0
 140               		.cfi_startproc
 141               	.LVL4:
 142 0000 CF92      		push r12
 143               	.LCFI0:
 144               		.cfi_def_cfa_offset 3
 145               		.cfi_offset 12, -2
 146 0002 DF92      		push r13
 147               	.LCFI1:
 148               		.cfi_def_cfa_offset 4
 149               		.cfi_offset 13, -3
 150 0004 EF92      		push r14
 151               	.LCFI2:
 152               		.cfi_def_cfa_offset 5
 153               		.cfi_offset 14, -4
 154 0006 FF92      		push r15
 155               	.LCFI3:
 156               		.cfi_def_cfa_offset 6
 157               		.cfi_offset 15, -5
 158 0008 0F93      		push r16
 159               	.LCFI4:
 160               		.cfi_def_cfa_offset 7
 161               		.cfi_offset 16, -6
 162 000a 1F93      		push r17
 163               	.LCFI5:
 164               		.cfi_def_cfa_offset 8
 165               		.cfi_offset 17, -7
 166               	/* prologue: function */
 167               	/* frame size = 0 */
 168               	/* stack size = 6 */
 169               	.L__stack_usage = 6
  90:../../tmk_core/common/avr/timer.c ****     uint32_t t;
  91:../../tmk_core/common/avr/timer.c **** 
  92:../../tmk_core/common/avr/timer.c ****     uint8_t sreg = SREG;
 170               		.loc 1 92 0
 171 000c 2FB7      		in r18,__SREG__
 172               	.LVL5:
  93:../../tmk_core/common/avr/timer.c ****     cli();
 173               		.loc 1 93 0
 174               	/* #APP */
 175               	 ;  93 "../../tmk_core/common/avr/timer.c" 1
 176 000e F894      		cli
 177               	 ;  0 "" 2
  94:../../tmk_core/common/avr/timer.c ****     t = timer_count;
 178               		.loc 1 94 0
 179               	/* #NOAPP */
 180 0010 4091 0000 		lds r20,timer_count
 181 0014 5091 0000 		lds r21,timer_count+1
 182 0018 6091 0000 		lds r22,timer_count+2
 183 001c 7091 0000 		lds r23,timer_count+3
 184               	.LVL6:
  95:../../tmk_core/common/avr/timer.c ****     SREG = sreg;
 185               		.loc 1 95 0
 186 0020 2FBF      		out __SREG__,r18
  96:../../tmk_core/common/avr/timer.c **** 
  97:../../tmk_core/common/avr/timer.c ****     return TIMER_DIFF_16((t & 0xFFFF), last);
 187               		.loc 1 97 0
 188 0022 6A01      		movw r12,r20
 189 0024 7B01      		movw r14,r22
 190 0026 EE24      		clr r14
 191 0028 FF24      		clr r15
 192 002a 8C01      		movw r16,r24
 193 002c 20E0      		ldi r18,0
 194 002e 30E0      		ldi r19,0
 195               	.LVL7:
 196 0030 C016      		cp r12,r16
 197 0032 D106      		cpc r13,r17
 198 0034 E206      		cpc r14,r18
 199 0036 F306      		cpc r15,r19
 200 0038 00F4      		brsh .L8
 201               		.loc 1 97 0 is_stmt 0 discriminator 2
 202 003a 4150      		subi r20,1
 203 003c 5109      		sbc r21,__zero_reg__
 204               	.LVL8:
 205               	.L8:
 206 003e 481B      		sub r20,r24
 207 0040 590B      		sbc r21,r25
  98:../../tmk_core/common/avr/timer.c **** }
 208               		.loc 1 98 0 is_stmt 1 discriminator 2
 209 0042 CA01      		movw r24,r20
 210               	.LVL9:
 211               	/* epilogue start */
 212 0044 1F91      		pop r17
 213 0046 0F91      		pop r16
 214               	.LVL10:
 215 0048 FF90      		pop r15
 216 004a EF90      		pop r14
 217 004c DF90      		pop r13
 218 004e CF90      		pop r12
 219 0050 0895      		ret
 220               		.cfi_endproc
 221               	.LFE4:
 223               		.section	.text.timer_elapsed32,"ax",@progbits
 224               	.global	timer_elapsed32
 226               	timer_elapsed32:
 227               	.LFB5:
  99:../../tmk_core/common/avr/timer.c **** 
 100:../../tmk_core/common/avr/timer.c **** inline
 101:../../tmk_core/common/avr/timer.c **** uint32_t timer_elapsed32(uint32_t last)
 102:../../tmk_core/common/avr/timer.c **** {
 228               		.loc 1 102 0
 229               		.cfi_startproc
 230               	.LVL11:
 231 0000 CF92      		push r12
 232               	.LCFI6:
 233               		.cfi_def_cfa_offset 3
 234               		.cfi_offset 12, -2
 235 0002 DF92      		push r13
 236               	.LCFI7:
 237               		.cfi_def_cfa_offset 4
 238               		.cfi_offset 13, -3
 239 0004 EF92      		push r14
 240               	.LCFI8:
 241               		.cfi_def_cfa_offset 5
 242               		.cfi_offset 14, -4
 243 0006 FF92      		push r15
 244               	.LCFI9:
 245               		.cfi_def_cfa_offset 6
 246               		.cfi_offset 15, -5
 247 0008 0F93      		push r16
 248               	.LCFI10:
 249               		.cfi_def_cfa_offset 7
 250               		.cfi_offset 16, -6
 251 000a 1F93      		push r17
 252               	.LCFI11:
 253               		.cfi_def_cfa_offset 8
 254               		.cfi_offset 17, -7
 255               	/* prologue: function */
 256               	/* frame size = 0 */
 257               	/* stack size = 6 */
 258               	.L__stack_usage = 6
 103:../../tmk_core/common/avr/timer.c ****     uint32_t t;
 104:../../tmk_core/common/avr/timer.c **** 
 105:../../tmk_core/common/avr/timer.c ****     uint8_t sreg = SREG;
 259               		.loc 1 105 0
 260 000c 4FB7      		in r20,__SREG__
 261               	.LVL12:
 106:../../tmk_core/common/avr/timer.c ****     cli();
 262               		.loc 1 106 0
 263               	/* #APP */
 264               	 ;  106 "../../tmk_core/common/avr/timer.c" 1
 265 000e F894      		cli
 266               	 ;  0 "" 2
 107:../../tmk_core/common/avr/timer.c ****     t = timer_count;
 267               		.loc 1 107 0
 268               	/* #NOAPP */
 269 0010 0091 0000 		lds r16,timer_count
 270 0014 1091 0000 		lds r17,timer_count+1
 271 0018 2091 0000 		lds r18,timer_count+2
 272 001c 3091 0000 		lds r19,timer_count+3
 273               	.LVL13:
 108:../../tmk_core/common/avr/timer.c ****     SREG = sreg;
 274               		.loc 1 108 0
 275 0020 4FBF      		out __SREG__,r20
 276 0022 6801      		movw r12,r16
 277 0024 7901      		movw r14,r18
 278 0026 C61A      		sub r12,r22
 279 0028 D70A      		sbc r13,r23
 280 002a E80A      		sbc r14,r24
 281 002c F90A      		sbc r15,r25
 109:../../tmk_core/common/avr/timer.c **** 
 110:../../tmk_core/common/avr/timer.c ****     return TIMER_DIFF_32(t, last);
 282               		.loc 1 110 0
 283 002e 0617      		cp r16,r22
 284 0030 1707      		cpc r17,r23
 285 0032 2807      		cpc r18,r24
 286 0034 3907      		cpc r19,r25
 287 0036 00F0      		brlo .L11
 288               		.loc 1 110 0 is_stmt 0 discriminator 1
 289 0038 C701      		movw r24,r14
 290 003a B601      		movw r22,r12
 291               	.LVL14:
 292 003c 00C0      		rjmp .L12
 293               	.LVL15:
 294               	.L11:
 295               		.loc 1 110 0 discriminator 2
 296 003e C701      		movw r24,r14
 297 0040 B601      		movw r22,r12
 298               	.LVL16:
 299 0042 6150      		subi r22,1
 300 0044 7109      		sbc r23,__zero_reg__
 301 0046 8109      		sbc r24,__zero_reg__
 302 0048 9109      		sbc r25,__zero_reg__
 303               	.L12:
 304               	/* epilogue start */
 111:../../tmk_core/common/avr/timer.c **** }
 305               		.loc 1 111 0 is_stmt 1 discriminator 3
 306 004a 1F91      		pop r17
 307 004c 0F91      		pop r16
 308               	.LVL17:
 309 004e FF90      		pop r15
 310 0050 EF90      		pop r14
 311 0052 DF90      		pop r13
 312 0054 CF90      		pop r12
 313 0056 0895      		ret
 314               		.cfi_endproc
 315               	.LFE5:
 317               		.section	.text.__vector_21,"ax",@progbits
 318               	.global	__vector_21
 320               	__vector_21:
 321               	.LFB6:
 112:../../tmk_core/common/avr/timer.c **** 
 113:../../tmk_core/common/avr/timer.c **** // excecuted once per 1ms.(excess for just timer count?)
 114:../../tmk_core/common/avr/timer.c **** ISR(TIMER0_COMPA_vect)
 115:../../tmk_core/common/avr/timer.c **** {
 322               		.loc 1 115 0
 323               		.cfi_startproc
 324 0000 1F92      		push r1
 325               	.LCFI12:
 326               		.cfi_def_cfa_offset 3
 327               		.cfi_offset 1, -2
 328 0002 0F92      		push r0
 329               	.LCFI13:
 330               		.cfi_def_cfa_offset 4
 331               		.cfi_offset 0, -3
 332 0004 0FB6      		in r0,__SREG__
 333 0006 0F92      		push r0
 334 0008 1124      		clr __zero_reg__
 335 000a 8F93      		push r24
 336               	.LCFI14:
 337               		.cfi_def_cfa_offset 5
 338               		.cfi_offset 24, -4
 339 000c 9F93      		push r25
 340               	.LCFI15:
 341               		.cfi_def_cfa_offset 6
 342               		.cfi_offset 25, -5
 343 000e AF93      		push r26
 344               	.LCFI16:
 345               		.cfi_def_cfa_offset 7
 346               		.cfi_offset 26, -6
 347 0010 BF93      		push r27
 348               	.LCFI17:
 349               		.cfi_def_cfa_offset 8
 350               		.cfi_offset 27, -7
 351               	/* prologue: Signal */
 352               	/* frame size = 0 */
 353               	/* stack size = 7 */
 354               	.L__stack_usage = 7
 116:../../tmk_core/common/avr/timer.c ****     timer_count++;
 355               		.loc 1 116 0
 356 0012 8091 0000 		lds r24,timer_count
 357 0016 9091 0000 		lds r25,timer_count+1
 358 001a A091 0000 		lds r26,timer_count+2
 359 001e B091 0000 		lds r27,timer_count+3
 360 0022 0196      		adiw r24,1
 361 0024 A11D      		adc r26,__zero_reg__
 362 0026 B11D      		adc r27,__zero_reg__
 363 0028 8093 0000 		sts timer_count,r24
 364 002c 9093 0000 		sts timer_count+1,r25
 365 0030 A093 0000 		sts timer_count+2,r26
 366 0034 B093 0000 		sts timer_count+3,r27
 367               	/* epilogue start */
 117:../../tmk_core/common/avr/timer.c **** }
 368               		.loc 1 117 0
 369 0038 BF91      		pop r27
 370 003a AF91      		pop r26
 371 003c 9F91      		pop r25
 372 003e 8F91      		pop r24
 373 0040 0F90      		pop r0
 374 0042 0FBE      		out __SREG__,r0
 375 0044 0F90      		pop r0
 376 0046 1F90      		pop r1
 377 0048 1895      		reti
 378               		.cfi_endproc
 379               	.LFE6:
 381               	.global	timer_count
 382               		.section	.bss.timer_count,"aw",@nobits
 385               	timer_count:
 386 0000 0000 0000 		.zero	4
 387               		.text
 388               	.Letext0:
 389               		.file 2 "c:\\program files (x86)\\mhv avr tools\\avr\\include\\stdint.h"
DEFINED SYMBOLS
                            *ABS*:00000000 timer.c
C:\msys64\tmp\cchkij2a.s:2      *ABS*:0000003e __SP_H__
C:\msys64\tmp\cchkij2a.s:3      *ABS*:0000003d __SP_L__
C:\msys64\tmp\cchkij2a.s:4      *ABS*:0000003f __SREG__
C:\msys64\tmp\cchkij2a.s:5      *ABS*:0000003b __RAMPZ__
C:\msys64\tmp\cchkij2a.s:6      *ABS*:00000000 __tmp_reg__
C:\msys64\tmp\cchkij2a.s:7      *ABS*:00000001 __zero_reg__
C:\msys64\tmp\cchkij2a.s:14     .text.timer_init:00000000 timer_init
C:\msys64\tmp\cchkij2a.s:41     .text.timer_clear:00000000 timer_clear
C:\msys64\tmp\cchkij2a.s:385    .bss.timer_count:00000000 timer_count
C:\msys64\tmp\cchkij2a.s:72     .text.timer_read:00000000 timer_read
C:\msys64\tmp\cchkij2a.s:104    .text.timer_read32:00000000 timer_read32
C:\msys64\tmp\cchkij2a.s:137    .text.timer_elapsed:00000000 timer_elapsed
C:\msys64\tmp\cchkij2a.s:226    .text.timer_elapsed32:00000000 timer_elapsed32
C:\msys64\tmp\cchkij2a.s:320    .text.__vector_21:00000000 __vector_21

UNDEFINED SYMBOLS
__do_clear_bss
