   1               		.file	"ConfigDescriptors.c"
   2               	__SP_H__ = 0x3e
   3               	__SP_L__ = 0x3d
   4               	__SREG__ = 0x3f
   5               	__RAMPZ__ = 0x3b
   6               	__tmp_reg__ = 0
   7               	__zero_reg__ = 1
   8               		.text
   9               	.Ltext0:
  10               		.cfi_sections	.debug_frame
  11               		.section	.text.USB_GetNextDescriptor,"ax",@progbits
  13               	USB_GetNextDescriptor:
  14               	.LFB87:
  15               		.file 1 "../../tmk_core/protocol/lufa/LUFA-git/LUFA/Drivers/USB/Core/ConfigDescriptors.h"
   1:../../tmk_core/protocol/lufa/LUFA-git/LUFA/Drivers/USB/Core/ConfigDescriptors.h **** /*
   2:../../tmk_core/protocol/lufa/LUFA-git/LUFA/Drivers/USB/Core/ConfigDescriptors.h ****              LUFA Library
   3:../../tmk_core/protocol/lufa/LUFA-git/LUFA/Drivers/USB/Core/ConfigDescriptors.h ****      Copyright (C) Dean Camera, 2014.
   4:../../tmk_core/protocol/lufa/LUFA-git/LUFA/Drivers/USB/Core/ConfigDescriptors.h **** 
   5:../../tmk_core/protocol/lufa/LUFA-git/LUFA/Drivers/USB/Core/ConfigDescriptors.h ****   dean [at] fourwalledcubicle [dot] com
   6:../../tmk_core/protocol/lufa/LUFA-git/LUFA/Drivers/USB/Core/ConfigDescriptors.h ****            www.lufa-lib.org
   7:../../tmk_core/protocol/lufa/LUFA-git/LUFA/Drivers/USB/Core/ConfigDescriptors.h **** */
   8:../../tmk_core/protocol/lufa/LUFA-git/LUFA/Drivers/USB/Core/ConfigDescriptors.h **** 
   9:../../tmk_core/protocol/lufa/LUFA-git/LUFA/Drivers/USB/Core/ConfigDescriptors.h **** /*
  10:../../tmk_core/protocol/lufa/LUFA-git/LUFA/Drivers/USB/Core/ConfigDescriptors.h ****   Copyright 2014  Dean Camera (dean [at] fourwalledcubicle [dot] com)
  11:../../tmk_core/protocol/lufa/LUFA-git/LUFA/Drivers/USB/Core/ConfigDescriptors.h **** 
  12:../../tmk_core/protocol/lufa/LUFA-git/LUFA/Drivers/USB/Core/ConfigDescriptors.h ****   Permission to use, copy, modify, distribute, and sell this
  13:../../tmk_core/protocol/lufa/LUFA-git/LUFA/Drivers/USB/Core/ConfigDescriptors.h ****   software and its documentation for any purpose is hereby granted
  14:../../tmk_core/protocol/lufa/LUFA-git/LUFA/Drivers/USB/Core/ConfigDescriptors.h ****   without fee, provided that the above copyright notice appear in
  15:../../tmk_core/protocol/lufa/LUFA-git/LUFA/Drivers/USB/Core/ConfigDescriptors.h ****   all copies and that both that the copyright notice and this
  16:../../tmk_core/protocol/lufa/LUFA-git/LUFA/Drivers/USB/Core/ConfigDescriptors.h ****   permission notice and warranty disclaimer appear in supporting
  17:../../tmk_core/protocol/lufa/LUFA-git/LUFA/Drivers/USB/Core/ConfigDescriptors.h ****   documentation, and that the name of the author not be used in
  18:../../tmk_core/protocol/lufa/LUFA-git/LUFA/Drivers/USB/Core/ConfigDescriptors.h ****   advertising or publicity pertaining to distribution of the
  19:../../tmk_core/protocol/lufa/LUFA-git/LUFA/Drivers/USB/Core/ConfigDescriptors.h ****   software without specific, written prior permission.
  20:../../tmk_core/protocol/lufa/LUFA-git/LUFA/Drivers/USB/Core/ConfigDescriptors.h **** 
  21:../../tmk_core/protocol/lufa/LUFA-git/LUFA/Drivers/USB/Core/ConfigDescriptors.h ****   The author disclaims all warranties with regard to this
  22:../../tmk_core/protocol/lufa/LUFA-git/LUFA/Drivers/USB/Core/ConfigDescriptors.h ****   software, including all implied warranties of merchantability
  23:../../tmk_core/protocol/lufa/LUFA-git/LUFA/Drivers/USB/Core/ConfigDescriptors.h ****   and fitness.  In no event shall the author be liable for any
  24:../../tmk_core/protocol/lufa/LUFA-git/LUFA/Drivers/USB/Core/ConfigDescriptors.h ****   special, indirect or consequential damages or any damages
  25:../../tmk_core/protocol/lufa/LUFA-git/LUFA/Drivers/USB/Core/ConfigDescriptors.h ****   whatsoever resulting from loss of use, data or profits, whether
  26:../../tmk_core/protocol/lufa/LUFA-git/LUFA/Drivers/USB/Core/ConfigDescriptors.h ****   in an action of contract, negligence or other tortious action,
  27:../../tmk_core/protocol/lufa/LUFA-git/LUFA/Drivers/USB/Core/ConfigDescriptors.h ****   arising out of or in connection with the use or performance of
  28:../../tmk_core/protocol/lufa/LUFA-git/LUFA/Drivers/USB/Core/ConfigDescriptors.h ****   this software.
  29:../../tmk_core/protocol/lufa/LUFA-git/LUFA/Drivers/USB/Core/ConfigDescriptors.h **** */
  30:../../tmk_core/protocol/lufa/LUFA-git/LUFA/Drivers/USB/Core/ConfigDescriptors.h **** 
  31:../../tmk_core/protocol/lufa/LUFA-git/LUFA/Drivers/USB/Core/ConfigDescriptors.h **** /** \file
  32:../../tmk_core/protocol/lufa/LUFA-git/LUFA/Drivers/USB/Core/ConfigDescriptors.h ****  *  \brief USB Configuration Descriptor definitions.
  33:../../tmk_core/protocol/lufa/LUFA-git/LUFA/Drivers/USB/Core/ConfigDescriptors.h ****  *  \copydetails Group_ConfigDescriptorParser
  34:../../tmk_core/protocol/lufa/LUFA-git/LUFA/Drivers/USB/Core/ConfigDescriptors.h ****  *
  35:../../tmk_core/protocol/lufa/LUFA-git/LUFA/Drivers/USB/Core/ConfigDescriptors.h ****  *  \note This file should not be included directly. It is automatically included as needed by the 
  36:../../tmk_core/protocol/lufa/LUFA-git/LUFA/Drivers/USB/Core/ConfigDescriptors.h ****  *        dispatch header located in LUFA/Drivers/USB/USB.h.
  37:../../tmk_core/protocol/lufa/LUFA-git/LUFA/Drivers/USB/Core/ConfigDescriptors.h ****  */
  38:../../tmk_core/protocol/lufa/LUFA-git/LUFA/Drivers/USB/Core/ConfigDescriptors.h **** 
  39:../../tmk_core/protocol/lufa/LUFA-git/LUFA/Drivers/USB/Core/ConfigDescriptors.h **** /** \ingroup Group_StdDescriptors
  40:../../tmk_core/protocol/lufa/LUFA-git/LUFA/Drivers/USB/Core/ConfigDescriptors.h ****  *  \defgroup Group_ConfigDescriptorParser Configuration Descriptor Parser
  41:../../tmk_core/protocol/lufa/LUFA-git/LUFA/Drivers/USB/Core/ConfigDescriptors.h ****  *  \brief USB Configuration Descriptor definitions.
  42:../../tmk_core/protocol/lufa/LUFA-git/LUFA/Drivers/USB/Core/ConfigDescriptors.h ****  *
  43:../../tmk_core/protocol/lufa/LUFA-git/LUFA/Drivers/USB/Core/ConfigDescriptors.h ****  *  This section of the library gives a friendly API which can be used in host applications to easi
  44:../../tmk_core/protocol/lufa/LUFA-git/LUFA/Drivers/USB/Core/ConfigDescriptors.h ****  *  parse an attached device's configuration descriptor so that endpoint, interface and other descr
  45:../../tmk_core/protocol/lufa/LUFA-git/LUFA/Drivers/USB/Core/ConfigDescriptors.h ****  *  data can be extracted and used as needed.
  46:../../tmk_core/protocol/lufa/LUFA-git/LUFA/Drivers/USB/Core/ConfigDescriptors.h ****  *
  47:../../tmk_core/protocol/lufa/LUFA-git/LUFA/Drivers/USB/Core/ConfigDescriptors.h ****  *  @{
  48:../../tmk_core/protocol/lufa/LUFA-git/LUFA/Drivers/USB/Core/ConfigDescriptors.h ****  */
  49:../../tmk_core/protocol/lufa/LUFA-git/LUFA/Drivers/USB/Core/ConfigDescriptors.h **** 
  50:../../tmk_core/protocol/lufa/LUFA-git/LUFA/Drivers/USB/Core/ConfigDescriptors.h **** #ifndef __CONFIGDESCRIPTORS_H__
  51:../../tmk_core/protocol/lufa/LUFA-git/LUFA/Drivers/USB/Core/ConfigDescriptors.h **** #define __CONFIGDESCRIPTORS_H__
  52:../../tmk_core/protocol/lufa/LUFA-git/LUFA/Drivers/USB/Core/ConfigDescriptors.h **** 
  53:../../tmk_core/protocol/lufa/LUFA-git/LUFA/Drivers/USB/Core/ConfigDescriptors.h **** 	/* Includes: */
  54:../../tmk_core/protocol/lufa/LUFA-git/LUFA/Drivers/USB/Core/ConfigDescriptors.h **** 		#include "../../../Common/Common.h"
  55:../../tmk_core/protocol/lufa/LUFA-git/LUFA/Drivers/USB/Core/ConfigDescriptors.h **** 		#include "USBMode.h"
  56:../../tmk_core/protocol/lufa/LUFA-git/LUFA/Drivers/USB/Core/ConfigDescriptors.h **** 		#include "HostStandardReq.h"
  57:../../tmk_core/protocol/lufa/LUFA-git/LUFA/Drivers/USB/Core/ConfigDescriptors.h **** 		#include "StdDescriptors.h"
  58:../../tmk_core/protocol/lufa/LUFA-git/LUFA/Drivers/USB/Core/ConfigDescriptors.h **** 
  59:../../tmk_core/protocol/lufa/LUFA-git/LUFA/Drivers/USB/Core/ConfigDescriptors.h **** 	/* Enable C linkage for C++ Compilers: */
  60:../../tmk_core/protocol/lufa/LUFA-git/LUFA/Drivers/USB/Core/ConfigDescriptors.h **** 		#if defined(__cplusplus)
  61:../../tmk_core/protocol/lufa/LUFA-git/LUFA/Drivers/USB/Core/ConfigDescriptors.h **** 			extern "C" {
  62:../../tmk_core/protocol/lufa/LUFA-git/LUFA/Drivers/USB/Core/ConfigDescriptors.h **** 		#endif
  63:../../tmk_core/protocol/lufa/LUFA-git/LUFA/Drivers/USB/Core/ConfigDescriptors.h **** 
  64:../../tmk_core/protocol/lufa/LUFA-git/LUFA/Drivers/USB/Core/ConfigDescriptors.h **** 	/* Preprocessor Checks: */
  65:../../tmk_core/protocol/lufa/LUFA-git/LUFA/Drivers/USB/Core/ConfigDescriptors.h **** 		#if !defined(__INCLUDE_FROM_USB_DRIVER)
  66:../../tmk_core/protocol/lufa/LUFA-git/LUFA/Drivers/USB/Core/ConfigDescriptors.h **** 			#error Do not include this file directly. Include LUFA/Drivers/USB/USB.h instead.
  67:../../tmk_core/protocol/lufa/LUFA-git/LUFA/Drivers/USB/Core/ConfigDescriptors.h **** 		#endif
  68:../../tmk_core/protocol/lufa/LUFA-git/LUFA/Drivers/USB/Core/ConfigDescriptors.h **** 
  69:../../tmk_core/protocol/lufa/LUFA-git/LUFA/Drivers/USB/Core/ConfigDescriptors.h **** 	/* Public Interface - May be used in end-application: */
  70:../../tmk_core/protocol/lufa/LUFA-git/LUFA/Drivers/USB/Core/ConfigDescriptors.h **** 		/* Macros: */
  71:../../tmk_core/protocol/lufa/LUFA-git/LUFA/Drivers/USB/Core/ConfigDescriptors.h **** 			/** Casts a pointer to a descriptor inside the configuration descriptor into a pointer to the gi
  72:../../tmk_core/protocol/lufa/LUFA-git/LUFA/Drivers/USB/Core/ConfigDescriptors.h **** 			 *  descriptor type.
  73:../../tmk_core/protocol/lufa/LUFA-git/LUFA/Drivers/USB/Core/ConfigDescriptors.h **** 			 *
  74:../../tmk_core/protocol/lufa/LUFA-git/LUFA/Drivers/USB/Core/ConfigDescriptors.h **** 			 *  Usage Example:
  75:../../tmk_core/protocol/lufa/LUFA-git/LUFA/Drivers/USB/Core/ConfigDescriptors.h **** 			 *  \code
  76:../../tmk_core/protocol/lufa/LUFA-git/LUFA/Drivers/USB/Core/ConfigDescriptors.h **** 			 *  uint8_t* CurrDescriptor = &ConfigDescriptor[0]; // Pointing to the configuration header
  77:../../tmk_core/protocol/lufa/LUFA-git/LUFA/Drivers/USB/Core/ConfigDescriptors.h **** 			 *  USB_Descriptor_Configuration_Header_t* ConfigHeaderPtr = DESCRIPTOR_PCAST(CurrDescriptor,
  78:../../tmk_core/protocol/lufa/LUFA-git/LUFA/Drivers/USB/Core/ConfigDescriptors.h **** 			 *                                                           USB_Descriptor_Configuration_Header
  79:../../tmk_core/protocol/lufa/LUFA-git/LUFA/Drivers/USB/Core/ConfigDescriptors.h **** 			 *
  80:../../tmk_core/protocol/lufa/LUFA-git/LUFA/Drivers/USB/Core/ConfigDescriptors.h **** 			 *  // Can now access elements of the configuration header struct using the -> indirection opera
  81:../../tmk_core/protocol/lufa/LUFA-git/LUFA/Drivers/USB/Core/ConfigDescriptors.h **** 			 *  \endcode
  82:../../tmk_core/protocol/lufa/LUFA-git/LUFA/Drivers/USB/Core/ConfigDescriptors.h **** 			 */
  83:../../tmk_core/protocol/lufa/LUFA-git/LUFA/Drivers/USB/Core/ConfigDescriptors.h **** 			#define DESCRIPTOR_PCAST(DescriptorPtr, Type) ((Type*)(DescriptorPtr))
  84:../../tmk_core/protocol/lufa/LUFA-git/LUFA/Drivers/USB/Core/ConfigDescriptors.h **** 
  85:../../tmk_core/protocol/lufa/LUFA-git/LUFA/Drivers/USB/Core/ConfigDescriptors.h **** 			/** Casts a pointer to a descriptor inside the configuration descriptor into the given descripto
  86:../../tmk_core/protocol/lufa/LUFA-git/LUFA/Drivers/USB/Core/ConfigDescriptors.h **** 			 *  type (as an actual struct instance rather than a pointer to a struct).
  87:../../tmk_core/protocol/lufa/LUFA-git/LUFA/Drivers/USB/Core/ConfigDescriptors.h **** 			 *
  88:../../tmk_core/protocol/lufa/LUFA-git/LUFA/Drivers/USB/Core/ConfigDescriptors.h **** 			 *  Usage Example:
  89:../../tmk_core/protocol/lufa/LUFA-git/LUFA/Drivers/USB/Core/ConfigDescriptors.h **** 			 *  \code
  90:../../tmk_core/protocol/lufa/LUFA-git/LUFA/Drivers/USB/Core/ConfigDescriptors.h **** 			 *  uint8_t* CurrDescriptor = &ConfigDescriptor[0]; // Pointing to the configuration header
  91:../../tmk_core/protocol/lufa/LUFA-git/LUFA/Drivers/USB/Core/ConfigDescriptors.h **** 			 *  USB_Descriptor_Configuration_Header_t ConfigHeader = DESCRIPTOR_CAST(CurrDescriptor,
  92:../../tmk_core/protocol/lufa/LUFA-git/LUFA/Drivers/USB/Core/ConfigDescriptors.h **** 			 *                                                       USB_Descriptor_Configuration_Header_t);
  93:../../tmk_core/protocol/lufa/LUFA-git/LUFA/Drivers/USB/Core/ConfigDescriptors.h **** 			 *
  94:../../tmk_core/protocol/lufa/LUFA-git/LUFA/Drivers/USB/Core/ConfigDescriptors.h **** 			 *  // Can now access elements of the configuration header struct using the . operator
  95:../../tmk_core/protocol/lufa/LUFA-git/LUFA/Drivers/USB/Core/ConfigDescriptors.h **** 			 *  \endcode
  96:../../tmk_core/protocol/lufa/LUFA-git/LUFA/Drivers/USB/Core/ConfigDescriptors.h **** 			 */
  97:../../tmk_core/protocol/lufa/LUFA-git/LUFA/Drivers/USB/Core/ConfigDescriptors.h **** 			#define DESCRIPTOR_CAST(DescriptorPtr, Type)  (*DESCRIPTOR_PCAST(DescriptorPtr, Type))
  98:../../tmk_core/protocol/lufa/LUFA-git/LUFA/Drivers/USB/Core/ConfigDescriptors.h **** 
  99:../../tmk_core/protocol/lufa/LUFA-git/LUFA/Drivers/USB/Core/ConfigDescriptors.h **** 			/** Returns the descriptor's type, expressed as the 8-bit type value in the header of the descri
 100:../../tmk_core/protocol/lufa/LUFA-git/LUFA/Drivers/USB/Core/ConfigDescriptors.h **** 			 *  This value's meaning depends on the descriptor's placement in the descriptor, but standard t
 101:../../tmk_core/protocol/lufa/LUFA-git/LUFA/Drivers/USB/Core/ConfigDescriptors.h **** 			 *  values can be accessed in the \ref USB_DescriptorTypes_t enum.
 102:../../tmk_core/protocol/lufa/LUFA-git/LUFA/Drivers/USB/Core/ConfigDescriptors.h **** 			 */
 103:../../tmk_core/protocol/lufa/LUFA-git/LUFA/Drivers/USB/Core/ConfigDescriptors.h **** 			#define DESCRIPTOR_TYPE(DescriptorPtr)    DESCRIPTOR_PCAST(DescriptorPtr, USB_Descriptor_Header_
 104:../../tmk_core/protocol/lufa/LUFA-git/LUFA/Drivers/USB/Core/ConfigDescriptors.h **** 
 105:../../tmk_core/protocol/lufa/LUFA-git/LUFA/Drivers/USB/Core/ConfigDescriptors.h **** 			/** Returns the descriptor's size, expressed as the 8-bit value indicating the number of bytes. 
 106:../../tmk_core/protocol/lufa/LUFA-git/LUFA/Drivers/USB/Core/ConfigDescriptors.h **** 			#define DESCRIPTOR_SIZE(DescriptorPtr)    DESCRIPTOR_PCAST(DescriptorPtr, USB_Descriptor_Header_
 107:../../tmk_core/protocol/lufa/LUFA-git/LUFA/Drivers/USB/Core/ConfigDescriptors.h **** 
 108:../../tmk_core/protocol/lufa/LUFA-git/LUFA/Drivers/USB/Core/ConfigDescriptors.h **** 		/* Type Defines: */
 109:../../tmk_core/protocol/lufa/LUFA-git/LUFA/Drivers/USB/Core/ConfigDescriptors.h **** 			/** Type define for a Configuration Descriptor comparator function (function taking a pointer to
 110:../../tmk_core/protocol/lufa/LUFA-git/LUFA/Drivers/USB/Core/ConfigDescriptors.h **** 			 *  of type void, returning a uint8_t value).
 111:../../tmk_core/protocol/lufa/LUFA-git/LUFA/Drivers/USB/Core/ConfigDescriptors.h **** 			 *
 112:../../tmk_core/protocol/lufa/LUFA-git/LUFA/Drivers/USB/Core/ConfigDescriptors.h **** 			 *  \see \ref USB_GetNextDescriptorComp function for more details.
 113:../../tmk_core/protocol/lufa/LUFA-git/LUFA/Drivers/USB/Core/ConfigDescriptors.h **** 			 */
 114:../../tmk_core/protocol/lufa/LUFA-git/LUFA/Drivers/USB/Core/ConfigDescriptors.h **** 			typedef uint8_t (* ConfigComparatorPtr_t)(void*);
 115:../../tmk_core/protocol/lufa/LUFA-git/LUFA/Drivers/USB/Core/ConfigDescriptors.h **** 
 116:../../tmk_core/protocol/lufa/LUFA-git/LUFA/Drivers/USB/Core/ConfigDescriptors.h **** 		/* Enums: */
 117:../../tmk_core/protocol/lufa/LUFA-git/LUFA/Drivers/USB/Core/ConfigDescriptors.h **** 			/** Enum for the possible return codes of the \ref USB_Host_GetDeviceConfigDescriptor() function
 118:../../tmk_core/protocol/lufa/LUFA-git/LUFA/Drivers/USB/Core/ConfigDescriptors.h **** 			enum USB_Host_GetConfigDescriptor_ErrorCodes_t
 119:../../tmk_core/protocol/lufa/LUFA-git/LUFA/Drivers/USB/Core/ConfigDescriptors.h **** 			{
 120:../../tmk_core/protocol/lufa/LUFA-git/LUFA/Drivers/USB/Core/ConfigDescriptors.h **** 				HOST_GETCONFIG_Successful       = 0, /**< No error occurred while retrieving the configuration 
 121:../../tmk_core/protocol/lufa/LUFA-git/LUFA/Drivers/USB/Core/ConfigDescriptors.h **** 				HOST_GETCONFIG_DeviceDisconnect = 1, /**< The attached device was disconnected while retrieving
 122:../../tmk_core/protocol/lufa/LUFA-git/LUFA/Drivers/USB/Core/ConfigDescriptors.h **** 				                                      *   descriptor.
 123:../../tmk_core/protocol/lufa/LUFA-git/LUFA/Drivers/USB/Core/ConfigDescriptors.h **** 				                                      */
 124:../../tmk_core/protocol/lufa/LUFA-git/LUFA/Drivers/USB/Core/ConfigDescriptors.h **** 				HOST_GETCONFIG_PipeError        = 2, /**< An error occurred in the pipe while sending the reque
 125:../../tmk_core/protocol/lufa/LUFA-git/LUFA/Drivers/USB/Core/ConfigDescriptors.h **** 				HOST_GETCONFIG_SetupStalled     = 3, /**< The attached device stalled the request to retrieve t
 126:../../tmk_core/protocol/lufa/LUFA-git/LUFA/Drivers/USB/Core/ConfigDescriptors.h **** 				                                      *   descriptor.
 127:../../tmk_core/protocol/lufa/LUFA-git/LUFA/Drivers/USB/Core/ConfigDescriptors.h **** 				                                      */
 128:../../tmk_core/protocol/lufa/LUFA-git/LUFA/Drivers/USB/Core/ConfigDescriptors.h **** 				HOST_GETCONFIG_SoftwareTimeOut  = 4, /**< The request or data transfer timed out. */
 129:../../tmk_core/protocol/lufa/LUFA-git/LUFA/Drivers/USB/Core/ConfigDescriptors.h **** 				HOST_GETCONFIG_BuffOverflow     = 5, /**< The device's configuration descriptor is too large to
 130:../../tmk_core/protocol/lufa/LUFA-git/LUFA/Drivers/USB/Core/ConfigDescriptors.h **** 				                                      *   buffer.
 131:../../tmk_core/protocol/lufa/LUFA-git/LUFA/Drivers/USB/Core/ConfigDescriptors.h **** 				                                      */
 132:../../tmk_core/protocol/lufa/LUFA-git/LUFA/Drivers/USB/Core/ConfigDescriptors.h **** 				HOST_GETCONFIG_InvalidData      = 6, /**< The device returned invalid configuration descriptor 
 133:../../tmk_core/protocol/lufa/LUFA-git/LUFA/Drivers/USB/Core/ConfigDescriptors.h **** 			};
 134:../../tmk_core/protocol/lufa/LUFA-git/LUFA/Drivers/USB/Core/ConfigDescriptors.h **** 
 135:../../tmk_core/protocol/lufa/LUFA-git/LUFA/Drivers/USB/Core/ConfigDescriptors.h **** 			/** Enum for return values of a descriptor comparator function. */
 136:../../tmk_core/protocol/lufa/LUFA-git/LUFA/Drivers/USB/Core/ConfigDescriptors.h **** 			enum DSearch_Return_ErrorCodes_t
 137:../../tmk_core/protocol/lufa/LUFA-git/LUFA/Drivers/USB/Core/ConfigDescriptors.h **** 			{
 138:../../tmk_core/protocol/lufa/LUFA-git/LUFA/Drivers/USB/Core/ConfigDescriptors.h **** 				DESCRIPTOR_SEARCH_Found                = 0, /**< Current descriptor matches comparator criteria
 139:../../tmk_core/protocol/lufa/LUFA-git/LUFA/Drivers/USB/Core/ConfigDescriptors.h **** 				DESCRIPTOR_SEARCH_Fail                 = 1, /**< No further descriptor could possibly match cri
 140:../../tmk_core/protocol/lufa/LUFA-git/LUFA/Drivers/USB/Core/ConfigDescriptors.h **** 				DESCRIPTOR_SEARCH_NotFound             = 2, /**< Current descriptor does not match comparator c
 141:../../tmk_core/protocol/lufa/LUFA-git/LUFA/Drivers/USB/Core/ConfigDescriptors.h **** 			};
 142:../../tmk_core/protocol/lufa/LUFA-git/LUFA/Drivers/USB/Core/ConfigDescriptors.h **** 
 143:../../tmk_core/protocol/lufa/LUFA-git/LUFA/Drivers/USB/Core/ConfigDescriptors.h **** 			/** Enum for return values of \ref USB_GetNextDescriptorComp(). */
 144:../../tmk_core/protocol/lufa/LUFA-git/LUFA/Drivers/USB/Core/ConfigDescriptors.h **** 			enum DSearch_Comp_Return_ErrorCodes_t
 145:../../tmk_core/protocol/lufa/LUFA-git/LUFA/Drivers/USB/Core/ConfigDescriptors.h **** 			{
 146:../../tmk_core/protocol/lufa/LUFA-git/LUFA/Drivers/USB/Core/ConfigDescriptors.h **** 				DESCRIPTOR_SEARCH_COMP_Found           = 0, /**< Configuration descriptor now points to descrip
 147:../../tmk_core/protocol/lufa/LUFA-git/LUFA/Drivers/USB/Core/ConfigDescriptors.h **** 				                                             *   search criteria of the given comparator functi
 148:../../tmk_core/protocol/lufa/LUFA-git/LUFA/Drivers/USB/Core/ConfigDescriptors.h **** 				DESCRIPTOR_SEARCH_COMP_Fail            = 1, /**< Comparator function returned \ref DESCRIPTOR_S
 149:../../tmk_core/protocol/lufa/LUFA-git/LUFA/Drivers/USB/Core/ConfigDescriptors.h **** 				DESCRIPTOR_SEARCH_COMP_EndOfDescriptor = 2, /**< End of configuration descriptor reached before
 150:../../tmk_core/protocol/lufa/LUFA-git/LUFA/Drivers/USB/Core/ConfigDescriptors.h **** 			};
 151:../../tmk_core/protocol/lufa/LUFA-git/LUFA/Drivers/USB/Core/ConfigDescriptors.h **** 
 152:../../tmk_core/protocol/lufa/LUFA-git/LUFA/Drivers/USB/Core/ConfigDescriptors.h **** 		/* Function Prototypes: */
 153:../../tmk_core/protocol/lufa/LUFA-git/LUFA/Drivers/USB/Core/ConfigDescriptors.h **** 			/** Retrieves the configuration descriptor data from an attached device via a standard request i
 154:../../tmk_core/protocol/lufa/LUFA-git/LUFA/Drivers/USB/Core/ConfigDescriptors.h **** 			 *  including validity and size checking to prevent a buffer overflow.
 155:../../tmk_core/protocol/lufa/LUFA-git/LUFA/Drivers/USB/Core/ConfigDescriptors.h **** 			 *
 156:../../tmk_core/protocol/lufa/LUFA-git/LUFA/Drivers/USB/Core/ConfigDescriptors.h **** 			 *  \param[in]     ConfigNumber   Device configuration descriptor number to fetch from the devic
 157:../../tmk_core/protocol/lufa/LUFA-git/LUFA/Drivers/USB/Core/ConfigDescriptors.h **** 			 *                                single configuration devices).
 158:../../tmk_core/protocol/lufa/LUFA-git/LUFA/Drivers/USB/Core/ConfigDescriptors.h **** 			 *  \param[in,out] ConfigSizePtr  Pointer to a location for storing the retrieved configuration 
 159:../../tmk_core/protocol/lufa/LUFA-git/LUFA/Drivers/USB/Core/ConfigDescriptors.h **** 			 *  \param[out]    BufferPtr      Pointer to the buffer for storing the configuration descriptor
 160:../../tmk_core/protocol/lufa/LUFA-git/LUFA/Drivers/USB/Core/ConfigDescriptors.h **** 			 *  \param[out]    BufferSize     Size of the allocated buffer where the configuration descripto
 161:../../tmk_core/protocol/lufa/LUFA-git/LUFA/Drivers/USB/Core/ConfigDescriptors.h **** 			 *
 162:../../tmk_core/protocol/lufa/LUFA-git/LUFA/Drivers/USB/Core/ConfigDescriptors.h **** 			 *  \return A value from the \ref USB_Host_GetConfigDescriptor_ErrorCodes_t enum.
 163:../../tmk_core/protocol/lufa/LUFA-git/LUFA/Drivers/USB/Core/ConfigDescriptors.h **** 			 */
 164:../../tmk_core/protocol/lufa/LUFA-git/LUFA/Drivers/USB/Core/ConfigDescriptors.h **** 			uint8_t USB_Host_GetDeviceConfigDescriptor(const uint8_t ConfigNumber,
 165:../../tmk_core/protocol/lufa/LUFA-git/LUFA/Drivers/USB/Core/ConfigDescriptors.h **** 			                                           uint16_t* const ConfigSizePtr,
 166:../../tmk_core/protocol/lufa/LUFA-git/LUFA/Drivers/USB/Core/ConfigDescriptors.h **** 			                                           void* const BufferPtr,
 167:../../tmk_core/protocol/lufa/LUFA-git/LUFA/Drivers/USB/Core/ConfigDescriptors.h **** 			                                           const uint16_t BufferSize) ATTR_NON_NULL_PTR_ARG(2) A
 168:../../tmk_core/protocol/lufa/LUFA-git/LUFA/Drivers/USB/Core/ConfigDescriptors.h **** 
 169:../../tmk_core/protocol/lufa/LUFA-git/LUFA/Drivers/USB/Core/ConfigDescriptors.h **** 			/** Skips to the next sub-descriptor inside the configuration descriptor of the specified type v
 170:../../tmk_core/protocol/lufa/LUFA-git/LUFA/Drivers/USB/Core/ConfigDescriptors.h **** 			 *  The bytes remaining value is automatically decremented.
 171:../../tmk_core/protocol/lufa/LUFA-git/LUFA/Drivers/USB/Core/ConfigDescriptors.h **** 			 *
 172:../../tmk_core/protocol/lufa/LUFA-git/LUFA/Drivers/USB/Core/ConfigDescriptors.h **** 			 * \param[in,out] BytesRem       Pointer to the number of bytes remaining of the configuration d
 173:../../tmk_core/protocol/lufa/LUFA-git/LUFA/Drivers/USB/Core/ConfigDescriptors.h **** 			 * \param[in,out] CurrConfigLoc  Pointer to the current descriptor inside the configuration desc
 174:../../tmk_core/protocol/lufa/LUFA-git/LUFA/Drivers/USB/Core/ConfigDescriptors.h **** 			 * \param[in]     Type           Descriptor type value to search for.
 175:../../tmk_core/protocol/lufa/LUFA-git/LUFA/Drivers/USB/Core/ConfigDescriptors.h **** 			 */
 176:../../tmk_core/protocol/lufa/LUFA-git/LUFA/Drivers/USB/Core/ConfigDescriptors.h **** 			void USB_GetNextDescriptorOfType(uint16_t* const BytesRem,
 177:../../tmk_core/protocol/lufa/LUFA-git/LUFA/Drivers/USB/Core/ConfigDescriptors.h **** 			                                 void** const CurrConfigLoc,
 178:../../tmk_core/protocol/lufa/LUFA-git/LUFA/Drivers/USB/Core/ConfigDescriptors.h **** 			                                 const uint8_t Type)
 179:../../tmk_core/protocol/lufa/LUFA-git/LUFA/Drivers/USB/Core/ConfigDescriptors.h **** 			                                 ATTR_NON_NULL_PTR_ARG(1) ATTR_NON_NULL_PTR_ARG(2);
 180:../../tmk_core/protocol/lufa/LUFA-git/LUFA/Drivers/USB/Core/ConfigDescriptors.h **** 
 181:../../tmk_core/protocol/lufa/LUFA-git/LUFA/Drivers/USB/Core/ConfigDescriptors.h **** 			/** Skips to the next sub-descriptor inside the configuration descriptor of the specified type v
 182:../../tmk_core/protocol/lufa/LUFA-git/LUFA/Drivers/USB/Core/ConfigDescriptors.h **** 			 *  which must come before a descriptor of the second given type value. If the BeforeType type
 183:../../tmk_core/protocol/lufa/LUFA-git/LUFA/Drivers/USB/Core/ConfigDescriptors.h **** 			 *  descriptor is reached first, the number of bytes remaining to process is set to zero and the
 184:../../tmk_core/protocol/lufa/LUFA-git/LUFA/Drivers/USB/Core/ConfigDescriptors.h **** 			 *  function exits. The bytes remaining value is automatically decremented.
 185:../../tmk_core/protocol/lufa/LUFA-git/LUFA/Drivers/USB/Core/ConfigDescriptors.h **** 			 *
 186:../../tmk_core/protocol/lufa/LUFA-git/LUFA/Drivers/USB/Core/ConfigDescriptors.h **** 			 * \param[in,out] BytesRem       Pointer to the number of bytes remaining of the configuration d
 187:../../tmk_core/protocol/lufa/LUFA-git/LUFA/Drivers/USB/Core/ConfigDescriptors.h **** 			 * \param[in,out] CurrConfigLoc  Pointer to the current descriptor inside the configuration desc
 188:../../tmk_core/protocol/lufa/LUFA-git/LUFA/Drivers/USB/Core/ConfigDescriptors.h **** 			 * \param[in]     Type           Descriptor type value to search for.
 189:../../tmk_core/protocol/lufa/LUFA-git/LUFA/Drivers/USB/Core/ConfigDescriptors.h **** 			 * \param[in]     BeforeType     Descriptor type value which must not be reached before the give
 190:../../tmk_core/protocol/lufa/LUFA-git/LUFA/Drivers/USB/Core/ConfigDescriptors.h **** 			 */
 191:../../tmk_core/protocol/lufa/LUFA-git/LUFA/Drivers/USB/Core/ConfigDescriptors.h **** 			void USB_GetNextDescriptorOfTypeBefore(uint16_t* const BytesRem,
 192:../../tmk_core/protocol/lufa/LUFA-git/LUFA/Drivers/USB/Core/ConfigDescriptors.h **** 			                                       void** const CurrConfigLoc,
 193:../../tmk_core/protocol/lufa/LUFA-git/LUFA/Drivers/USB/Core/ConfigDescriptors.h **** 			                                       const uint8_t Type,
 194:../../tmk_core/protocol/lufa/LUFA-git/LUFA/Drivers/USB/Core/ConfigDescriptors.h **** 			                                       const uint8_t BeforeType)
 195:../../tmk_core/protocol/lufa/LUFA-git/LUFA/Drivers/USB/Core/ConfigDescriptors.h **** 			                                       ATTR_NON_NULL_PTR_ARG(1) ATTR_NON_NULL_PTR_ARG(2);
 196:../../tmk_core/protocol/lufa/LUFA-git/LUFA/Drivers/USB/Core/ConfigDescriptors.h **** 
 197:../../tmk_core/protocol/lufa/LUFA-git/LUFA/Drivers/USB/Core/ConfigDescriptors.h **** 			/** Skips to the next sub-descriptor inside the configuration descriptor of the specified type v
 198:../../tmk_core/protocol/lufa/LUFA-git/LUFA/Drivers/USB/Core/ConfigDescriptors.h **** 			 *  which must come after a descriptor of the second given type value. The bytes remaining value
 199:../../tmk_core/protocol/lufa/LUFA-git/LUFA/Drivers/USB/Core/ConfigDescriptors.h **** 			 *  automatically decremented.
 200:../../tmk_core/protocol/lufa/LUFA-git/LUFA/Drivers/USB/Core/ConfigDescriptors.h **** 			 *
 201:../../tmk_core/protocol/lufa/LUFA-git/LUFA/Drivers/USB/Core/ConfigDescriptors.h **** 			 * \param[in,out] BytesRem       Pointer to the number of bytes remaining of the configuration d
 202:../../tmk_core/protocol/lufa/LUFA-git/LUFA/Drivers/USB/Core/ConfigDescriptors.h **** 			 * \param[in,out] CurrConfigLoc  Pointer to the current descriptor inside the configuration desc
 203:../../tmk_core/protocol/lufa/LUFA-git/LUFA/Drivers/USB/Core/ConfigDescriptors.h **** 			 * \param[in]     Type           Descriptor type value to search for.
 204:../../tmk_core/protocol/lufa/LUFA-git/LUFA/Drivers/USB/Core/ConfigDescriptors.h **** 			 * \param[in]     AfterType      Descriptor type value which must be reached before the given Ty
 205:../../tmk_core/protocol/lufa/LUFA-git/LUFA/Drivers/USB/Core/ConfigDescriptors.h **** 			 */
 206:../../tmk_core/protocol/lufa/LUFA-git/LUFA/Drivers/USB/Core/ConfigDescriptors.h **** 			void USB_GetNextDescriptorOfTypeAfter(uint16_t* const BytesRem,
 207:../../tmk_core/protocol/lufa/LUFA-git/LUFA/Drivers/USB/Core/ConfigDescriptors.h **** 			                                      void** const CurrConfigLoc,
 208:../../tmk_core/protocol/lufa/LUFA-git/LUFA/Drivers/USB/Core/ConfigDescriptors.h **** 			                                      const uint8_t Type,
 209:../../tmk_core/protocol/lufa/LUFA-git/LUFA/Drivers/USB/Core/ConfigDescriptors.h **** 			                                      const uint8_t AfterType)
 210:../../tmk_core/protocol/lufa/LUFA-git/LUFA/Drivers/USB/Core/ConfigDescriptors.h **** 			                                      ATTR_NON_NULL_PTR_ARG(1) ATTR_NON_NULL_PTR_ARG(2);
 211:../../tmk_core/protocol/lufa/LUFA-git/LUFA/Drivers/USB/Core/ConfigDescriptors.h **** 
 212:../../tmk_core/protocol/lufa/LUFA-git/LUFA/Drivers/USB/Core/ConfigDescriptors.h **** 			/** Searches for the next descriptor in the given configuration descriptor using a pre-made comp
 213:../../tmk_core/protocol/lufa/LUFA-git/LUFA/Drivers/USB/Core/ConfigDescriptors.h **** 			 *  function. The routine updates the position and remaining configuration descriptor bytes valu
 214:../../tmk_core/protocol/lufa/LUFA-git/LUFA/Drivers/USB/Core/ConfigDescriptors.h **** 			 *  automatically. If a comparator routine fails a search, the descriptor pointer is retreated b
 215:../../tmk_core/protocol/lufa/LUFA-git/LUFA/Drivers/USB/Core/ConfigDescriptors.h **** 			 *  so that the next descriptor search invocation will start from the descriptor which first cau
 216:../../tmk_core/protocol/lufa/LUFA-git/LUFA/Drivers/USB/Core/ConfigDescriptors.h **** 			 *  original search to fail. This behavior allows for one comparator to be used immediately afte
 217:../../tmk_core/protocol/lufa/LUFA-git/LUFA/Drivers/USB/Core/ConfigDescriptors.h **** 			 *  has failed, starting the second search from the descriptor which failed the first.
 218:../../tmk_core/protocol/lufa/LUFA-git/LUFA/Drivers/USB/Core/ConfigDescriptors.h **** 			 *
 219:../../tmk_core/protocol/lufa/LUFA-git/LUFA/Drivers/USB/Core/ConfigDescriptors.h **** 			 *  Comparator functions should be standard functions which accept a pointer to the header of th
 220:../../tmk_core/protocol/lufa/LUFA-git/LUFA/Drivers/USB/Core/ConfigDescriptors.h **** 			 *  descriptor inside the configuration descriptor which is being compared, and should return a 
 221:../../tmk_core/protocol/lufa/LUFA-git/LUFA/Drivers/USB/Core/ConfigDescriptors.h **** 			 *  the \ref DSearch_Return_ErrorCodes_t enum as a uint8_t value.
 222:../../tmk_core/protocol/lufa/LUFA-git/LUFA/Drivers/USB/Core/ConfigDescriptors.h **** 			 *
 223:../../tmk_core/protocol/lufa/LUFA-git/LUFA/Drivers/USB/Core/ConfigDescriptors.h **** 			 *  \note This function is available in USB Host mode only.
 224:../../tmk_core/protocol/lufa/LUFA-git/LUFA/Drivers/USB/Core/ConfigDescriptors.h **** 			 *
 225:../../tmk_core/protocol/lufa/LUFA-git/LUFA/Drivers/USB/Core/ConfigDescriptors.h **** 			 *  \param[in,out] BytesRem           Pointer to an int storing the remaining bytes in the confi
 226:../../tmk_core/protocol/lufa/LUFA-git/LUFA/Drivers/USB/Core/ConfigDescriptors.h **** 			 *  \param[in,out] CurrConfigLoc      Pointer to the current position in the configuration descr
 227:../../tmk_core/protocol/lufa/LUFA-git/LUFA/Drivers/USB/Core/ConfigDescriptors.h **** 			 *  \param[in]     ComparatorRoutine  Name of the comparator search function to use on the confi
 228:../../tmk_core/protocol/lufa/LUFA-git/LUFA/Drivers/USB/Core/ConfigDescriptors.h **** 			 *
 229:../../tmk_core/protocol/lufa/LUFA-git/LUFA/Drivers/USB/Core/ConfigDescriptors.h **** 			 *  \return Value of one of the members of the \ref DSearch_Comp_Return_ErrorCodes_t enum.
 230:../../tmk_core/protocol/lufa/LUFA-git/LUFA/Drivers/USB/Core/ConfigDescriptors.h **** 			 *
 231:../../tmk_core/protocol/lufa/LUFA-git/LUFA/Drivers/USB/Core/ConfigDescriptors.h **** 			 *  Usage Example:
 232:../../tmk_core/protocol/lufa/LUFA-git/LUFA/Drivers/USB/Core/ConfigDescriptors.h **** 			 *  \code
 233:../../tmk_core/protocol/lufa/LUFA-git/LUFA/Drivers/USB/Core/ConfigDescriptors.h **** 			 *  uint8_t EndpointSearcher(void* CurrentDescriptor); // Comparator Prototype
 234:../../tmk_core/protocol/lufa/LUFA-git/LUFA/Drivers/USB/Core/ConfigDescriptors.h **** 			 *
 235:../../tmk_core/protocol/lufa/LUFA-git/LUFA/Drivers/USB/Core/ConfigDescriptors.h **** 			 *  uint8_t EndpointSearcher(void* CurrentDescriptor)
 236:../../tmk_core/protocol/lufa/LUFA-git/LUFA/Drivers/USB/Core/ConfigDescriptors.h **** 			 *  {
 237:../../tmk_core/protocol/lufa/LUFA-git/LUFA/Drivers/USB/Core/ConfigDescriptors.h **** 			 *     if (DESCRIPTOR_TYPE(CurrentDescriptor) == DTYPE_Endpoint)
 238:../../tmk_core/protocol/lufa/LUFA-git/LUFA/Drivers/USB/Core/ConfigDescriptors.h **** 			 *         return DESCRIPTOR_SEARCH_Found;
 239:../../tmk_core/protocol/lufa/LUFA-git/LUFA/Drivers/USB/Core/ConfigDescriptors.h **** 			 *     else
 240:../../tmk_core/protocol/lufa/LUFA-git/LUFA/Drivers/USB/Core/ConfigDescriptors.h **** 			 *         return DESCRIPTOR_SEARCH_NotFound;
 241:../../tmk_core/protocol/lufa/LUFA-git/LUFA/Drivers/USB/Core/ConfigDescriptors.h **** 			 *  }
 242:../../tmk_core/protocol/lufa/LUFA-git/LUFA/Drivers/USB/Core/ConfigDescriptors.h **** 			 *
 243:../../tmk_core/protocol/lufa/LUFA-git/LUFA/Drivers/USB/Core/ConfigDescriptors.h **** 			 *  //...
 244:../../tmk_core/protocol/lufa/LUFA-git/LUFA/Drivers/USB/Core/ConfigDescriptors.h **** 			 *
 245:../../tmk_core/protocol/lufa/LUFA-git/LUFA/Drivers/USB/Core/ConfigDescriptors.h **** 			 *  // After retrieving configuration descriptor:
 246:../../tmk_core/protocol/lufa/LUFA-git/LUFA/Drivers/USB/Core/ConfigDescriptors.h **** 			 *  if (USB_Host_GetNextDescriptorComp(&BytesRemaining, &CurrentConfigLoc, EndpointSearcher) ==
 247:../../tmk_core/protocol/lufa/LUFA-git/LUFA/Drivers/USB/Core/ConfigDescriptors.h **** 			 *      Descriptor_Search_Comp_Found)
 248:../../tmk_core/protocol/lufa/LUFA-git/LUFA/Drivers/USB/Core/ConfigDescriptors.h **** 			 *  {
 249:../../tmk_core/protocol/lufa/LUFA-git/LUFA/Drivers/USB/Core/ConfigDescriptors.h **** 			 *      // Do something with the endpoint descriptor
 250:../../tmk_core/protocol/lufa/LUFA-git/LUFA/Drivers/USB/Core/ConfigDescriptors.h **** 			 *  }
 251:../../tmk_core/protocol/lufa/LUFA-git/LUFA/Drivers/USB/Core/ConfigDescriptors.h **** 			 *  \endcode
 252:../../tmk_core/protocol/lufa/LUFA-git/LUFA/Drivers/USB/Core/ConfigDescriptors.h **** 			 */
 253:../../tmk_core/protocol/lufa/LUFA-git/LUFA/Drivers/USB/Core/ConfigDescriptors.h **** 			uint8_t USB_GetNextDescriptorComp(uint16_t* const BytesRem,
 254:../../tmk_core/protocol/lufa/LUFA-git/LUFA/Drivers/USB/Core/ConfigDescriptors.h **** 			                                  void** const CurrConfigLoc,
 255:../../tmk_core/protocol/lufa/LUFA-git/LUFA/Drivers/USB/Core/ConfigDescriptors.h **** 			                                  ConfigComparatorPtr_t const ComparatorRoutine) ATTR_NON_NULL_P
 256:../../tmk_core/protocol/lufa/LUFA-git/LUFA/Drivers/USB/Core/ConfigDescriptors.h **** 			                                  ATTR_NON_NULL_PTR_ARG(2) ATTR_NON_NULL_PTR_ARG(3);
 257:../../tmk_core/protocol/lufa/LUFA-git/LUFA/Drivers/USB/Core/ConfigDescriptors.h **** 
 258:../../tmk_core/protocol/lufa/LUFA-git/LUFA/Drivers/USB/Core/ConfigDescriptors.h **** 		/* Inline Functions: */
 259:../../tmk_core/protocol/lufa/LUFA-git/LUFA/Drivers/USB/Core/ConfigDescriptors.h **** 			/** Skips over the current sub-descriptor inside the configuration descriptor, so that the point
 260:../../tmk_core/protocol/lufa/LUFA-git/LUFA/Drivers/USB/Core/ConfigDescriptors.h **** 			    points to the next sub-descriptor. The bytes remaining value is automatically decremented.
 261:../../tmk_core/protocol/lufa/LUFA-git/LUFA/Drivers/USB/Core/ConfigDescriptors.h **** 			 *
 262:../../tmk_core/protocol/lufa/LUFA-git/LUFA/Drivers/USB/Core/ConfigDescriptors.h **** 			 * \param[in,out] BytesRem       Pointer to the number of bytes remaining of the configuration d
 263:../../tmk_core/protocol/lufa/LUFA-git/LUFA/Drivers/USB/Core/ConfigDescriptors.h **** 			 * \param[in,out] CurrConfigLoc  Pointer to the current descriptor inside the configuration desc
 264:../../tmk_core/protocol/lufa/LUFA-git/LUFA/Drivers/USB/Core/ConfigDescriptors.h **** 			 */
 265:../../tmk_core/protocol/lufa/LUFA-git/LUFA/Drivers/USB/Core/ConfigDescriptors.h **** 			static inline void USB_GetNextDescriptor(uint16_t* const BytesRem,
 266:../../tmk_core/protocol/lufa/LUFA-git/LUFA/Drivers/USB/Core/ConfigDescriptors.h **** 			                                         void** CurrConfigLoc) ATTR_NON_NULL_PTR_ARG(1) ATTR_NON
 267:../../tmk_core/protocol/lufa/LUFA-git/LUFA/Drivers/USB/Core/ConfigDescriptors.h **** 			static inline void USB_GetNextDescriptor(uint16_t* const BytesRem,
 268:../../tmk_core/protocol/lufa/LUFA-git/LUFA/Drivers/USB/Core/ConfigDescriptors.h **** 			                                         void** CurrConfigLoc)
 269:../../tmk_core/protocol/lufa/LUFA-git/LUFA/Drivers/USB/Core/ConfigDescriptors.h **** 			{
  16               		.loc 1 269 0
  17               		.cfi_startproc
  18               	.LVL0:
  19 0000 CF93      		push r28
  20               	.LCFI0:
  21               		.cfi_def_cfa_offset 3
  22               		.cfi_offset 28, -2
  23 0002 DF93      		push r29
  24               	.LCFI1:
  25               		.cfi_def_cfa_offset 4
  26               		.cfi_offset 29, -3
  27               	/* prologue: function */
  28               	/* frame size = 0 */
  29               	/* stack size = 2 */
  30               	.L__stack_usage = 2
  31 0004 FC01      		movw r30,r24
 270:../../tmk_core/protocol/lufa/LUFA-git/LUFA/Drivers/USB/Core/ConfigDescriptors.h **** 				uint16_t CurrDescriptorSize = DESCRIPTOR_CAST(*CurrConfigLoc, USB_Descriptor_Header_t).Size;
  32               		.loc 1 270 0
  33 0006 EB01      		movw r28,r22
  34 0008 A881      		ld r26,Y
  35 000a B981      		ldd r27,Y+1
  36 000c 8C91      		ld r24,X
  37               	.LVL1:
  38 000e 90E0      		ldi r25,0
  39               	.LVL2:
 271:../../tmk_core/protocol/lufa/LUFA-git/LUFA/Drivers/USB/Core/ConfigDescriptors.h **** 
 272:../../tmk_core/protocol/lufa/LUFA-git/LUFA/Drivers/USB/Core/ConfigDescriptors.h **** 				if (*BytesRem < CurrDescriptorSize)
  40               		.loc 1 272 0
  41 0010 2081      		ld r18,Z
  42 0012 3181      		ldd r19,Z+1
  43 0014 8217      		cp r24,r18
  44 0016 9307      		cpc r25,r19
  45 0018 00F4      		brsh .L2
  46 001a 9C01      		movw r18,r24
  47               	.L2:
  48               	.LVL3:
 273:../../tmk_core/protocol/lufa/LUFA-git/LUFA/Drivers/USB/Core/ConfigDescriptors.h **** 				  CurrDescriptorSize = *BytesRem;
 274:../../tmk_core/protocol/lufa/LUFA-git/LUFA/Drivers/USB/Core/ConfigDescriptors.h **** 
 275:../../tmk_core/protocol/lufa/LUFA-git/LUFA/Drivers/USB/Core/ConfigDescriptors.h **** 				*CurrConfigLoc  = (void*)((uintptr_t)*CurrConfigLoc + CurrDescriptorSize);
  49               		.loc 1 275 0
  50 001c A20F      		add r26,r18
  51 001e B31F      		adc r27,r19
  52 0020 EB01      		movw r28,r22
  53 0022 B983      		std Y+1,r27
  54 0024 A883      		st Y,r26
 276:../../tmk_core/protocol/lufa/LUFA-git/LUFA/Drivers/USB/Core/ConfigDescriptors.h **** 				*BytesRem      -= CurrDescriptorSize;
  55               		.loc 1 276 0
  56 0026 8081      		ld r24,Z
  57 0028 9181      		ldd r25,Z+1
  58 002a 821B      		sub r24,r18
  59 002c 930B      		sbc r25,r19
  60 002e 9183      		std Z+1,r25
  61 0030 8083      		st Z,r24
  62               	/* epilogue start */
 277:../../tmk_core/protocol/lufa/LUFA-git/LUFA/Drivers/USB/Core/ConfigDescriptors.h **** 			}
  63               		.loc 1 277 0
  64 0032 DF91      		pop r29
  65 0034 CF91      		pop r28
  66 0036 0895      		ret
  67               		.cfi_endproc
  68               	.LFE87:
  70               		.section	.text.USB_GetNextDescriptorOfType,"ax",@progbits
  71               	.global	USB_GetNextDescriptorOfType
  73               	USB_GetNextDescriptorOfType:
  74               	.LFB88:
  75               		.file 2 "../../tmk_core/protocol/lufa/LUFA-git/LUFA/Drivers/USB/Core/ConfigDescriptors.c"
   1:../../tmk_core/protocol/lufa/LUFA-git/LUFA/Drivers/USB/Core/ConfigDescriptors.c **** /*
   2:../../tmk_core/protocol/lufa/LUFA-git/LUFA/Drivers/USB/Core/ConfigDescriptors.c ****              LUFA Library
   3:../../tmk_core/protocol/lufa/LUFA-git/LUFA/Drivers/USB/Core/ConfigDescriptors.c ****      Copyright (C) Dean Camera, 2014.
   4:../../tmk_core/protocol/lufa/LUFA-git/LUFA/Drivers/USB/Core/ConfigDescriptors.c **** 
   5:../../tmk_core/protocol/lufa/LUFA-git/LUFA/Drivers/USB/Core/ConfigDescriptors.c ****   dean [at] fourwalledcubicle [dot] com
   6:../../tmk_core/protocol/lufa/LUFA-git/LUFA/Drivers/USB/Core/ConfigDescriptors.c ****            www.lufa-lib.org
   7:../../tmk_core/protocol/lufa/LUFA-git/LUFA/Drivers/USB/Core/ConfigDescriptors.c **** */
   8:../../tmk_core/protocol/lufa/LUFA-git/LUFA/Drivers/USB/Core/ConfigDescriptors.c **** 
   9:../../tmk_core/protocol/lufa/LUFA-git/LUFA/Drivers/USB/Core/ConfigDescriptors.c **** /*
  10:../../tmk_core/protocol/lufa/LUFA-git/LUFA/Drivers/USB/Core/ConfigDescriptors.c ****   Copyright 2014  Dean Camera (dean [at] fourwalledcubicle [dot] com)
  11:../../tmk_core/protocol/lufa/LUFA-git/LUFA/Drivers/USB/Core/ConfigDescriptors.c **** 
  12:../../tmk_core/protocol/lufa/LUFA-git/LUFA/Drivers/USB/Core/ConfigDescriptors.c ****   Permission to use, copy, modify, distribute, and sell this
  13:../../tmk_core/protocol/lufa/LUFA-git/LUFA/Drivers/USB/Core/ConfigDescriptors.c ****   software and its documentation for any purpose is hereby granted
  14:../../tmk_core/protocol/lufa/LUFA-git/LUFA/Drivers/USB/Core/ConfigDescriptors.c ****   without fee, provided that the above copyright notice appear in
  15:../../tmk_core/protocol/lufa/LUFA-git/LUFA/Drivers/USB/Core/ConfigDescriptors.c ****   all copies and that both that the copyright notice and this
  16:../../tmk_core/protocol/lufa/LUFA-git/LUFA/Drivers/USB/Core/ConfigDescriptors.c ****   permission notice and warranty disclaimer appear in supporting
  17:../../tmk_core/protocol/lufa/LUFA-git/LUFA/Drivers/USB/Core/ConfigDescriptors.c ****   documentation, and that the name of the author not be used in
  18:../../tmk_core/protocol/lufa/LUFA-git/LUFA/Drivers/USB/Core/ConfigDescriptors.c ****   advertising or publicity pertaining to distribution of the
  19:../../tmk_core/protocol/lufa/LUFA-git/LUFA/Drivers/USB/Core/ConfigDescriptors.c ****   software without specific, written prior permission.
  20:../../tmk_core/protocol/lufa/LUFA-git/LUFA/Drivers/USB/Core/ConfigDescriptors.c **** 
  21:../../tmk_core/protocol/lufa/LUFA-git/LUFA/Drivers/USB/Core/ConfigDescriptors.c ****   The author disclaims all warranties with regard to this
  22:../../tmk_core/protocol/lufa/LUFA-git/LUFA/Drivers/USB/Core/ConfigDescriptors.c ****   software, including all implied warranties of merchantability
  23:../../tmk_core/protocol/lufa/LUFA-git/LUFA/Drivers/USB/Core/ConfigDescriptors.c ****   and fitness.  In no event shall the author be liable for any
  24:../../tmk_core/protocol/lufa/LUFA-git/LUFA/Drivers/USB/Core/ConfigDescriptors.c ****   special, indirect or consequential damages or any damages
  25:../../tmk_core/protocol/lufa/LUFA-git/LUFA/Drivers/USB/Core/ConfigDescriptors.c ****   whatsoever resulting from loss of use, data or profits, whether
  26:../../tmk_core/protocol/lufa/LUFA-git/LUFA/Drivers/USB/Core/ConfigDescriptors.c ****   in an action of contract, negligence or other tortious action,
  27:../../tmk_core/protocol/lufa/LUFA-git/LUFA/Drivers/USB/Core/ConfigDescriptors.c ****   arising out of or in connection with the use or performance of
  28:../../tmk_core/protocol/lufa/LUFA-git/LUFA/Drivers/USB/Core/ConfigDescriptors.c ****   this software.
  29:../../tmk_core/protocol/lufa/LUFA-git/LUFA/Drivers/USB/Core/ConfigDescriptors.c **** */
  30:../../tmk_core/protocol/lufa/LUFA-git/LUFA/Drivers/USB/Core/ConfigDescriptors.c **** 
  31:../../tmk_core/protocol/lufa/LUFA-git/LUFA/Drivers/USB/Core/ConfigDescriptors.c **** #define  __INCLUDE_FROM_USB_DRIVER
  32:../../tmk_core/protocol/lufa/LUFA-git/LUFA/Drivers/USB/Core/ConfigDescriptors.c **** #include "ConfigDescriptors.h"
  33:../../tmk_core/protocol/lufa/LUFA-git/LUFA/Drivers/USB/Core/ConfigDescriptors.c **** 
  34:../../tmk_core/protocol/lufa/LUFA-git/LUFA/Drivers/USB/Core/ConfigDescriptors.c **** #if defined(USB_CAN_BE_HOST)
  35:../../tmk_core/protocol/lufa/LUFA-git/LUFA/Drivers/USB/Core/ConfigDescriptors.c **** uint8_t USB_Host_GetDeviceConfigDescriptor(const uint8_t ConfigNumber,
  36:../../tmk_core/protocol/lufa/LUFA-git/LUFA/Drivers/USB/Core/ConfigDescriptors.c ****                                            uint16_t* const ConfigSizePtr,
  37:../../tmk_core/protocol/lufa/LUFA-git/LUFA/Drivers/USB/Core/ConfigDescriptors.c ****                                            void* const BufferPtr,
  38:../../tmk_core/protocol/lufa/LUFA-git/LUFA/Drivers/USB/Core/ConfigDescriptors.c ****                                            const uint16_t BufferSize)
  39:../../tmk_core/protocol/lufa/LUFA-git/LUFA/Drivers/USB/Core/ConfigDescriptors.c **** {
  40:../../tmk_core/protocol/lufa/LUFA-git/LUFA/Drivers/USB/Core/ConfigDescriptors.c **** 	uint8_t ErrorCode;
  41:../../tmk_core/protocol/lufa/LUFA-git/LUFA/Drivers/USB/Core/ConfigDescriptors.c **** 	uint8_t ConfigHeader[sizeof(USB_Descriptor_Configuration_Header_t)];
  42:../../tmk_core/protocol/lufa/LUFA-git/LUFA/Drivers/USB/Core/ConfigDescriptors.c **** 
  43:../../tmk_core/protocol/lufa/LUFA-git/LUFA/Drivers/USB/Core/ConfigDescriptors.c **** 	USB_ControlRequest = (USB_Request_Header_t)
  44:../../tmk_core/protocol/lufa/LUFA-git/LUFA/Drivers/USB/Core/ConfigDescriptors.c **** 		{
  45:../../tmk_core/protocol/lufa/LUFA-git/LUFA/Drivers/USB/Core/ConfigDescriptors.c **** 			.bmRequestType = (REQDIR_DEVICETOHOST | REQTYPE_STANDARD | REQREC_DEVICE),
  46:../../tmk_core/protocol/lufa/LUFA-git/LUFA/Drivers/USB/Core/ConfigDescriptors.c **** 			.bRequest      = REQ_GetDescriptor,
  47:../../tmk_core/protocol/lufa/LUFA-git/LUFA/Drivers/USB/Core/ConfigDescriptors.c **** 			.wValue        = ((DTYPE_Configuration << 8) | (ConfigNumber - 1)),
  48:../../tmk_core/protocol/lufa/LUFA-git/LUFA/Drivers/USB/Core/ConfigDescriptors.c **** 			.wIndex        = 0,
  49:../../tmk_core/protocol/lufa/LUFA-git/LUFA/Drivers/USB/Core/ConfigDescriptors.c **** 			.wLength       = sizeof(USB_Descriptor_Configuration_Header_t),
  50:../../tmk_core/protocol/lufa/LUFA-git/LUFA/Drivers/USB/Core/ConfigDescriptors.c **** 		};
  51:../../tmk_core/protocol/lufa/LUFA-git/LUFA/Drivers/USB/Core/ConfigDescriptors.c **** 
  52:../../tmk_core/protocol/lufa/LUFA-git/LUFA/Drivers/USB/Core/ConfigDescriptors.c **** 	Pipe_SelectPipe(PIPE_CONTROLPIPE);
  53:../../tmk_core/protocol/lufa/LUFA-git/LUFA/Drivers/USB/Core/ConfigDescriptors.c **** 
  54:../../tmk_core/protocol/lufa/LUFA-git/LUFA/Drivers/USB/Core/ConfigDescriptors.c **** 	if ((ErrorCode = USB_Host_SendControlRequest(ConfigHeader)) != HOST_SENDCONTROL_Successful)
  55:../../tmk_core/protocol/lufa/LUFA-git/LUFA/Drivers/USB/Core/ConfigDescriptors.c **** 	  return ErrorCode;
  56:../../tmk_core/protocol/lufa/LUFA-git/LUFA/Drivers/USB/Core/ConfigDescriptors.c **** 
  57:../../tmk_core/protocol/lufa/LUFA-git/LUFA/Drivers/USB/Core/ConfigDescriptors.c **** 	*ConfigSizePtr = le16_to_cpu(DESCRIPTOR_PCAST(ConfigHeader, USB_Descriptor_Configuration_Header_t)
  58:../../tmk_core/protocol/lufa/LUFA-git/LUFA/Drivers/USB/Core/ConfigDescriptors.c **** 
  59:../../tmk_core/protocol/lufa/LUFA-git/LUFA/Drivers/USB/Core/ConfigDescriptors.c **** 	if (*ConfigSizePtr > BufferSize)
  60:../../tmk_core/protocol/lufa/LUFA-git/LUFA/Drivers/USB/Core/ConfigDescriptors.c **** 	  return HOST_GETCONFIG_BuffOverflow;
  61:../../tmk_core/protocol/lufa/LUFA-git/LUFA/Drivers/USB/Core/ConfigDescriptors.c **** 
  62:../../tmk_core/protocol/lufa/LUFA-git/LUFA/Drivers/USB/Core/ConfigDescriptors.c **** 	USB_ControlRequest.wLength = *ConfigSizePtr;
  63:../../tmk_core/protocol/lufa/LUFA-git/LUFA/Drivers/USB/Core/ConfigDescriptors.c **** 
  64:../../tmk_core/protocol/lufa/LUFA-git/LUFA/Drivers/USB/Core/ConfigDescriptors.c **** 	if ((ErrorCode = USB_Host_SendControlRequest(BufferPtr)) != HOST_SENDCONTROL_Successful)
  65:../../tmk_core/protocol/lufa/LUFA-git/LUFA/Drivers/USB/Core/ConfigDescriptors.c **** 	  return ErrorCode;
  66:../../tmk_core/protocol/lufa/LUFA-git/LUFA/Drivers/USB/Core/ConfigDescriptors.c **** 
  67:../../tmk_core/protocol/lufa/LUFA-git/LUFA/Drivers/USB/Core/ConfigDescriptors.c **** 	if (DESCRIPTOR_TYPE(BufferPtr) != DTYPE_Configuration)
  68:../../tmk_core/protocol/lufa/LUFA-git/LUFA/Drivers/USB/Core/ConfigDescriptors.c **** 	  return HOST_GETCONFIG_InvalidData;
  69:../../tmk_core/protocol/lufa/LUFA-git/LUFA/Drivers/USB/Core/ConfigDescriptors.c **** 
  70:../../tmk_core/protocol/lufa/LUFA-git/LUFA/Drivers/USB/Core/ConfigDescriptors.c **** 	return HOST_GETCONFIG_Successful;
  71:../../tmk_core/protocol/lufa/LUFA-git/LUFA/Drivers/USB/Core/ConfigDescriptors.c **** }
  72:../../tmk_core/protocol/lufa/LUFA-git/LUFA/Drivers/USB/Core/ConfigDescriptors.c **** #endif
  73:../../tmk_core/protocol/lufa/LUFA-git/LUFA/Drivers/USB/Core/ConfigDescriptors.c **** 
  74:../../tmk_core/protocol/lufa/LUFA-git/LUFA/Drivers/USB/Core/ConfigDescriptors.c **** void USB_GetNextDescriptorOfType(uint16_t* const BytesRem,
  75:../../tmk_core/protocol/lufa/LUFA-git/LUFA/Drivers/USB/Core/ConfigDescriptors.c ****                                  void** const CurrConfigLoc,
  76:../../tmk_core/protocol/lufa/LUFA-git/LUFA/Drivers/USB/Core/ConfigDescriptors.c ****                                  const uint8_t Type)
  77:../../tmk_core/protocol/lufa/LUFA-git/LUFA/Drivers/USB/Core/ConfigDescriptors.c **** {
  76               		.loc 2 77 0
  77               		.cfi_startproc
  78               	.LVL4:
  79 0000 EF92      		push r14
  80               	.LCFI2:
  81               		.cfi_def_cfa_offset 3
  82               		.cfi_offset 14, -2
  83 0002 FF92      		push r15
  84               	.LCFI3:
  85               		.cfi_def_cfa_offset 4
  86               		.cfi_offset 15, -3
  87 0004 0F93      		push r16
  88               	.LCFI4:
  89               		.cfi_def_cfa_offset 5
  90               		.cfi_offset 16, -4
  91 0006 1F93      		push r17
  92               	.LCFI5:
  93               		.cfi_def_cfa_offset 6
  94               		.cfi_offset 17, -5
  95 0008 CF93      		push r28
  96               	.LCFI6:
  97               		.cfi_def_cfa_offset 7
  98               		.cfi_offset 28, -6
  99 000a DF93      		push r29
 100               	.LCFI7:
 101               		.cfi_def_cfa_offset 8
 102               		.cfi_offset 29, -7
 103 000c 1F92      		push __zero_reg__
 104               	.LCFI8:
 105               		.cfi_def_cfa_offset 9
 106 000e CDB7      		in r28,__SP_L__
 107 0010 DEB7      		in r29,__SP_H__
 108               	.LCFI9:
 109               		.cfi_def_cfa_register 28
 110               	/* prologue: function */
 111               	/* frame size = 1 */
 112               	/* stack size = 7 */
 113               	.L__stack_usage = 7
 114 0012 7C01      		movw r14,r24
 115 0014 8B01      		movw r16,r22
 116               	.LVL5:
 117               	.L5:
  78:../../tmk_core/protocol/lufa/LUFA-git/LUFA/Drivers/USB/Core/ConfigDescriptors.c **** 	while (*BytesRem)
 118               		.loc 2 78 0 discriminator 1
 119 0016 F701      		movw r30,r14
 120 0018 8081      		ld r24,Z
 121 001a 9181      		ldd r25,Z+1
 122 001c 892B      		or r24,r25
 123 001e 01F0      		breq .L4
  79:../../tmk_core/protocol/lufa/LUFA-git/LUFA/Drivers/USB/Core/ConfigDescriptors.c **** 	{
  80:../../tmk_core/protocol/lufa/LUFA-git/LUFA/Drivers/USB/Core/ConfigDescriptors.c **** 		USB_GetNextDescriptor(BytesRem, CurrConfigLoc);
 124               		.loc 2 80 0
 125 0020 B801      		movw r22,r16
 126 0022 C701      		movw r24,r14
 127 0024 4983      		std Y+1,r20
 128 0026 0E94 0000 		call USB_GetNextDescriptor
 129               	.LVL6:
  81:../../tmk_core/protocol/lufa/LUFA-git/LUFA/Drivers/USB/Core/ConfigDescriptors.c **** 
  82:../../tmk_core/protocol/lufa/LUFA-git/LUFA/Drivers/USB/Core/ConfigDescriptors.c **** 		if (DESCRIPTOR_TYPE(*CurrConfigLoc) == Type)
 130               		.loc 2 82 0
 131 002a D801      		movw r26,r16
 132 002c ED91      		ld r30,X+
 133 002e FC91      		ld r31,X
 134 0030 8181      		ldd r24,Z+1
 135 0032 4981      		ldd r20,Y+1
 136 0034 8413      		cpse r24,r20
 137 0036 00C0      		rjmp .L5
 138               	.L4:
 139               	/* epilogue start */
  83:../../tmk_core/protocol/lufa/LUFA-git/LUFA/Drivers/USB/Core/ConfigDescriptors.c **** 		  return;
  84:../../tmk_core/protocol/lufa/LUFA-git/LUFA/Drivers/USB/Core/ConfigDescriptors.c **** 	}
  85:../../tmk_core/protocol/lufa/LUFA-git/LUFA/Drivers/USB/Core/ConfigDescriptors.c **** }
 140               		.loc 2 85 0
 141 0038 0F90      		pop __tmp_reg__
 142 003a DF91      		pop r29
 143 003c CF91      		pop r28
 144 003e 1F91      		pop r17
 145 0040 0F91      		pop r16
 146               	.LVL7:
 147 0042 FF90      		pop r15
 148 0044 EF90      		pop r14
 149               	.LVL8:
 150 0046 0895      		ret
 151               		.cfi_endproc
 152               	.LFE88:
 154               		.section	.text.USB_GetNextDescriptorOfTypeBefore,"ax",@progbits
 155               	.global	USB_GetNextDescriptorOfTypeBefore
 157               	USB_GetNextDescriptorOfTypeBefore:
 158               	.LFB89:
  86:../../tmk_core/protocol/lufa/LUFA-git/LUFA/Drivers/USB/Core/ConfigDescriptors.c **** 
  87:../../tmk_core/protocol/lufa/LUFA-git/LUFA/Drivers/USB/Core/ConfigDescriptors.c **** void USB_GetNextDescriptorOfTypeBefore(uint16_t* const BytesRem,
  88:../../tmk_core/protocol/lufa/LUFA-git/LUFA/Drivers/USB/Core/ConfigDescriptors.c ****                                        void** const CurrConfigLoc,
  89:../../tmk_core/protocol/lufa/LUFA-git/LUFA/Drivers/USB/Core/ConfigDescriptors.c ****                                        const uint8_t Type,
  90:../../tmk_core/protocol/lufa/LUFA-git/LUFA/Drivers/USB/Core/ConfigDescriptors.c ****                                        const uint8_t BeforeType)
  91:../../tmk_core/protocol/lufa/LUFA-git/LUFA/Drivers/USB/Core/ConfigDescriptors.c **** {
 159               		.loc 2 91 0
 160               		.cfi_startproc
 161               	.LVL9:
 162 0000 EF92      		push r14
 163               	.LCFI10:
 164               		.cfi_def_cfa_offset 3
 165               		.cfi_offset 14, -2
 166 0002 FF92      		push r15
 167               	.LCFI11:
 168               		.cfi_def_cfa_offset 4
 169               		.cfi_offset 15, -3
 170 0004 0F93      		push r16
 171               	.LCFI12:
 172               		.cfi_def_cfa_offset 5
 173               		.cfi_offset 16, -4
 174 0006 1F93      		push r17
 175               	.LCFI13:
 176               		.cfi_def_cfa_offset 6
 177               		.cfi_offset 17, -5
 178 0008 CF93      		push r28
 179               	.LCFI14:
 180               		.cfi_def_cfa_offset 7
 181               		.cfi_offset 28, -6
 182 000a DF93      		push r29
 183               	.LCFI15:
 184               		.cfi_def_cfa_offset 8
 185               		.cfi_offset 29, -7
 186 000c 00D0      		rcall .
 187               	.LCFI16:
 188               		.cfi_def_cfa_offset 10
 189 000e CDB7      		in r28,__SP_L__
 190 0010 DEB7      		in r29,__SP_H__
 191               	.LCFI17:
 192               		.cfi_def_cfa_register 28
 193               	/* prologue: function */
 194               	/* frame size = 2 */
 195               	/* stack size = 8 */
 196               	.L__stack_usage = 8
 197 0012 7C01      		movw r14,r24
 198 0014 8B01      		movw r16,r22
 199               	.LVL10:
 200               	.L10:
  92:../../tmk_core/protocol/lufa/LUFA-git/LUFA/Drivers/USB/Core/ConfigDescriptors.c **** 	while (*BytesRem)
 201               		.loc 2 92 0 discriminator 1
 202 0016 D701      		movw r26,r14
 203 0018 8D91      		ld r24,X+
 204 001a 9C91      		ld r25,X
 205 001c 892B      		or r24,r25
 206 001e 01F0      		breq .L9
  93:../../tmk_core/protocol/lufa/LUFA-git/LUFA/Drivers/USB/Core/ConfigDescriptors.c **** 	{
  94:../../tmk_core/protocol/lufa/LUFA-git/LUFA/Drivers/USB/Core/ConfigDescriptors.c **** 		USB_GetNextDescriptor(BytesRem, CurrConfigLoc);
 207               		.loc 2 94 0
 208 0020 B801      		movw r22,r16
 209 0022 C701      		movw r24,r14
 210 0024 2A83      		std Y+2,r18
 211 0026 4983      		std Y+1,r20
 212 0028 0E94 0000 		call USB_GetNextDescriptor
 213               	.LVL11:
  95:../../tmk_core/protocol/lufa/LUFA-git/LUFA/Drivers/USB/Core/ConfigDescriptors.c **** 
  96:../../tmk_core/protocol/lufa/LUFA-git/LUFA/Drivers/USB/Core/ConfigDescriptors.c **** 		if (DESCRIPTOR_TYPE(*CurrConfigLoc) == Type)
 214               		.loc 2 96 0
 215 002c D801      		movw r26,r16
 216 002e ED91      		ld r30,X+
 217 0030 FC91      		ld r31,X
 218 0032 8181      		ldd r24,Z+1
 219 0034 4981      		ldd r20,Y+1
 220 0036 2A81      		ldd r18,Y+2
 221 0038 8417      		cp r24,r20
 222 003a 01F0      		breq .L9
  97:../../tmk_core/protocol/lufa/LUFA-git/LUFA/Drivers/USB/Core/ConfigDescriptors.c **** 		{
  98:../../tmk_core/protocol/lufa/LUFA-git/LUFA/Drivers/USB/Core/ConfigDescriptors.c **** 			return;
  99:../../tmk_core/protocol/lufa/LUFA-git/LUFA/Drivers/USB/Core/ConfigDescriptors.c **** 		}
 100:../../tmk_core/protocol/lufa/LUFA-git/LUFA/Drivers/USB/Core/ConfigDescriptors.c **** 		else if (DESCRIPTOR_TYPE(*CurrConfigLoc) == BeforeType)
 223               		.loc 2 100 0
 224 003c 8213      		cpse r24,r18
 225 003e 00C0      		rjmp .L10
 101:../../tmk_core/protocol/lufa/LUFA-git/LUFA/Drivers/USB/Core/ConfigDescriptors.c **** 		{
 102:../../tmk_core/protocol/lufa/LUFA-git/LUFA/Drivers/USB/Core/ConfigDescriptors.c **** 			*BytesRem = 0;
 226               		.loc 2 102 0
 227 0040 F701      		movw r30,r14
 228 0042 1182      		std Z+1,__zero_reg__
 229 0044 1082      		st Z,__zero_reg__
 230               	.L9:
 231               	/* epilogue start */
 103:../../tmk_core/protocol/lufa/LUFA-git/LUFA/Drivers/USB/Core/ConfigDescriptors.c **** 			return;
 104:../../tmk_core/protocol/lufa/LUFA-git/LUFA/Drivers/USB/Core/ConfigDescriptors.c **** 		}
 105:../../tmk_core/protocol/lufa/LUFA-git/LUFA/Drivers/USB/Core/ConfigDescriptors.c **** 	}
 106:../../tmk_core/protocol/lufa/LUFA-git/LUFA/Drivers/USB/Core/ConfigDescriptors.c **** }
 232               		.loc 2 106 0
 233 0046 0F90      		pop __tmp_reg__
 234 0048 0F90      		pop __tmp_reg__
 235 004a DF91      		pop r29
 236 004c CF91      		pop r28
 237 004e 1F91      		pop r17
 238 0050 0F91      		pop r16
 239               	.LVL12:
 240 0052 FF90      		pop r15
 241 0054 EF90      		pop r14
 242               	.LVL13:
 243 0056 0895      		ret
 244               		.cfi_endproc
 245               	.LFE89:
 247               		.section	.text.USB_GetNextDescriptorOfTypeAfter,"ax",@progbits
 248               	.global	USB_GetNextDescriptorOfTypeAfter
 250               	USB_GetNextDescriptorOfTypeAfter:
 251               	.LFB90:
 107:../../tmk_core/protocol/lufa/LUFA-git/LUFA/Drivers/USB/Core/ConfigDescriptors.c **** 
 108:../../tmk_core/protocol/lufa/LUFA-git/LUFA/Drivers/USB/Core/ConfigDescriptors.c **** void USB_GetNextDescriptorOfTypeAfter(uint16_t* const BytesRem,
 109:../../tmk_core/protocol/lufa/LUFA-git/LUFA/Drivers/USB/Core/ConfigDescriptors.c ****                                       void** const CurrConfigLoc,
 110:../../tmk_core/protocol/lufa/LUFA-git/LUFA/Drivers/USB/Core/ConfigDescriptors.c ****                                       const uint8_t Type,
 111:../../tmk_core/protocol/lufa/LUFA-git/LUFA/Drivers/USB/Core/ConfigDescriptors.c ****                                       const uint8_t AfterType)
 112:../../tmk_core/protocol/lufa/LUFA-git/LUFA/Drivers/USB/Core/ConfigDescriptors.c **** {
 252               		.loc 2 112 0
 253               		.cfi_startproc
 254               	.LVL14:
 255 0000 FF92      		push r15
 256               	.LCFI18:
 257               		.cfi_def_cfa_offset 3
 258               		.cfi_offset 15, -2
 259 0002 0F93      		push r16
 260               	.LCFI19:
 261               		.cfi_def_cfa_offset 4
 262               		.cfi_offset 16, -3
 263 0004 1F93      		push r17
 264               	.LCFI20:
 265               		.cfi_def_cfa_offset 5
 266               		.cfi_offset 17, -4
 267 0006 CF93      		push r28
 268               	.LCFI21:
 269               		.cfi_def_cfa_offset 6
 270               		.cfi_offset 28, -5
 271 0008 DF93      		push r29
 272               	.LCFI22:
 273               		.cfi_def_cfa_offset 7
 274               		.cfi_offset 29, -6
 275               	/* prologue: function */
 276               	/* frame size = 0 */
 277               	/* stack size = 5 */
 278               	.L__stack_usage = 5
 279 000a EC01      		movw r28,r24
 280 000c 8B01      		movw r16,r22
 281 000e F42E      		mov r15,r20
 113:../../tmk_core/protocol/lufa/LUFA-git/LUFA/Drivers/USB/Core/ConfigDescriptors.c **** 	USB_GetNextDescriptorOfType(BytesRem, CurrConfigLoc, AfterType);
 282               		.loc 2 113 0
 283 0010 422F      		mov r20,r18
 284               	.LVL15:
 285 0012 0E94 0000 		call USB_GetNextDescriptorOfType
 286               	.LVL16:
 114:../../tmk_core/protocol/lufa/LUFA-git/LUFA/Drivers/USB/Core/ConfigDescriptors.c **** 
 115:../../tmk_core/protocol/lufa/LUFA-git/LUFA/Drivers/USB/Core/ConfigDescriptors.c **** 	if (*BytesRem)
 287               		.loc 2 115 0
 288 0016 8881      		ld r24,Y
 289 0018 9981      		ldd r25,Y+1
 290 001a 892B      		or r24,r25
 291 001c 01F0      		breq .L16
 116:../../tmk_core/protocol/lufa/LUFA-git/LUFA/Drivers/USB/Core/ConfigDescriptors.c **** 	  USB_GetNextDescriptorOfType(BytesRem, CurrConfigLoc, Type);
 292               		.loc 2 116 0
 293 001e 4F2D      		mov r20,r15
 294 0020 B801      		movw r22,r16
 295 0022 CE01      		movw r24,r28
 296               	/* epilogue start */
 117:../../tmk_core/protocol/lufa/LUFA-git/LUFA/Drivers/USB/Core/ConfigDescriptors.c **** }
 297               		.loc 2 117 0
 298 0024 DF91      		pop r29
 299 0026 CF91      		pop r28
 300               	.LVL17:
 301 0028 1F91      		pop r17
 302 002a 0F91      		pop r16
 303               	.LVL18:
 304 002c FF90      		pop r15
 305               	.LVL19:
 116:../../tmk_core/protocol/lufa/LUFA-git/LUFA/Drivers/USB/Core/ConfigDescriptors.c **** 	  USB_GetNextDescriptorOfType(BytesRem, CurrConfigLoc, Type);
 306               		.loc 2 116 0
 307 002e 0C94 0000 		jmp USB_GetNextDescriptorOfType
 308               	.LVL20:
 309               	.L16:
 310               	/* epilogue start */
 311               		.loc 2 117 0
 312 0032 DF91      		pop r29
 313 0034 CF91      		pop r28
 314               	.LVL21:
 315 0036 1F91      		pop r17
 316 0038 0F91      		pop r16
 317               	.LVL22:
 318 003a FF90      		pop r15
 319               	.LVL23:
 320 003c 0895      		ret
 321               		.cfi_endproc
 322               	.LFE90:
 324               		.section	.text.USB_GetNextDescriptorComp,"ax",@progbits
 325               	.global	USB_GetNextDescriptorComp
 327               	USB_GetNextDescriptorComp:
 328               	.LFB91:
 118:../../tmk_core/protocol/lufa/LUFA-git/LUFA/Drivers/USB/Core/ConfigDescriptors.c **** 
 119:../../tmk_core/protocol/lufa/LUFA-git/LUFA/Drivers/USB/Core/ConfigDescriptors.c **** uint8_t USB_GetNextDescriptorComp(uint16_t* const BytesRem,
 120:../../tmk_core/protocol/lufa/LUFA-git/LUFA/Drivers/USB/Core/ConfigDescriptors.c ****                                   void** const CurrConfigLoc,
 121:../../tmk_core/protocol/lufa/LUFA-git/LUFA/Drivers/USB/Core/ConfigDescriptors.c ****                                   ConfigComparatorPtr_t const ComparatorRoutine)
 122:../../tmk_core/protocol/lufa/LUFA-git/LUFA/Drivers/USB/Core/ConfigDescriptors.c **** {
 329               		.loc 2 122 0
 330               		.cfi_startproc
 331               	.LVL24:
 332 0000 AF92      		push r10
 333               	.LCFI23:
 334               		.cfi_def_cfa_offset 3
 335               		.cfi_offset 10, -2
 336 0002 BF92      		push r11
 337               	.LCFI24:
 338               		.cfi_def_cfa_offset 4
 339               		.cfi_offset 11, -3
 340 0004 CF92      		push r12
 341               	.LCFI25:
 342               		.cfi_def_cfa_offset 5
 343               		.cfi_offset 12, -4
 344 0006 DF92      		push r13
 345               	.LCFI26:
 346               		.cfi_def_cfa_offset 6
 347               		.cfi_offset 13, -5
 348 0008 EF92      		push r14
 349               	.LCFI27:
 350               		.cfi_def_cfa_offset 7
 351               		.cfi_offset 14, -6
 352 000a FF92      		push r15
 353               	.LCFI28:
 354               		.cfi_def_cfa_offset 8
 355               		.cfi_offset 15, -7
 356 000c 0F93      		push r16
 357               	.LCFI29:
 358               		.cfi_def_cfa_offset 9
 359               		.cfi_offset 16, -8
 360 000e 1F93      		push r17
 361               	.LCFI30:
 362               		.cfi_def_cfa_offset 10
 363               		.cfi_offset 17, -9
 364 0010 CF93      		push r28
 365               	.LCFI31:
 366               		.cfi_def_cfa_offset 11
 367               		.cfi_offset 28, -10
 368 0012 DF93      		push r29
 369               	.LCFI32:
 370               		.cfi_def_cfa_offset 12
 371               		.cfi_offset 29, -11
 372               	/* prologue: function */
 373               	/* frame size = 0 */
 374               	/* stack size = 10 */
 375               	.L__stack_usage = 10
 376 0014 8C01      		movw r16,r24
 377 0016 EB01      		movw r28,r22
 378 0018 6A01      		movw r12,r20
 379               	.LVL25:
 380               	.L19:
 123:../../tmk_core/protocol/lufa/LUFA-git/LUFA/Drivers/USB/Core/ConfigDescriptors.c **** 	uint8_t ErrorCode;
 124:../../tmk_core/protocol/lufa/LUFA-git/LUFA/Drivers/USB/Core/ConfigDescriptors.c **** 
 125:../../tmk_core/protocol/lufa/LUFA-git/LUFA/Drivers/USB/Core/ConfigDescriptors.c **** 	while (*BytesRem)
 381               		.loc 2 125 0 discriminator 1
 382 001a F801      		movw r30,r16
 383 001c E080      		ld r14,Z
 384 001e F180      		ldd r15,Z+1
 385 0020 E114      		cp r14,__zero_reg__
 386 0022 F104      		cpc r15,__zero_reg__
 387 0024 01F0      		breq .L25
 388               	.LBB2:
 126:../../tmk_core/protocol/lufa/LUFA-git/LUFA/Drivers/USB/Core/ConfigDescriptors.c **** 	{
 127:../../tmk_core/protocol/lufa/LUFA-git/LUFA/Drivers/USB/Core/ConfigDescriptors.c **** 		uint8_t* PrevDescLoc  = *CurrConfigLoc;
 389               		.loc 2 127 0
 390 0026 A880      		ld r10,Y
 391 0028 B980      		ldd r11,Y+1
 392               	.LVL26:
 128:../../tmk_core/protocol/lufa/LUFA-git/LUFA/Drivers/USB/Core/ConfigDescriptors.c **** 		uint16_t PrevBytesRem = *BytesRem;
 129:../../tmk_core/protocol/lufa/LUFA-git/LUFA/Drivers/USB/Core/ConfigDescriptors.c **** 
 130:../../tmk_core/protocol/lufa/LUFA-git/LUFA/Drivers/USB/Core/ConfigDescriptors.c **** 		USB_GetNextDescriptor(BytesRem, CurrConfigLoc);
 393               		.loc 2 130 0
 394 002a BE01      		movw r22,r28
 395 002c C801      		movw r24,r16
 396 002e 0E94 0000 		call USB_GetNextDescriptor
 397               	.LVL27:
 131:../../tmk_core/protocol/lufa/LUFA-git/LUFA/Drivers/USB/Core/ConfigDescriptors.c **** 
 132:../../tmk_core/protocol/lufa/LUFA-git/LUFA/Drivers/USB/Core/ConfigDescriptors.c **** 		if ((ErrorCode = ComparatorRoutine(*CurrConfigLoc)) != DESCRIPTOR_SEARCH_NotFound)
 398               		.loc 2 132 0
 399 0032 8881      		ld r24,Y
 400 0034 9981      		ldd r25,Y+1
 401 0036 F601      		movw r30,r12
 402 0038 0995      		icall
 403               	.LVL28:
 404 003a 8230      		cpi r24,lo8(2)
 405 003c 01F0      		breq .L19
 133:../../tmk_core/protocol/lufa/LUFA-git/LUFA/Drivers/USB/Core/ConfigDescriptors.c **** 		{
 134:../../tmk_core/protocol/lufa/LUFA-git/LUFA/Drivers/USB/Core/ConfigDescriptors.c **** 			if (ErrorCode == DESCRIPTOR_SEARCH_Fail)
 406               		.loc 2 134 0
 407 003e 8130      		cpi r24,lo8(1)
 408 0040 01F4      		brne .L21
 135:../../tmk_core/protocol/lufa/LUFA-git/LUFA/Drivers/USB/Core/ConfigDescriptors.c **** 			{
 136:../../tmk_core/protocol/lufa/LUFA-git/LUFA/Drivers/USB/Core/ConfigDescriptors.c **** 				*CurrConfigLoc = PrevDescLoc;
 409               		.loc 2 136 0
 410 0042 B982      		std Y+1,r11
 411 0044 A882      		st Y,r10
 137:../../tmk_core/protocol/lufa/LUFA-git/LUFA/Drivers/USB/Core/ConfigDescriptors.c **** 				*BytesRem      = PrevBytesRem;
 412               		.loc 2 137 0
 413 0046 F801      		movw r30,r16
 414 0048 F182      		std Z+1,r15
 415 004a E082      		st Z,r14
 416 004c 00C0      		rjmp .L21
 417               	.LVL29:
 418               	.L25:
 419               	.LBE2:
 138:../../tmk_core/protocol/lufa/LUFA-git/LUFA/Drivers/USB/Core/ConfigDescriptors.c **** 			}
 139:../../tmk_core/protocol/lufa/LUFA-git/LUFA/Drivers/USB/Core/ConfigDescriptors.c **** 
 140:../../tmk_core/protocol/lufa/LUFA-git/LUFA/Drivers/USB/Core/ConfigDescriptors.c **** 			return ErrorCode;
 141:../../tmk_core/protocol/lufa/LUFA-git/LUFA/Drivers/USB/Core/ConfigDescriptors.c **** 		}
 142:../../tmk_core/protocol/lufa/LUFA-git/LUFA/Drivers/USB/Core/ConfigDescriptors.c **** 	}
 143:../../tmk_core/protocol/lufa/LUFA-git/LUFA/Drivers/USB/Core/ConfigDescriptors.c **** 
 144:../../tmk_core/protocol/lufa/LUFA-git/LUFA/Drivers/USB/Core/ConfigDescriptors.c **** 	return DESCRIPTOR_SEARCH_COMP_EndOfDescriptor;
 420               		.loc 2 144 0
 421 004e 82E0      		ldi r24,lo8(2)
 422               	.L21:
 423               	/* epilogue start */
 145:../../tmk_core/protocol/lufa/LUFA-git/LUFA/Drivers/USB/Core/ConfigDescriptors.c **** }
 424               		.loc 2 145 0
 425 0050 DF91      		pop r29
 426 0052 CF91      		pop r28
 427               	.LVL30:
 428 0054 1F91      		pop r17
 429 0056 0F91      		pop r16
 430               	.LVL31:
 431 0058 FF90      		pop r15
 432 005a EF90      		pop r14
 433 005c DF90      		pop r13
 434 005e CF90      		pop r12
 435               	.LVL32:
 436 0060 BF90      		pop r11
 437 0062 AF90      		pop r10
 438 0064 0895      		ret
 439               		.cfi_endproc
 440               	.LFE91:
 442               		.text
 443               	.Letext0:
 444               		.file 3 "c:\\program files (x86)\\mhv avr tools\\avr\\include\\stdint.h"
 445               		.file 4 "../../tmk_core/protocol/lufa/LUFA-git/LUFA/Drivers/USB/Core/AVR8/../StdDescriptors.h"
DEFINED SYMBOLS
                            *ABS*:00000000 ConfigDescriptors.c
C:\msys64\tmp\ccWjxPBm.s:2      *ABS*:0000003e __SP_H__
C:\msys64\tmp\ccWjxPBm.s:3      *ABS*:0000003d __SP_L__
C:\msys64\tmp\ccWjxPBm.s:4      *ABS*:0000003f __SREG__
C:\msys64\tmp\ccWjxPBm.s:5      *ABS*:0000003b __RAMPZ__
C:\msys64\tmp\ccWjxPBm.s:6      *ABS*:00000000 __tmp_reg__
C:\msys64\tmp\ccWjxPBm.s:7      *ABS*:00000001 __zero_reg__
C:\msys64\tmp\ccWjxPBm.s:13     .text.USB_GetNextDescriptor:00000000 USB_GetNextDescriptor
C:\msys64\tmp\ccWjxPBm.s:73     .text.USB_GetNextDescriptorOfType:00000000 USB_GetNextDescriptorOfType
C:\msys64\tmp\ccWjxPBm.s:157    .text.USB_GetNextDescriptorOfTypeBefore:00000000 USB_GetNextDescriptorOfTypeBefore
C:\msys64\tmp\ccWjxPBm.s:250    .text.USB_GetNextDescriptorOfTypeAfter:00000000 USB_GetNextDescriptorOfTypeAfter
C:\msys64\tmp\ccWjxPBm.s:327    .text.USB_GetNextDescriptorComp:00000000 USB_GetNextDescriptorComp

NO UNDEFINED SYMBOLS
